Seed set to 44
[08/23/2025 11:11:25 PM fastprop.cli.train] INFO: Run 'tensorboard --logdir runs/fastprop_hte_rates/final_ensemble/seed44/fastprop_1755990683/tensorboard_logs' to track training progress.
[08/23/2025 11:11:25 PM fastprop.cli.train] INFO: Training model 1 of 1 (random_seed=44)
/home/passos/ml_measurable_hte_rates/.venv/lib/python3.9/site-packages/astartes/samplers/extrapolation/scaffold.py:48: NoMatchingScaffold: No matching scaffold was found for the 18 molecules corresponding to indices {707, 325, 359, 424, 458, 810, 332, 842, 1035, 719, 432, 726, 822, 854, 313, 347, 412, 447}
  warnings.warn(
[08/23/2025 11:11:26 PM fastprop.cli.train] INFO: Model architecture:
{fastprop(
  (fnn): Sequential(
    (clamp): ClampN(n=3)
    (lin1): Linear(in_features=1613, out_features=2200, bias=True)
    (act1): ReLU()
    (lin2): Linear(in_features=2200, out_features=2200, bias=True)
    (act2): ReLU()
    (lin3): Linear(in_features=2200, out_features=2200, bias=True)
  )
  (readout): Linear(in_features=2200, out_features=1, bias=True)
)}
Using bfloat16 Automatic Mixed Precision (AMP)
GPU available: True (cuda), used: True
TPU available: False, using: 0 TPU cores
HPU available: False, using: 0 HPUs
LOCAL_RANK: 0 - CUDA_VISIBLE_DEVICES: [2]
[08/23/2025 11:11:39 PM fastprop.model] INFO: Elapsed time during training: 0:00:13.664760
[08/23/2025 11:11:39 PM fastprop.model] INFO: Reloading best model from checkpoint file: /home/passos/ml_measurable_hte_rates/runs/fastprop_hte_rates/final_ensemble/seed44/fastprop_1755990683/checkpoints/repetition-1-epoch=26-val_loss=0.00.ckpt
LOCAL_RANK: 0 - CUDA_VISIBLE_DEVICES: [2]
LOCAL_RANK: 0 - CUDA_VISIBLE_DEVICES: [2]
[08/23/2025 11:11:40 PM fastprop.model] INFO: Displaying validation results for repetition 1:
                                                             value
validation_mse_scaled_loss                                0.418165
validation_r2_score                                       0.632872
validation_mean_absolute_percentage_error_score           0.338403
validation_weighted_mean_absolute_percentage_error_score  0.206588
validation_mean_absolute_error_score                      0.383207
validation_root_mean_squared_error_loss                   0.550717
[08/23/2025 11:11:40 PM fastprop.model] INFO: Displaying validation results for repetition 1:
                                                       value
test_mse_scaled_loss                                0.529116
test_r2_score                                       0.484953
test_mean_absolute_percentage_error_score           0.444099
test_weighted_mean_absolute_percentage_error_score  0.235453
test_mean_absolute_error_score                      0.460969
test_root_mean_squared_error_loss                   0.619484
[08/23/2025 11:11:40 PM fastprop.cli.train] INFO: Displaying validation results:
                                                          count      mean  std       min       25%       50%       75%       max
validation_mse_scaled_loss                                  1.0  0.418165  NaN  0.418165  0.418165  0.418165  0.418165  0.418165
validation_r2_score                                         1.0  0.632872  NaN  0.632872  0.632872  0.632872  0.632872  0.632872
validation_mean_absolute_percentage_error_score             1.0  0.338403  NaN  0.338403  0.338403  0.338403  0.338403  0.338403
validation_weighted_mean_absolute_percentage_error_score    1.0  0.206588  NaN  0.206588  0.206588  0.206588  0.206588  0.206588
validation_mean_absolute_error_score                        1.0  0.383207  NaN  0.383207  0.383207  0.383207  0.383207  0.383207
validation_root_mean_squared_error_loss                     1.0  0.550717  NaN  0.550717  0.550717  0.550717  0.550717  0.550717
[08/23/2025 11:11:40 PM fastprop.cli.train] INFO: Displaying testing results:
                                                    count      mean  std       min       25%       50%       75%       max
test_mse_scaled_loss                                  1.0  0.529116  NaN  0.529116  0.529116  0.529116  0.529116  0.529116
test_r2_score                                         1.0  0.484953  NaN  0.484953  0.484953  0.484953  0.484953  0.484953
test_mean_absolute_percentage_error_score             1.0  0.444099  NaN  0.444099  0.444099  0.444099  0.444099  0.444099
test_weighted_mean_absolute_percentage_error_score    1.0  0.235453  NaN  0.235453  0.235453  0.235453  0.235453  0.235453
test_mean_absolute_error_score                        1.0  0.460969  NaN  0.460969  0.460969  0.460969  0.460969  0.460969
test_root_mean_squared_error_loss                     1.0  0.619484  NaN  0.619484  0.619484  0.619484  0.619484  0.619484
[08/23/2025 11:11:40 PM fastprop.cli.train] INFO: fastprop is unable to generate statistics to check for overfitting, consider increasing 'num_repeats' to at least 2.
[08/23/2025 11:11:40 PM fastprop.cli.base] INFO: If you use fastprop in published work, please cite https://doi.org/10.1186/s13321-025-01013-4
[08/23/2025 11:11:40 PM fastprop.cli.base] INFO: Total elapsed time: 0:00:17.288279
