/home/passos/ml_measurable_hte_rates/regression-transformer/optuna_rt_optimization.py:319: FutureWarning: JournalFileStorage has been deprecated in v4.0.0. This feature will be removed in v6.0.0. See https://github.com/optuna/optuna/releases/tag/v4.0.0. Use :class:`~optuna.storages.journal.JournalFileBackend` instead.
  storage = JournalStorage(JournalFileStorage(journal_path))
INFO:optuna_rt_optimization:Using Optuna JournalStorage at runs/optuna_journal/rt_hte.journal
[I 2025-08-20 19:58:31,161] Using an existing study with name 'rt_hte_optimization' instead of creating a new one.
INFO:optuna_rt_optimization:Starting Optuna optimization with 36 trials
  0%|          | 0/36 [00:00<?, ?it/s]                                      [W 2025-08-20 19:58:31,169] Trial 3 failed with parameters: {'learning_rate': 2.8057582076672495e-05, 'batch_size': 4, 'num_epochs': 8, 'dropout': 0.06742508365045984, 'n_layers': 10, 'd_model': 512, 'd_inner': 512, 'n_head': 16, 'warmup_steps': 105, 'gradient_clip': 1.1479175279631737} because of the following error: FileNotFoundError(2, 'No such file or directory').
Traceback (most recent call last):
  File "/home/passos/mambaforge/envs/terminator/lib/python3.7/site-packages/optuna/study/_optimize.py", line 197, in _run_trial
    value_or_values = func(trial)
  File "/home/passos/ml_measurable_hte_rates/regression-transformer/optuna_rt_optimization.py", line 96, in objective
    dropout=dropout
  File "/home/passos/ml_measurable_hte_rates/regression-transformer/optuna_rt_optimization.py", line 129, in _create_config
    with open(self.base_config, 'r') as f:
FileNotFoundError: [Errno 2] No such file or directory: 'configs/rt_hte_fixed.json'
  0%|          | 0/36 [00:00<?, ?it/s]                                      [W 2025-08-20 19:58:31,170] Trial 3 failed with value None.
  0%|          | 0/36 [00:00<?, ?it/s]  0%|          | 0/36 [00:00<?, ?it/s]
Traceback (most recent call last):
  File "<string>", line 1, in <module>
  File "/home/passos/ml_measurable_hte_rates/regression-transformer/optuna_rt_optimization.py", line 338, in optimize
    show_progress_bar=True
  File "/home/passos/mambaforge/envs/terminator/lib/python3.7/site-packages/optuna/study/study.py", line 484, in optimize
    show_progress_bar=show_progress_bar,
  File "/home/passos/mambaforge/envs/terminator/lib/python3.7/site-packages/optuna/study/_optimize.py", line 73, in _optimize
    progress_bar=progress_bar,
  File "/home/passos/mambaforge/envs/terminator/lib/python3.7/site-packages/optuna/study/_optimize.py", line 160, in _optimize_sequential
    frozen_trial = _run_trial(study, func, catch)
  File "/home/passos/mambaforge/envs/terminator/lib/python3.7/site-packages/optuna/study/_optimize.py", line 248, in _run_trial
    raise func_err
  File "/home/passos/mambaforge/envs/terminator/lib/python3.7/site-packages/optuna/study/_optimize.py", line 197, in _run_trial
    value_or_values = func(trial)
  File "/home/passos/ml_measurable_hte_rates/regression-transformer/optuna_rt_optimization.py", line 96, in objective
    dropout=dropout
  File "/home/passos/ml_measurable_hte_rates/regression-transformer/optuna_rt_optimization.py", line 129, in _create_config
    with open(self.base_config, 'r') as f:
FileNotFoundError: [Errno 2] No such file or directory: 'configs/rt_hte_fixed.json'
