=== ML Measurable HTE Rate Bias Analysis ===

==================================================
Running HTE Prediction Analysis: each with 8 features
==================================================

=== Loading Data ===
Number of HTE rates: 1031
Found 5 hydrogen-dependent features: ['num_Hs', 'BV_Hs_avg', 'Charges_Hs_avg', 'fukui_E_Hs_avg', 'fukui_N_Hs_avg']
Found 2 pKa-dependent features: ['pka_aHs', 'pka_lowest']
Found 26 heteroatom-dependent features: ['BV_main_1', 'Charges_main_atom', 'fukui_E_main_atom', 'fukui_N_main_atom', 'L_main_atom_1', 'L_main_atom_2', 'B1_main_atom_1', 'B1_main_atom_2', 'B5_main_atom_1', 'B5_main_atom_2', 'Charges_secondary_1', 'Charges_secondary_2', 'fukui_N_secondary_1', 'fukui_N_secondary_2', 'Charges_secondary_avg', 'fukui_N_secondary_avg', 'FCS_1', 'FREQS_1', 'FCS_2', 'FREQS_2', 'FCS_avg', 'FREQS_avg', 'BV_Hs_avg', 'Charges_Hs_avg', 'fukui_E_Hs_avg', 'fukui_N_Hs_avg']

Processing num_Hs conditional features...
  18/46 molecules meet condition num_Hs
    num_Hs: 0 -> 0 NA values
    BV_Hs_avg: 28 -> 0 NA values
    Charges_Hs_avg: 28 -> 0 NA values
    fukui_E_Hs_avg: 28 -> 0 NA values
    fukui_N_Hs_avg: 28 -> 0 NA values

Processing pKa_features conditional features...
  18/46 molecules meet condition pKa_features
    Processing pKa feature pka_aHs with special handling...
      Created indicator: has_acidic_H_for_pka_aHs
      Created interaction: pka_aHs_x_has_acidic_H
      Used 50.0 for molecules without acidic H
    pka_aHs: 28 -> 0 NA values
    Processing pKa feature pka_lowest with special handling...
      Created indicator: has_acidic_H_for_pka_lowest
      Created interaction: pka_lowest_x_has_acidic_H
      Used 50.0 for molecules without acidic H
    pka_lowest: 38 -> 0 NA values

Handling remaining NA values...

Encoding categorical features...
  Removed identifier feature: name
  Found categorical feature class with 4 unique values: ['aromatic' 'hetero' 'aliphatic' 'mixture']
    One-hot encoded class -> 4 features: ['class_aliphatic', 'class_aromatic', 'class_hetero', 'class_mixture']
  Removed identifier feature: smiles
  Processed 1 categorical features
  Removed 2 identifier features: ['name', 'smiles']

Creating feature quality indicators...
  Added indicator: has_num_Hs
  Added indicator: has_pKa_features
Preprocessing complete. Shape: (46, 65)
Remaining NA values: 0
Found 1 pKa-dependent features: ['pka_basic']
Warning: num_Hs column not found, cannot properly handle pKa features
Found 15 heteroatom-dependent features: ['BV_main_1', 'Charges_main_atom', 'fukui_E_main_atom', 'fukui_N_main_atom', 'L_main_atom_1', 'B1_main_atom_1', 'B5_main_atom_1', 'Charges_secondary_1', 'fukui_N_secondary_1', 'Charges_secondary_avg', 'fukui_N_secondary_avg', 'FCS_1', 'FREQS_1', 'FCS_avg', 'FREQS_avg']

Handling remaining NA values...
  pka_basic: Filled 1 NA values with median/zero
  smiles: Filled 1 NA values with mode/unknown
  class: Filled 1 NA values with mode/unknown

Encoding categorical features...
  Removed identifier feature: name
  Removed identifier feature: smiles
  Found categorical feature class with 5 unique values: ['1_aliphatic' '1_aromatic' '2_aliphatic' '1_mixture' '2_mixture']
    One-hot encoded class -> 5 features: ['class_1_aliphatic', 'class_1_aromatic', 'class_1_mixture', 'class_2_aliphatic', 'class_2_mixture']
  Processed 1 categorical features
  Removed 2 identifier features: ['name', 'smiles']

Creating feature quality indicators...
Preprocessing complete. Shape: (55, 40)
Remaining NA values: 0
Loaded reaction energy features: 1488 rows, 8 features

=== Selecting Features (selected) ===
Final selected features (8): ['amine_class_1_mixture', 'acyl_Charges_secondary_1', 'amine_Charges_secondary_1', 'amine_BV_secondary_avg', 'acyl_BV_secondary_2', 'acyl_class_aromatic', 'amine_pka_basic', 'acyl_pka_aHs_x_has_acidic_H']
=== Building HTE Prediction Models with 8 features ===
Selected features: ['amine_class_1_mixture', 'acyl_Charges_secondary_1', 'amine_Charges_secondary_1', 'amine_BV_secondary_avg', 'acyl_BV_secondary_2', 'acyl_class_aromatic', 'amine_pka_basic', 'acyl_pka_aHs_x_has_acidic_H']
Valid features: 17
=== Building Regression Model ===
Regression dataset: (1031, 17)
Target range: -1.418 to 4.010


Training data: 619 samples
Test data: 206 samples


SFS (regression) failed, using provided features. Error: n_features_to_select must be < n_features.
Running hyperparameter optimization for regression...
[I 2025-08-20 00:07:31,558] A new study created in memory with name: no-name-50ede1d0-3514-4d31-b449-ba55045e92cc
[I 2025-08-20 00:07:32,691] Trial 0 finished with value: 0.716765362946626 and parameters: {'model_type': 'xgb', 'n_estimators': 198, 'max_depth': 7, 'learning_rate': 0.22983014836099713}. Best is trial 0 with value: 0.716765362946626.
[I 2025-08-20 00:07:33,160] Trial 1 finished with value: 0.7648911022971594 and parameters: {'model_type': 'rf', 'n_estimators': 135, 'max_depth': 15, 'min_samples_split': 4}. Best is trial 1 with value: 0.7648911022971594.
[I 2025-08-20 00:07:33,860] Trial 2 finished with value: 0.7598143229984012 and parameters: {'model_type': 'xgb', 'n_estimators': 151, 'max_depth': 6, 'learning_rate': 0.2704194534162953}. Best is trial 1 with value: 0.7648911022971594.
[I 2025-08-20 00:07:34,147] Trial 3 finished with value: 0.6948040912870813 and parameters: {'model_type': 'lgbm', 'n_estimators': 120, 'max_depth': 8, 'learning_rate': 0.28777057672358025}. Best is trial 1 with value: 0.7648911022971594.
[I 2025-08-20 00:07:35,546] Trial 4 finished with value: 0.6775123485344405 and parameters: {'model_type': 'xgb', 'n_estimators': 175, 'max_depth': 9, 'learning_rate': 0.07164345448437431}. Best is trial 1 with value: 0.7648911022971594.
[I 2025-08-20 00:07:35,708] Trial 5 finished with value: 0.7409994775863818 and parameters: {'model_type': 'lgbm', 'n_estimators': 142, 'max_depth': 5, 'learning_rate': 0.0797609251948922}. Best is trial 1 with value: 0.7648911022971594.
[I 2025-08-20 00:07:36,233] Trial 6 finished with value: 0.7085670155501753 and parameters: {'model_type': 'xgb', 'n_estimators': 85, 'max_depth': 8, 'learning_rate': 0.1293639348472892}. Best is trial 1 with value: 0.7648911022971594.
[I 2025-08-20 00:07:36,385] Trial 7 finished with value: 0.7341834993973722 and parameters: {'model_type': 'xgb', 'n_estimators': 96, 'max_depth': 3, 'learning_rate': 0.25141319879759744}. Best is trial 1 with value: 0.7648911022971594.
[I 2025-08-20 00:07:36,502] Trial 8 finished with value: 0.692424215515925 and parameters: {'model_type': 'rf', 'n_estimators': 53, 'max_depth': 5, 'min_samples_split': 4}. Best is trial 1 with value: 0.7648911022971594.
[I 2025-08-20 00:07:36,610] Trial 9 finished with value: 0.7251078558169635 and parameters: {'model_type': 'lgbm', 'n_estimators': 181, 'max_depth': 3, 'learning_rate': 0.20762223727727874}. Best is trial 1 with value: 0.7648911022971594.
[I 2025-08-20 00:07:37,044] Trial 10 finished with value: 0.7604646450778272 and parameters: {'model_type': 'rf', 'n_estimators': 114, 'max_depth': 14, 'min_samples_split': 2}. Best is trial 1 with value: 0.7648911022971594.
[I 2025-08-20 00:07:37,479] Trial 11 finished with value: 0.7597867253765171 and parameters: {'model_type': 'rf', 'n_estimators': 115, 'max_depth': 15, 'min_samples_split': 2}. Best is trial 1 with value: 0.7648911022971594.
[I 2025-08-20 00:07:37,984] Trial 12 finished with value: 0.7620574864060344 and parameters: {'model_type': 'rf', 'n_estimators': 137, 'max_depth': 15, 'min_samples_split': 3}. Best is trial 1 with value: 0.7648911022971594.
[I 2025-08-20 00:07:37,998] Trial 13 finished with value: 0.5277611426228735 and parameters: {'model_type': 'bayesian_ridge', 'alpha_1': 0.0004788455656483032, 'alpha_2': 0.0009776633357865484, 'lambda_1': 0.00014875832242761388, 'lambda_2': 0.0009558161030292926}. Best is trial 1 with value: 0.7648911022971594.
[I 2025-08-20 00:07:38,450] Trial 14 finished with value: 0.7612352047783622 and parameters: {'model_type': 'rf', 'n_estimators': 147, 'max_depth': 12, 'min_samples_split': 8}. Best is trial 1 with value: 0.7648911022971594.
[I 2025-08-20 00:07:38,977] Trial 15 finished with value: 0.7626268182025344 and parameters: {'model_type': 'rf', 'n_estimators': 161, 'max_depth': 12, 'min_samples_split': 5}. Best is trial 1 with value: 0.7648911022971594.
[I 2025-08-20 00:07:38,986] Trial 16 finished with value: 0.5277837416945114 and parameters: {'model_type': 'bayesian_ridge', 'alpha_1': 0.0009221854256235131, 'alpha_2': 3.169404162052324e-05, 'lambda_1': 0.0009862820510803737, 'lambda_2': 3.1728769937889396e-05}. Best is trial 1 with value: 0.7648911022971594.
[I 2025-08-20 00:07:39,517] Trial 17 finished with value: 0.7607576516699677 and parameters: {'model_type': 'rf', 'n_estimators': 166, 'max_depth': 12, 'min_samples_split': 6}. Best is trial 1 with value: 0.7648911022971594.
[I 2025-08-20 00:07:40,040] Trial 18 finished with value: 0.7633001213690551 and parameters: {'model_type': 'rf', 'n_estimators': 160, 'max_depth': 12, 'min_samples_split': 5}. Best is trial 1 with value: 0.7648911022971594.
[I 2025-08-20 00:07:40,661] Trial 19 finished with value: 0.7600358785740017 and parameters: {'model_type': 'rf', 'n_estimators': 199, 'max_depth': 13, 'min_samples_split': 8}. Best is trial 1 with value: 0.7648911022971594.
[I 2025-08-20 00:07:40,672] Trial 20 finished with value: 0.5277729660866173 and parameters: {'model_type': 'bayesian_ridge', 'alpha_1': 5.631756488731353e-05, 'alpha_2': 0.0005134421097225774, 'lambda_1': 0.0007269889434660369, 'lambda_2': 0.0004756110935151799}. Best is trial 1 with value: 0.7648911022971594.
[I 2025-08-20 00:07:41,193] Trial 21 finished with value: 0.7609144741944827 and parameters: {'model_type': 'rf', 'n_estimators': 162, 'max_depth': 11, 'min_samples_split': 5}. Best is trial 1 with value: 0.7648911022971594.
[I 2025-08-20 00:07:41,622] Trial 22 finished with value: 0.7623851652492439 and parameters: {'model_type': 'rf', 'n_estimators': 133, 'max_depth': 11, 'min_samples_split': 5}. Best is trial 1 with value: 0.7648911022971594.
[I 2025-08-20 00:07:42,104] Trial 23 finished with value: 0.7606030886983439 and parameters: {'model_type': 'rf', 'n_estimators': 157, 'max_depth': 10, 'min_samples_split': 6}. Best is trial 1 with value: 0.7648911022971594.
[I 2025-08-20 00:07:42,720] Trial 24 finished with value: 0.7616931465024444 and parameters: {'model_type': 'rf', 'n_estimators': 182, 'max_depth': 13, 'min_samples_split': 4}. Best is trial 1 with value: 0.7648911022971594.
[I 2025-08-20 00:07:43,020] Trial 25 finished with value: 0.752411287411654 and parameters: {'model_type': 'rf', 'n_estimators': 99, 'max_depth': 14, 'min_samples_split': 10}. Best is trial 1 with value: 0.7648911022971594.
[I 2025-08-20 00:07:43,589] Trial 26 finished with value: 0.7622244780920386 and parameters: {'model_type': 'rf', 'n_estimators': 168, 'max_depth': 13, 'min_samples_split': 4}. Best is trial 1 with value: 0.7648911022971594.
[I 2025-08-20 00:07:43,976] Trial 27 finished with value: 0.7582331012342988 and parameters: {'model_type': 'rf', 'n_estimators': 129, 'max_depth': 10, 'min_samples_split': 7}. Best is trial 1 with value: 0.7648911022971594.
[I 2025-08-20 00:07:44,347] Trial 28 finished with value: 0.7233655614940142 and parameters: {'model_type': 'lgbm', 'n_estimators': 151, 'max_depth': 8, 'learning_rate': 0.010094553781292454}. Best is trial 1 with value: 0.7648911022971594.
[I 2025-08-20 00:07:44,358] Trial 29 finished with value: 0.5277602252602602 and parameters: {'model_type': 'bayesian_ridge', 'alpha_1': 0.0009099329236771964, 'alpha_2': 5.315520454145912e-06, 'lambda_1': 2.0792881289164312e-05, 'lambda_2': 0.0009891436615113033}. Best is trial 1 with value: 0.7648911022971594.
[I 2025-08-20 00:07:44,995] Trial 30 finished with value: 0.7633730998753129 and parameters: {'model_type': 'rf', 'n_estimators': 191, 'max_depth': 14, 'min_samples_split': 5}. Best is trial 1 with value: 0.7648911022971594.
[I 2025-08-20 00:07:45,615] Trial 31 finished with value: 0.763154791213039 and parameters: {'model_type': 'rf', 'n_estimators': 187, 'max_depth': 14, 'min_samples_split': 5}. Best is trial 1 with value: 0.7648911022971594.
[I 2025-08-20 00:07:46,227] Trial 32 finished with value: 0.7630797926356053 and parameters: {'model_type': 'rf', 'n_estimators': 183, 'max_depth': 15, 'min_samples_split': 5}. Best is trial 1 with value: 0.7648911022971594.
[I 2025-08-20 00:07:46,872] Trial 33 finished with value: 0.7627056802816418 and parameters: {'model_type': 'rf', 'n_estimators': 191, 'max_depth': 14, 'min_samples_split': 4}. Best is trial 1 with value: 0.7648911022971594.
[I 2025-08-20 00:07:47,947] Trial 34 finished with value: 0.6810512927885379 and parameters: {'model_type': 'xgb', 'n_estimators': 192, 'max_depth': 9, 'learning_rate': 0.17010923262094618}. Best is trial 1 with value: 0.7648911022971594.
[I 2025-08-20 00:07:48,567] Trial 35 finished with value: 0.7643152679846641 and parameters: {'model_type': 'rf', 'n_estimators': 174, 'max_depth': 14, 'min_samples_split': 3}. Best is trial 1 with value: 0.7648911022971594.
[I 2025-08-20 00:07:48,941] Trial 36 finished with value: 0.7628005627149606 and parameters: {'model_type': 'lgbm', 'n_estimators': 175, 'max_depth': 7, 'learning_rate': 0.015691149083184863}. Best is trial 1 with value: 0.7648911022971594.
[I 2025-08-20 00:07:50,325] Trial 37 finished with value: 0.6911807556804749 and parameters: {'model_type': 'xgb', 'n_estimators': 173, 'max_depth': 9, 'learning_rate': 0.16571962972787438}. Best is trial 1 with value: 0.7648911022971594.
[I 2025-08-20 00:07:50,887] Trial 38 finished with value: 0.7640226467345208 and parameters: {'model_type': 'rf', 'n_estimators': 155, 'max_depth': 15, 'min_samples_split': 3}. Best is trial 1 with value: 0.7648911022971594.
[I 2025-08-20 00:07:51,107] Trial 39 finished with value: 0.7356357631855046 and parameters: {'model_type': 'lgbm', 'n_estimators': 150, 'max_depth': 6, 'learning_rate': 0.11599457665997881}. Best is trial 1 with value: 0.7648911022971594.
[I 2025-08-20 00:07:51,542] Trial 40 finished with value: 0.7601499393379308 and parameters: {'model_type': 'rf', 'n_estimators': 120, 'max_depth': 15, 'min_samples_split': 3}. Best is trial 1 with value: 0.7648911022971594.
[I 2025-08-20 00:07:52,088] Trial 41 finished with value: 0.7652319456440047 and parameters: {'model_type': 'rf', 'n_estimators': 155, 'max_depth': 14, 'min_samples_split': 3}. Best is trial 41 with value: 0.7652319456440047.
[I 2025-08-20 00:07:52,586] Trial 42 finished with value: 0.7629482483479793 and parameters: {'model_type': 'rf', 'n_estimators': 141, 'max_depth': 14, 'min_samples_split': 3}. Best is trial 41 with value: 0.7652319456440047.
[I 2025-08-20 00:07:53,122] Trial 43 finished with value: 0.7628972466411632 and parameters: {'model_type': 'rf', 'n_estimators': 154, 'max_depth': 13, 'min_samples_split': 3}. Best is trial 41 with value: 0.7652319456440047.
[I 2025-08-20 00:07:53,544] Trial 44 finished with value: 0.7662434782688403 and parameters: {'model_type': 'xgb', 'n_estimators': 171, 'max_depth': 5, 'learning_rate': 0.19709121224764833}. Best is trial 44 with value: 0.7662434782688403.
[I 2025-08-20 00:07:54,029] Trial 45 finished with value: 0.7248148081439136 and parameters: {'model_type': 'xgb', 'n_estimators': 143, 'max_depth': 4, 'learning_rate': 0.20542405616247233}. Best is trial 44 with value: 0.7662434782688403.
[I 2025-08-20 00:07:54,514] Trial 46 finished with value: 0.7616620011355748 and parameters: {'model_type': 'xgb', 'n_estimators': 172, 'max_depth': 5, 'learning_rate': 0.08032593159613155}. Best is trial 44 with value: 0.7662434782688403.
[I 2025-08-20 00:07:54,645] Trial 47 finished with value: 0.7571760219616378 and parameters: {'model_type': 'xgb', 'n_estimators': 71, 'max_depth': 4, 'learning_rate': 0.19810931452690653}. Best is trial 44 with value: 0.7662434782688403.
[I 2025-08-20 00:07:55,048] Trial 48 finished with value: 0.7700640373870303 and parameters: {'model_type': 'xgb', 'n_estimators': 125, 'max_depth': 6, 'learning_rate': 0.13384116799432125}. Best is trial 48 with value: 0.7700640373870303.
[I 2025-08-20 00:07:55,392] Trial 49 finished with value: 0.7811752640344012 and parameters: {'model_type': 'xgb', 'n_estimators': 106, 'max_depth': 6, 'learning_rate': 0.1363803147517257}. Best is trial 49 with value: 0.7811752640344012.
Regression Results:
  Train R²: 0.998
  Test R²: 0.781
  CV R²: 0.355 ± 0.260

=== Generating Visualizations ===
=== Evaluating XGBoost with Parity Plots ===
Model Performance:
  Train R²: 0.998, MAE: 0.030, RMSE: 0.042
  Test R²: 0.781, MAE: 0.302, RMSE: 0.391
Generating parity plots...
Parity plot saved as: plots/parity_plot_xgboost_train_each_8_optuna_train.png
Parity plot saved as: plots/parity_plot_xgboost_test_each_8_optuna_test.png
Parity analysis plot saved as: plots/parity_analysis_xgboost_test_each_8_optuna_analysis.png
HTE prediction evaluation report saved to results/reports/hte_prediction_report_manual_8_each_8_optuna.txt

=== Comparing without reaction-energy features (HTE prediction) ===
=== Building HTE Prediction Models with 8 features ===
Selected features: ['amine_class_1_mixture', 'acyl_Charges_secondary_1', 'amine_Charges_secondary_1', 'amine_BV_secondary_avg', 'acyl_BV_secondary_2', 'acyl_class_aromatic', 'amine_pka_basic', 'acyl_pka_aHs_x_has_acidic_H']
Valid features: 9
=== Building Regression Model ===
Regression dataset: (1031, 9)
Target range: -1.418 to 4.010


Training data: 619 samples
Test data: 206 samples


SFS (regression) failed, using provided features. Error: n_features_to_select must be < n_features.
Running hyperparameter optimization for regression...
[I 2025-08-20 00:08:00,007] A new study created in memory with name: no-name-f1eaa56e-c5ad-4dbb-8f99-4bdc019b123a
[I 2025-08-20 00:08:00,148] Trial 0 finished with value: 0.7795873422152317 and parameters: {'model_type': 'xgb', 'n_estimators': 68, 'max_depth': 4, 'learning_rate': 0.28683750152313614}. Best is trial 0 with value: 0.7795873422152317.
[I 2025-08-20 00:08:00,584] Trial 1 finished with value: 0.7784679789104203 and parameters: {'model_type': 'xgb', 'n_estimators': 131, 'max_depth': 8, 'learning_rate': 0.18694024675328655}. Best is trial 0 with value: 0.7795873422152317.
[I 2025-08-20 00:08:00,586] Trial 2 finished with value: 0.5013686987075703 and parameters: {'model_type': 'bayesian_ridge', 'alpha_1': 0.0005223152418280983, 'alpha_2': 0.00040316374281844033, 'lambda_1': 0.00026971306865072273, 'lambda_2': 0.0005312697462867655}. Best is trial 0 with value: 0.7795873422152317.
[I 2025-08-20 00:08:00,588] Trial 3 finished with value: 0.5013684131381784 and parameters: {'model_type': 'bayesian_ridge', 'alpha_1': 0.0009111298872053857, 'alpha_2': 0.0001714369491444897, 'lambda_1': 0.000636059764187119, 'lambda_2': 0.0006157126339276066}. Best is trial 0 with value: 0.7795873422152317.
[I 2025-08-20 00:08:00,842] Trial 4 finished with value: 0.8039280393309437 and parameters: {'model_type': 'xgb', 'n_estimators': 145, 'max_depth': 5, 'learning_rate': 0.10050594452222801}. Best is trial 4 with value: 0.8039280393309437.
[I 2025-08-20 00:08:01,306] Trial 5 finished with value: 0.7459939214023251 and parameters: {'model_type': 'xgb', 'n_estimators': 75, 'max_depth': 10, 'learning_rate': 0.14358142274397537}. Best is trial 4 with value: 0.8039280393309437.
[I 2025-08-20 00:08:01,533] Trial 6 finished with value: 0.779065613151272 and parameters: {'model_type': 'lgbm', 'n_estimators': 140, 'max_depth': 10, 'learning_rate': 0.10572977684290812}. Best is trial 4 with value: 0.8039280393309437.
[I 2025-08-20 00:08:01,535] Trial 7 finished with value: 0.5013696554037612 and parameters: {'model_type': 'bayesian_ridge', 'alpha_1': 0.0008945106238150434, 'alpha_2': 0.00020635583861801067, 'lambda_1': 0.0008489154449757712, 'lambda_2': 0.0003537964570412999}. Best is trial 4 with value: 0.8039280393309437.
[I 2025-08-20 00:08:01,536] Trial 8 finished with value: 0.5013672249365191 and parameters: {'model_type': 'bayesian_ridge', 'alpha_1': 0.00040953677824861557, 'alpha_2': 0.00044360432691364964, 'lambda_1': 2.5817828011539572e-05, 'lambda_2': 0.0008433333371884238}. Best is trial 4 with value: 0.8039280393309437.
[I 2025-08-20 00:08:01,751] Trial 9 finished with value: 0.7656020005564573 and parameters: {'model_type': 'xgb', 'n_estimators': 54, 'max_depth': 6, 'learning_rate': 0.1769971843104282}. Best is trial 4 with value: 0.8039280393309437.
[I 2025-08-20 00:08:02,076] Trial 10 finished with value: 0.8119481046685006 and parameters: {'model_type': 'rf', 'n_estimators': 199, 'max_depth': 15, 'min_samples_split': 7}. Best is trial 10 with value: 0.8119481046685006.
[I 2025-08-20 00:08:02,384] Trial 11 finished with value: 0.8126979514205619 and parameters: {'model_type': 'rf', 'n_estimators': 195, 'max_depth': 14, 'min_samples_split': 7}. Best is trial 11 with value: 0.8126979514205619.
[I 2025-08-20 00:08:02,700] Trial 12 finished with value: 0.8114679420459191 and parameters: {'model_type': 'rf', 'n_estimators': 200, 'max_depth': 15, 'min_samples_split': 7}. Best is trial 11 with value: 0.8126979514205619.
[I 2025-08-20 00:08:03,016] Trial 13 finished with value: 0.8114679420459191 and parameters: {'model_type': 'rf', 'n_estimators': 200, 'max_depth': 15, 'min_samples_split': 7}. Best is trial 11 with value: 0.8126979514205619.
[I 2025-08-20 00:08:03,311] Trial 14 finished with value: 0.8089573967019819 and parameters: {'model_type': 'rf', 'n_estimators': 172, 'max_depth': 13, 'min_samples_split': 4}. Best is trial 11 with value: 0.8126979514205619.
[I 2025-08-20 00:08:03,573] Trial 15 finished with value: 0.8034002685682916 and parameters: {'model_type': 'rf', 'n_estimators': 171, 'max_depth': 12, 'min_samples_split': 10}. Best is trial 11 with value: 0.8126979514205619.
[I 2025-08-20 00:08:03,731] Trial 16 finished with value: 0.8052531031220859 and parameters: {'model_type': 'rf', 'n_estimators': 98, 'max_depth': 13, 'min_samples_split': 8}. Best is trial 11 with value: 0.8126979514205619.
[I 2025-08-20 00:08:04,034] Trial 17 finished with value: 0.7627261960309656 and parameters: {'model_type': 'lgbm', 'n_estimators': 171, 'max_depth': 7, 'learning_rate': 0.012450437013062421}. Best is trial 11 with value: 0.8126979514205619.
[I 2025-08-20 00:08:04,351] Trial 18 finished with value: 0.8111134786885843 and parameters: {'model_type': 'rf', 'n_estimators': 185, 'max_depth': 12, 'min_samples_split': 4}. Best is trial 11 with value: 0.8126979514205619.
[I 2025-08-20 00:08:04,592] Trial 19 finished with value: 0.8064522247501403 and parameters: {'model_type': 'rf', 'n_estimators': 156, 'max_depth': 15, 'min_samples_split': 9}. Best is trial 11 with value: 0.8126979514205619.
[I 2025-08-20 00:08:04,779] Trial 20 finished with value: 0.8080669894260604 and parameters: {'model_type': 'rf', 'n_estimators': 110, 'max_depth': 13, 'min_samples_split': 5}. Best is trial 11 with value: 0.8126979514205619.
[I 2025-08-20 00:08:05,086] Trial 21 finished with value: 0.8120712579631961 and parameters: {'model_type': 'rf', 'n_estimators': 193, 'max_depth': 15, 'min_samples_split': 7}. Best is trial 11 with value: 0.8126979514205619.
[I 2025-08-20 00:08:05,391] Trial 22 finished with value: 0.8119315842794989 and parameters: {'model_type': 'rf', 'n_estimators': 187, 'max_depth': 14, 'min_samples_split': 6}. Best is trial 11 with value: 0.8126979514205619.
[I 2025-08-20 00:08:05,683] Trial 23 finished with value: 0.8107439246581365 and parameters: {'model_type': 'rf', 'n_estimators': 185, 'max_depth': 11, 'min_samples_split': 7}. Best is trial 11 with value: 0.8126979514205619.
[I 2025-08-20 00:08:05,939] Trial 24 finished with value: 0.7572785926157003 and parameters: {'model_type': 'lgbm', 'n_estimators': 157, 'max_depth': 9, 'learning_rate': 0.29569447337317445}. Best is trial 11 with value: 0.8126979514205619.
[I 2025-08-20 00:08:06,324] Trial 25 finished with value: 0.8118573766003694 and parameters: {'model_type': 'rf', 'n_estimators': 200, 'max_depth': 14, 'min_samples_split': 2}. Best is trial 11 with value: 0.8126979514205619.
[I 2025-08-20 00:08:06,610] Trial 26 finished with value: 0.8079891307471117 and parameters: {'model_type': 'rf', 'n_estimators': 182, 'max_depth': 14, 'min_samples_split': 8}. Best is trial 11 with value: 0.8126979514205619.
[I 2025-08-20 00:08:06,874] Trial 27 finished with value: 0.8110748450506705 and parameters: {'model_type': 'rf', 'n_estimators': 161, 'max_depth': 15, 'min_samples_split': 6}. Best is trial 11 with value: 0.8126979514205619.
[I 2025-08-20 00:08:07,171] Trial 28 finished with value: 0.8093161414812734 and parameters: {'model_type': 'rf', 'n_estimators': 191, 'max_depth': 12, 'min_samples_split': 8}. Best is trial 11 with value: 0.8126979514205619.
[I 2025-08-20 00:08:07,367] Trial 29 finished with value: 0.8072599481254973 and parameters: {'model_type': 'rf', 'n_estimators': 115, 'max_depth': 13, 'min_samples_split': 5}. Best is trial 11 with value: 0.8126979514205619.
[I 2025-08-20 00:08:07,683] Trial 30 finished with value: 0.7693296501775909 and parameters: {'model_type': 'lgbm', 'n_estimators': 173, 'max_depth': 9, 'learning_rate': 0.013653309120323809}. Best is trial 11 with value: 0.8126979514205619.
[I 2025-08-20 00:08:07,996] Trial 31 finished with value: 0.8121591277915414 and parameters: {'model_type': 'rf', 'n_estimators': 190, 'max_depth': 14, 'min_samples_split': 6}. Best is trial 11 with value: 0.8126979514205619.
[I 2025-08-20 00:08:08,303] Trial 32 finished with value: 0.8126164409500991 and parameters: {'model_type': 'rf', 'n_estimators': 193, 'max_depth': 14, 'min_samples_split': 7}. Best is trial 11 with value: 0.8126979514205619.
[I 2025-08-20 00:08:08,591] Trial 33 finished with value: 0.810254393087992 and parameters: {'model_type': 'rf', 'n_estimators': 177, 'max_depth': 14, 'min_samples_split': 6}. Best is trial 11 with value: 0.8126979514205619.
[I 2025-08-20 00:08:08,795] Trial 34 finished with value: 0.6779313131273335 and parameters: {'model_type': 'rf', 'n_estimators': 191, 'max_depth': 4, 'min_samples_split': 5}. Best is trial 11 with value: 0.8126979514205619.
[I 2025-08-20 00:08:08,805] Trial 35 finished with value: 0.5013709754882185 and parameters: {'model_type': 'bayesian_ridge', 'alpha_1': 7.643445213037666e-05, 'alpha_2': 0.0009581071857035401, 'lambda_1': 0.000889012408778977, 'lambda_2': 6.67376217607433e-05}. Best is trial 11 with value: 0.8126979514205619.
[I 2025-08-20 00:08:09,073] Trial 36 finished with value: 0.7533759903699834 and parameters: {'model_type': 'xgb', 'n_estimators': 163, 'max_depth': 3, 'learning_rate': 0.23653432766871288}. Best is trial 11 with value: 0.8126979514205619.
[I 2025-08-20 00:08:09,303] Trial 37 finished with value: 0.8075602686834826 and parameters: {'model_type': 'rf', 'n_estimators': 143, 'max_depth': 11, 'min_samples_split': 8}. Best is trial 11 with value: 0.8126979514205619.
[I 2025-08-20 00:08:09,866] Trial 38 finished with value: 0.7988710128661243 and parameters: {'model_type': 'xgb', 'n_estimators': 191, 'max_depth': 7, 'learning_rate': 0.06323350668356992}. Best is trial 11 with value: 0.8126979514205619.
[I 2025-08-20 00:08:09,878] Trial 39 finished with value: 0.5013668218279184 and parameters: {'model_type': 'bayesian_ridge', 'alpha_1': 1.3045626748406695e-05, 'alpha_2': 0.0009370213543832692, 'lambda_1': 0.00046822555875578856, 'lambda_2': 0.0009603274384045429}. Best is trial 11 with value: 0.8126979514205619.
[I 2025-08-20 00:08:10,076] Trial 40 finished with value: 0.7745278666110801 and parameters: {'model_type': 'lgbm', 'n_estimators': 180, 'max_depth': 6, 'learning_rate': 0.22719091893286872}. Best is trial 11 with value: 0.8126979514205619.
[I 2025-08-20 00:08:10,392] Trial 41 finished with value: 0.8130453202321453 and parameters: {'model_type': 'rf', 'n_estimators': 194, 'max_depth': 14, 'min_samples_split': 7}. Best is trial 41 with value: 0.8130453202321453.
[I 2025-08-20 00:08:10,700] Trial 42 finished with value: 0.8124516542456874 and parameters: {'model_type': 'rf', 'n_estimators': 192, 'max_depth': 14, 'min_samples_split': 7}. Best is trial 41 with value: 0.8130453202321453.
[I 2025-08-20 00:08:10,998] Trial 43 finished with value: 0.8112323416050291 and parameters: {'model_type': 'rf', 'n_estimators': 182, 'max_depth': 14, 'min_samples_split': 6}. Best is trial 41 with value: 0.8130453202321453.
[I 2025-08-20 00:08:11,211] Trial 44 finished with value: 0.8106904112034848 and parameters: {'model_type': 'rf', 'n_estimators': 132, 'max_depth': 13, 'min_samples_split': 7}. Best is trial 41 with value: 0.8130453202321453.
[I 2025-08-20 00:08:11,466] Trial 45 finished with value: 0.8038871068809611 and parameters: {'model_type': 'rf', 'n_estimators': 167, 'max_depth': 11, 'min_samples_split': 9}. Best is trial 41 with value: 0.8130453202321453.
[I 2025-08-20 00:08:11,888] Trial 46 finished with value: 0.7968287669089091 and parameters: {'model_type': 'xgb', 'n_estimators': 89, 'max_depth': 8, 'learning_rate': 0.24081821218770597}. Best is trial 41 with value: 0.8130453202321453.
[I 2025-08-20 00:08:11,900] Trial 47 finished with value: 0.5013706282570561 and parameters: {'model_type': 'bayesian_ridge', 'alpha_1': 0.0005695565815563052, 'alpha_2': 0.0006959928261114994, 'lambda_1': 3.877967740441605e-06, 'lambda_2': 8.969388258374861e-05}. Best is trial 41 with value: 0.8130453202321453.
[I 2025-08-20 00:08:12,154] Trial 48 finished with value: 0.8093056520656514 and parameters: {'model_type': 'rf', 'n_estimators': 152, 'max_depth': 12, 'min_samples_split': 6}. Best is trial 41 with value: 0.8130453202321453.
[I 2025-08-20 00:08:12,458] Trial 49 finished with value: 0.8093741337871424 and parameters: {'model_type': 'rf', 'n_estimators': 194, 'max_depth': 14, 'min_samples_split': 8}. Best is trial 41 with value: 0.8130453202321453.
Regression Results:
  Train R²: 0.914
  Test R²: 0.813
  CV R²: 0.410 ± 0.264
Saved comparison to results/rxn_feature_comparison_hte_each_8_optuna.json

==================================================
ANALYSIS COMPLETE
==================================================
Check the following directories for outputs:
  - plots/: Visualization files
  - results/: Data files and reports
  - models/: Trained model files
