=== ML Measurable HTE Rate Bias Analysis ===

==================================================
Running HTE Prediction Analysis: each with 8 features
==================================================

=== Loading Data ===
Number of HTE rates: 1031
Found 5 hydrogen-dependent features: ['num_Hs', 'BV_Hs_avg', 'Charges_Hs_avg', 'fukui_E_Hs_avg', 'fukui_N_Hs_avg']
Found 2 pKa-dependent features: ['pka_aHs', 'pka_lowest']
Found 26 heteroatom-dependent features: ['BV_main_1', 'Charges_main_atom', 'fukui_E_main_atom', 'fukui_N_main_atom', 'L_main_atom_1', 'L_main_atom_2', 'B1_main_atom_1', 'B1_main_atom_2', 'B5_main_atom_1', 'B5_main_atom_2', 'Charges_secondary_1', 'Charges_secondary_2', 'fukui_N_secondary_1', 'fukui_N_secondary_2', 'Charges_secondary_avg', 'fukui_N_secondary_avg', 'FCS_1', 'FREQS_1', 'FCS_2', 'FREQS_2', 'FCS_avg', 'FREQS_avg', 'BV_Hs_avg', 'Charges_Hs_avg', 'fukui_E_Hs_avg', 'fukui_N_Hs_avg']

Processing num_Hs conditional features...
  18/46 molecules meet condition num_Hs
    num_Hs: 0 -> 0 NA values
    BV_Hs_avg: 28 -> 0 NA values
    Charges_Hs_avg: 28 -> 0 NA values
    fukui_E_Hs_avg: 28 -> 0 NA values
    fukui_N_Hs_avg: 28 -> 0 NA values

Processing pKa_features conditional features...
  18/46 molecules meet condition pKa_features
    Processing pKa feature pka_aHs with special handling...
      Created indicator: has_acidic_H_for_pka_aHs
      Created interaction: pka_aHs_x_has_acidic_H
      Used 50.0 for molecules without acidic H
    pka_aHs: 28 -> 0 NA values
    Processing pKa feature pka_lowest with special handling...
      Created indicator: has_acidic_H_for_pka_lowest
      Created interaction: pka_lowest_x_has_acidic_H
      Used 50.0 for molecules without acidic H
    pka_lowest: 38 -> 0 NA values

Handling remaining NA values...

Encoding categorical features...
  Removed identifier feature: name
  Found categorical feature class with 4 unique values: ['aromatic' 'hetero' 'aliphatic' 'mixture']
    One-hot encoded class -> 4 features: ['class_aliphatic', 'class_aromatic', 'class_hetero', 'class_mixture']
  Removed identifier feature: smiles
  Processed 1 categorical features
  Removed 2 identifier features: ['name', 'smiles']

Creating feature quality indicators...
  Added indicator: has_num_Hs
  Added indicator: has_pKa_features
Preprocessing complete. Shape: (46, 65)
Remaining NA values: 0
Found 1 pKa-dependent features: ['pka_basic']
Warning: num_Hs column not found, cannot properly handle pKa features
Found 15 heteroatom-dependent features: ['BV_main_1', 'Charges_main_atom', 'fukui_E_main_atom', 'fukui_N_main_atom', 'L_main_atom_1', 'B1_main_atom_1', 'B5_main_atom_1', 'Charges_secondary_1', 'fukui_N_secondary_1', 'Charges_secondary_avg', 'fukui_N_secondary_avg', 'FCS_1', 'FREQS_1', 'FCS_avg', 'FREQS_avg']

Handling remaining NA values...
  pka_basic: Filled 1 NA values with median/zero
  smiles: Filled 1 NA values with mode/unknown
  class: Filled 1 NA values with mode/unknown

Encoding categorical features...
  Removed identifier feature: name
  Removed identifier feature: smiles
  Found categorical feature class with 5 unique values: ['1_aliphatic' '1_aromatic' '2_aliphatic' '1_mixture' '2_mixture']
    One-hot encoded class -> 5 features: ['class_1_aliphatic', 'class_1_aromatic', 'class_1_mixture', 'class_2_aliphatic', 'class_2_mixture']
  Processed 1 categorical features
  Removed 2 identifier features: ['name', 'smiles']

Creating feature quality indicators...
Preprocessing complete. Shape: (55, 40)
Remaining NA values: 0
Loaded reaction energy features: 1488 rows, 8 features

=== Selecting Features (selected) ===
Final selected features (8): ['acyl_BV_secondary_2', 'amine_pka_basic', 'amine_BV_secondary_avg', 'acyl_Charges_secondary_1', 'acyl_class_aromatic', 'amine_class_1_mixture', 'amine_Charges_secondary_1', 'acyl_pka_aHs_x_has_acidic_H']
=== Building HTE Prediction Models with 8 features ===
Selected features: ['acyl_BV_secondary_2', 'amine_pka_basic', 'amine_BV_secondary_avg', 'acyl_Charges_secondary_1', 'acyl_class_aromatic', 'amine_class_1_mixture', 'amine_Charges_secondary_1', 'acyl_pka_aHs_x_has_acidic_H']
Valid features: 17
=== Building Regression Model ===
Regression dataset: (1031, 17)
Target range: -1.418 to 4.010


Training data: 619 samples
Test data: 206 samples


Train-only SFS selected 16 features for regression
Running hyperparameter optimization for regression...
[I 2025-08-20 19:16:38,176] A new study created in memory with name: no-name-a91968ec-ceaf-4911-b529-08f0e985620d
[I 2025-08-20 19:16:38,408] Trial 0 finished with value: 0.7544159774921727 and parameters: {'model_type': 'rf', 'n_estimators': 76, 'max_depth': 10, 'min_samples_split': 4}. Best is trial 0 with value: 0.7544159774921727.
[I 2025-08-20 19:16:38,725] Trial 1 finished with value: 0.7412100335818608 and parameters: {'model_type': 'rf', 'n_estimators': 123, 'max_depth': 8, 'min_samples_split': 10}. Best is trial 0 with value: 0.7544159774921727.
[I 2025-08-20 19:16:39,261] Trial 2 finished with value: 0.7695271232061405 and parameters: {'model_type': 'lgbm', 'n_estimators': 121, 'max_depth': 4, 'learning_rate': 0.1822154266924798}. Best is trial 2 with value: 0.7695271232061405.
Warning: less than 75% GPU memory available for training. Free: 3611.4375 Total: 81155.75
[I 2025-08-20 19:16:45,342] Trial 3 finished with value: 0.7690801646270987 and parameters: {'model_type': 'cat', 'iterations': 254, 'depth': 4, 'learning_rate': 0.21219842666044877}. Best is trial 2 with value: 0.7695271232061405.
[I 2025-08-20 19:16:45,389] Trial 4 finished with value: 0.5866914669701067 and parameters: {'model_type': 'bayesian_ridge', 'alpha_1': 0.0008892165903313868, 'alpha_2': 2.6741192348166166e-05, 'lambda_1': 0.000902546496728092, 'lambda_2': 0.0004405450289329294}. Best is trial 2 with value: 0.7695271232061405.
Warning: less than 75% GPU memory available for training. Free: 3609.4375 Total: 81155.75
[I 2025-08-20 19:16:55,148] Trial 5 finished with value: 0.7723400734883307 and parameters: {'model_type': 'cat', 'iterations': 409, 'depth': 5, 'learning_rate': 0.07430434105281689}. Best is trial 5 with value: 0.7723400734883307.
[I 2025-08-20 19:16:56,176] Trial 6 finished with value: 0.7646367493939664 and parameters: {'model_type': 'lgbm', 'n_estimators': 83, 'max_depth': 7, 'learning_rate': 0.20099036710773296}. Best is trial 5 with value: 0.7723400734883307.
[I 2025-08-20 19:16:56,179] Trial 7 finished with value: 0.5866906557601024 and parameters: {'model_type': 'bayesian_ridge', 'alpha_1': 0.0007579009851074898, 'alpha_2': 0.0003709478699080313, 'lambda_1': 0.0005651172644241231, 'lambda_2': 0.0002774960904458744}. Best is trial 5 with value: 0.7723400734883307.
[I 2025-08-20 19:16:56,182] Trial 8 finished with value: 0.5866942837634028 and parameters: {'model_type': 'bayesian_ridge', 'alpha_1': 0.0001767368534049819, 'alpha_2': 0.00013908840574793676, 'lambda_1': 0.0008368811944107442, 'lambda_2': 0.0009780789750817572}. Best is trial 5 with value: 0.7723400734883307.
[I 2025-08-20 19:16:56,480] Trial 9 finished with value: 0.753746577114452 and parameters: {'model_type': 'rf', 'n_estimators': 66, 'max_depth': 12, 'min_samples_split': 2}. Best is trial 5 with value: 0.7723400734883307.
Warning: less than 75% GPU memory available for training. Free: 3609.4375 Total: 81155.75
[I 2025-08-20 19:17:14,424] Trial 10 finished with value: 0.7557965313394953 and parameters: {'model_type': 'cat', 'iterations': 597, 'depth': 6, 'learning_rate': 0.021168213527797394}. Best is trial 5 with value: 0.7723400734883307.
[I 2025-08-20 19:17:14,526] Trial 11 finished with value: 0.768555033330578 and parameters: {'model_type': 'lgbm', 'n_estimators': 199, 'max_depth': 3, 'learning_rate': 0.09010665428774274}. Best is trial 5 with value: 0.7723400734883307.
[I 2025-08-20 19:17:14,999] Trial 12 finished with value: 0.7725561692747644 and parameters: {'model_type': 'xgb', 'n_estimators': 154, 'max_depth': 3, 'learning_rate': 0.12217186819856597}. Best is trial 12 with value: 0.7725561692747644.
[I 2025-08-20 19:17:16,544] Trial 13 finished with value: 0.7912532077697142 and parameters: {'model_type': 'xgb', 'n_estimators': 184, 'max_depth': 5, 'learning_rate': 0.09887033293925686}. Best is trial 13 with value: 0.7912532077697142.
[I 2025-08-20 19:17:17,957] Trial 14 finished with value: 0.782612423788497 and parameters: {'model_type': 'xgb', 'n_estimators': 185, 'max_depth': 5, 'learning_rate': 0.11943846590678908}. Best is trial 13 with value: 0.7912532077697142.
[I 2025-08-20 19:17:20,234] Trial 15 finished with value: 0.7669315088474727 and parameters: {'model_type': 'xgb', 'n_estimators': 195, 'max_depth': 5, 'learning_rate': 0.2935075051625298}. Best is trial 13 with value: 0.7912532077697142.
[I 2025-08-20 19:17:22,208] Trial 16 finished with value: 0.785393605033541 and parameters: {'model_type': 'xgb', 'n_estimators': 162, 'max_depth': 5, 'learning_rate': 0.13331226553516468}. Best is trial 13 with value: 0.7912532077697142.
[I 2025-08-20 19:17:24,347] Trial 17 finished with value: 0.7590655532888522 and parameters: {'model_type': 'xgb', 'n_estimators': 157, 'max_depth': 6, 'learning_rate': 0.034006666700469285}. Best is trial 13 with value: 0.7912532077697142.
[I 2025-08-20 19:17:26,559] Trial 18 finished with value: 0.764199626261788 and parameters: {'model_type': 'xgb', 'n_estimators': 162, 'max_depth': 6, 'learning_rate': 0.14927491727098788}. Best is trial 13 with value: 0.7912532077697142.
[I 2025-08-20 19:17:28,540] Trial 19 finished with value: 0.7964161088717533 and parameters: {'model_type': 'xgb', 'n_estimators': 168, 'max_depth': 5, 'learning_rate': 0.07031928103952599}. Best is trial 19 with value: 0.7964161088717533.
[I 2025-08-20 19:17:30,488] Trial 20 finished with value: 0.7396789303609914 and parameters: {'model_type': 'xgb', 'n_estimators': 141, 'max_depth': 7, 'learning_rate': 0.07116158407081852}. Best is trial 19 with value: 0.7964161088717533.
[I 2025-08-20 19:17:32,628] Trial 21 finished with value: 0.7851870569722519 and parameters: {'model_type': 'xgb', 'n_estimators': 181, 'max_depth': 5, 'learning_rate': 0.11157116289546011}. Best is trial 19 with value: 0.7964161088717533.
[I 2025-08-20 19:17:34,393] Trial 22 finished with value: 0.7773302097811958 and parameters: {'model_type': 'xgb', 'n_estimators': 172, 'max_depth': 4, 'learning_rate': 0.0502235943343432}. Best is trial 19 with value: 0.7964161088717533.
[I 2025-08-20 19:17:35,618] Trial 23 finished with value: 0.7876148353989945 and parameters: {'model_type': 'xgb', 'n_estimators': 137, 'max_depth': 4, 'learning_rate': 0.15409447336528387}. Best is trial 19 with value: 0.7964161088717533.
[I 2025-08-20 19:17:37,036] Trial 24 finished with value: 0.7793982398140453 and parameters: {'model_type': 'xgb', 'n_estimators': 139, 'max_depth': 4, 'learning_rate': 0.16736266634708652}. Best is trial 19 with value: 0.7964161088717533.
[I 2025-08-20 19:17:38,083] Trial 25 finished with value: 0.766969141928827 and parameters: {'model_type': 'xgb', 'n_estimators': 100, 'max_depth': 4, 'learning_rate': 0.2406613863844133}. Best is trial 19 with value: 0.7964161088717533.
[I 2025-08-20 19:17:40,027] Trial 26 finished with value: 0.7745310048314267 and parameters: {'model_type': 'xgb', 'n_estimators': 143, 'max_depth': 6, 'learning_rate': 0.0935452050698028}. Best is trial 19 with value: 0.7964161088717533.
[I 2025-08-20 19:17:41,230] Trial 27 finished with value: 0.76548667735828 and parameters: {'model_type': 'xgb', 'n_estimators': 171, 'max_depth': 3, 'learning_rate': 0.04754932322312615}. Best is trial 19 with value: 0.7964161088717533.
[I 2025-08-20 19:17:42,491] Trial 28 finished with value: 0.7585232261257899 and parameters: {'model_type': 'xgb', 'n_estimators': 103, 'max_depth': 5, 'learning_rate': 0.09558090406658303}. Best is trial 19 with value: 0.7964161088717533.
[I 2025-08-20 19:17:43,005] Trial 29 finished with value: 0.7488333600831869 and parameters: {'model_type': 'rf', 'n_estimators': 182, 'max_depth': 10, 'min_samples_split': 9}. Best is trial 19 with value: 0.7964161088717533.
[I 2025-08-20 19:18:49,316] Trial 30 finished with value: 0.7529460696207004 and parameters: {'model_type': 'cat', 'iterations': 768, 'depth': 10, 'learning_rate': 0.1478946438859791}. Best is trial 19 with value: 0.7964161088717533.
[I 2025-08-20 19:18:51,939] Trial 31 finished with value: 0.776068556816347 and parameters: {'model_type': 'xgb', 'n_estimators': 168, 'max_depth': 5, 'learning_rate': 0.13572262539336838}. Best is trial 19 with value: 0.7964161088717533.
[I 2025-08-20 19:18:53,430] Trial 32 finished with value: 0.7735744648109331 and parameters: {'model_type': 'xgb', 'n_estimators': 145, 'max_depth': 4, 'learning_rate': 0.17443912175406007}. Best is trial 19 with value: 0.7964161088717533.
[I 2025-08-20 19:18:53,822] Trial 33 finished with value: 0.7550056689587046 and parameters: {'model_type': 'rf', 'n_estimators': 130, 'max_depth': 15, 'min_samples_split': 7}. Best is trial 19 with value: 0.7964161088717533.
[I 2025-08-20 19:18:53,949] Trial 34 finished with value: 0.7783447003893315 and parameters: {'model_type': 'lgbm', 'n_estimators': 155, 'max_depth': 6, 'learning_rate': 0.06560274710395791}. Best is trial 19 with value: 0.7964161088717533.
[I 2025-08-20 19:18:56,208] Trial 35 finished with value: 0.7854343076856631 and parameters: {'model_type': 'xgb', 'n_estimators': 191, 'max_depth': 5, 'learning_rate': 0.10859685260996638}. Best is trial 19 with value: 0.7964161088717533.
[I 2025-08-20 19:18:56,217] Trial 36 finished with value: 0.5866895531723677 and parameters: {'model_type': 'bayesian_ridge', 'alpha_1': 2.8923953204935645e-05, 'alpha_2': 0.0009770847071058604, 'lambda_1': 3.707788106261788e-05, 'lambda_2': 5.5239071680159154e-05}. Best is trial 19 with value: 0.7964161088717533.
[I 2025-08-20 19:18:58,889] Trial 37 finished with value: 0.6656696096223589 and parameters: {'model_type': 'xgb', 'n_estimators': 187, 'max_depth': 4, 'learning_rate': 0.010807910924609733}. Best is trial 19 with value: 0.7964161088717533.
[I 2025-08-20 19:18:59,060] Trial 38 finished with value: 0.7687185100496863 and parameters: {'model_type': 'lgbm', 'n_estimators': 193, 'max_depth': 7, 'learning_rate': 0.10603855700842515}. Best is trial 19 with value: 0.7964161088717533.
[I 2025-08-20 19:19:07,436] Trial 39 finished with value: 0.7263907609537144 and parameters: {'model_type': 'cat', 'iterations': 205, 'depth': 9, 'learning_rate': 0.1935740777174289}. Best is trial 19 with value: 0.7964161088717533.
[I 2025-08-20 19:19:07,447] Trial 40 finished with value: 0.5866940650503585 and parameters: {'model_type': 'bayesian_ridge', 'alpha_1': 0.000462274214902012, 'alpha_2': 0.0009417096852452817, 'lambda_1': 4.870906256518857e-05, 'lambda_2': 0.0009146971140278175}. Best is trial 19 with value: 0.7964161088717533.
[I 2025-08-20 19:19:10,261] Trial 41 finished with value: 0.7721269719583397 and parameters: {'model_type': 'xgb', 'n_estimators': 174, 'max_depth': 5, 'learning_rate': 0.1290051000911675}. Best is trial 19 with value: 0.7964161088717533.
[I 2025-08-20 19:19:12,238] Trial 42 finished with value: 0.7631998719468449 and parameters: {'model_type': 'xgb', 'n_estimators': 165, 'max_depth': 5, 'learning_rate': 0.14047877164569061}. Best is trial 19 with value: 0.7964161088717533.
[I 2025-08-20 19:19:14,624] Trial 43 finished with value: 0.7563204006878936 and parameters: {'model_type': 'xgb', 'n_estimators': 181, 'max_depth': 6, 'learning_rate': 0.16291335658001777}. Best is trial 19 with value: 0.7964161088717533.
[I 2025-08-20 19:19:14,969] Trial 44 finished with value: 0.7388029424063061 and parameters: {'model_type': 'rf', 'n_estimators': 128, 'max_depth': 8, 'min_samples_split': 6}. Best is trial 19 with value: 0.7964161088717533.
[I 2025-08-20 19:19:16,955] Trial 45 finished with value: 0.7903410410418017 and parameters: {'model_type': 'xgb', 'n_estimators': 191, 'max_depth': 4, 'learning_rate': 0.08718712650148232}. Best is trial 19 with value: 0.7964161088717533.
[I 2025-08-20 19:19:18,706] Trial 46 finished with value: 0.7705697426678109 and parameters: {'model_type': 'xgb', 'n_estimators': 200, 'max_depth': 3, 'learning_rate': 0.08142262681061524}. Best is trial 19 with value: 0.7964161088717533.
[I 2025-08-20 19:19:19,702] Trial 47 finished with value: 0.7846832878485751 and parameters: {'model_type': 'xgb', 'n_estimators': 187, 'max_depth': 4, 'learning_rate': 0.05735941947780767}. Best is trial 19 with value: 0.7964161088717533.
Warning: less than 75% GPU memory available for training. Free: 4037.4375 Total: 81155.75
[I 2025-08-20 19:19:56,332] Trial 48 finished with value: 0.7852810911411721 and parameters: {'model_type': 'cat', 'iterations': 792, 'depth': 8, 'learning_rate': 0.10373147106286151}. Best is trial 19 with value: 0.7964161088717533.
[I 2025-08-20 19:19:56,445] Trial 49 finished with value: 0.759741786824185 and parameters: {'model_type': 'lgbm', 'n_estimators': 113, 'max_depth': 4, 'learning_rate': 0.07782135309597829}. Best is trial 19 with value: 0.7964161088717533.
Regression Results:
  Train R²: 0.977
  Test R²: 0.796
  CV R²: 0.423 ± 0.230

=== Generating Visualizations ===
=== Evaluating XGBoost with Parity Plots ===
Model Performance:
  Train R²: 0.977, MAE: 0.098, RMSE: 0.137
  Test R²: 0.796, MAE: 0.328, RMSE: 0.433
Generating parity plots...
Parity plot saved as: plots/parity_plot_xgboost_train_each_8_optuna_cpv2_gpu2_train.png
Parity plot saved as: plots/parity_plot_xgboost_test_each_8_optuna_cpv2_gpu2_test.png
Parity analysis plot saved as: plots/parity_analysis_xgboost_test_each_8_optuna_cpv2_gpu2_analysis.png
Saved predictions to results/predictions_each_8_optuna_cpv2_gpu2.csv
Saved combined dataset to results/combined_df_each_8_optuna_cpv2_gpu2.csv
Models saved with suffix: _each_8_optuna_cpv2_gpu2
HTE prediction evaluation report saved to results/reports/hte_prediction_report_manual_8_each_8_optuna_cpv2_gpu2.txt

=== Comparing without reaction-energy features (HTE prediction) ===
=== Building HTE Prediction Models with 8 features ===
Selected features: ['acyl_BV_secondary_2', 'amine_pka_basic', 'amine_BV_secondary_avg', 'acyl_Charges_secondary_1', 'acyl_class_aromatic', 'amine_class_1_mixture', 'amine_Charges_secondary_1', 'acyl_pka_aHs_x_has_acidic_H']
Valid features: 9
=== Building Regression Model ===
Regression dataset: (1031, 9)
Target range: -1.418 to 4.010


Training data: 619 samples
Test data: 206 samples


Train-only SFS selected 8 features for regression
Running hyperparameter optimization for regression...
[I 2025-08-20 19:20:27,462] A new study created in memory with name: no-name-c5f2554d-f2a8-4a24-ab6e-75c68a85135c
[I 2025-08-20 19:20:30,027] Trial 0 finished with value: 0.784125109949611 and parameters: {'model_type': 'xgb', 'n_estimators': 165, 'max_depth': 4, 'learning_rate': 0.26276117150357764}. Best is trial 0 with value: 0.784125109949611.
[I 2025-08-20 19:20:30,750] Trial 1 finished with value: 0.7852206043043742 and parameters: {'model_type': 'xgb', 'n_estimators': 64, 'max_depth': 5, 'learning_rate': 0.07985663672688738}. Best is trial 1 with value: 0.7852206043043742.
[I 2025-08-20 19:20:32,430] Trial 2 finished with value: 0.7718842631188487 and parameters: {'model_type': 'xgb', 'n_estimators': 151, 'max_depth': 5, 'learning_rate': 0.2755084564737546}. Best is trial 1 with value: 0.7852206043043742.
[I 2025-08-20 19:20:32,433] Trial 3 finished with value: 0.45778869543694145 and parameters: {'model_type': 'bayesian_ridge', 'alpha_1': 0.0008432148833590694, 'alpha_2': 0.0008902411530308903, 'lambda_1': 0.00014239628980598328, 'lambda_2': 0.0007800767109203993}. Best is trial 1 with value: 0.7852206043043742.
[I 2025-08-20 19:20:32,532] Trial 4 finished with value: 0.7825602393909451 and parameters: {'model_type': 'lgbm', 'n_estimators': 179, 'max_depth': 5, 'learning_rate': 0.021524057761777564}. Best is trial 1 with value: 0.7852206043043742.
Warning: less than 75% GPU memory available for training. Free: 4007.4375 Total: 81155.75
[I 2025-08-20 19:20:52,584] Trial 5 finished with value: 0.7968437436014836 and parameters: {'model_type': 'cat', 'iterations': 545, 'depth': 6, 'learning_rate': 0.06713238817514618}. Best is trial 5 with value: 0.7968437436014836.
Warning: less than 75% GPU memory available for training. Free: 4007.4375 Total: 81155.75
[I 2025-08-20 19:21:21,798] Trial 6 finished with value: 0.8080096273560128 and parameters: {'model_type': 'cat', 'iterations': 584, 'depth': 6, 'learning_rate': 0.07412106601474991}. Best is trial 6 with value: 0.8080096273560128.
[I 2025-08-20 19:21:21,859] Trial 7 finished with value: 0.8074836352802315 and parameters: {'model_type': 'lgbm', 'n_estimators': 172, 'max_depth': 4, 'learning_rate': 0.11388716132394514}. Best is trial 6 with value: 0.8080096273560128.
[I 2025-08-20 19:21:21,907] Trial 8 finished with value: 0.7160725277740481 and parameters: {'model_type': 'lgbm', 'n_estimators': 180, 'max_depth': 3, 'learning_rate': 0.02168850171958036}. Best is trial 6 with value: 0.8080096273560128.
[I 2025-08-20 19:21:21,953] Trial 9 finished with value: 0.8009491875177276 and parameters: {'model_type': 'lgbm', 'n_estimators': 65, 'max_depth': 7, 'learning_rate': 0.24699895292140192}. Best is trial 6 with value: 0.8080096273560128.
Warning: less than 75% GPU memory available for training. Free: 4007.4375 Total: 81155.75
[I 2025-08-20 19:21:38,439] Trial 10 finished with value: 0.783078893506602 and parameters: {'model_type': 'cat', 'iterations': 768, 'depth': 4, 'learning_rate': 0.18391292359346795}. Best is trial 6 with value: 0.8080096273560128.
[I 2025-08-20 19:21:38,656] Trial 11 finished with value: 0.7980032790193714 and parameters: {'model_type': 'rf', 'n_estimators': 114, 'max_depth': 13, 'min_samples_split': 5}. Best is trial 6 with value: 0.8080096273560128.
Warning: less than 75% GPU memory available for training. Free: 7623.4375 Total: 81155.75
[I 2025-08-20 19:21:46,967] Trial 12 finished with value: 0.7771574854913137 and parameters: {'model_type': 'cat', 'iterations': 257, 'depth': 10, 'learning_rate': 0.12751078779935487}. Best is trial 6 with value: 0.8080096273560128.
[I 2025-08-20 19:21:46,982] Trial 13 finished with value: 0.45777927432039456 and parameters: {'model_type': 'bayesian_ridge', 'alpha_1': 1.2404890356457329e-05, 'alpha_2': 0.0001117448259700552, 'lambda_1': 0.000864303853497165, 'lambda_2': 9.967707530060186e-05}. Best is trial 6 with value: 0.8080096273560128.
[I 2025-08-20 19:21:47,167] Trial 14 finished with value: 0.7905000464940786 and parameters: {'model_type': 'rf', 'n_estimators': 114, 'max_depth': 11, 'min_samples_split': 10}. Best is trial 6 with value: 0.8080096273560128.
[I 2025-08-20 19:21:47,306] Trial 15 finished with value: 0.7962737819493835 and parameters: {'model_type': 'lgbm', 'n_estimators': 196, 'max_depth': 7, 'learning_rate': 0.14257344925799803}. Best is trial 6 with value: 0.8080096273560128.
Warning: less than 75% GPU memory available for training. Free: 7623.4375 Total: 81155.75
[I 2025-08-20 19:22:10,035] Trial 16 finished with value: 0.7790672297996792 and parameters: {'model_type': 'cat', 'iterations': 547, 'depth': 7, 'learning_rate': 0.10757577357700882}. Best is trial 6 with value: 0.8080096273560128.
[I 2025-08-20 19:22:10,076] Trial 17 finished with value: 0.7943739019393199 and parameters: {'model_type': 'lgbm', 'n_estimators': 139, 'max_depth': 3, 'learning_rate': 0.19815960568488572}. Best is trial 6 with value: 0.8080096273560128.
[I 2025-08-20 19:23:01,697] Trial 18 finished with value: 0.7927261036447195 and parameters: {'model_type': 'cat', 'iterations': 737, 'depth': 10, 'learning_rate': 0.07715999112358207}. Best is trial 6 with value: 0.8080096273560128.
[I 2025-08-20 19:23:01,895] Trial 19 finished with value: 0.7947657278951367 and parameters: {'model_type': 'rf', 'n_estimators': 93, 'max_depth': 15, 'min_samples_split': 2}. Best is trial 6 with value: 0.8080096273560128.
[I 2025-08-20 19:23:01,905] Trial 20 finished with value: 0.4577909384118801 and parameters: {'model_type': 'bayesian_ridge', 'alpha_1': 0.00023071901946259841, 'alpha_2': 2.4895535757686084e-06, 'lambda_1': 5.403097943933855e-05, 'lambda_2': 0.0009464775031060698}. Best is trial 6 with value: 0.8080096273560128.
[I 2025-08-20 19:23:01,949] Trial 21 finished with value: 0.7958251620065141 and parameters: {'model_type': 'lgbm', 'n_estimators': 58, 'max_depth': 7, 'learning_rate': 0.21551744085390104}. Best is trial 6 with value: 0.8080096273560128.
[I 2025-08-20 19:23:02,008] Trial 22 finished with value: 0.7840789546565825 and parameters: {'model_type': 'lgbm', 'n_estimators': 88, 'max_depth': 8, 'learning_rate': 0.23954612669299208}. Best is trial 6 with value: 0.8080096273560128.
[I 2025-08-20 19:23:02,067] Trial 23 finished with value: 0.782865840185113 and parameters: {'model_type': 'lgbm', 'n_estimators': 83, 'max_depth': 8, 'learning_rate': 0.16702247368462136}. Best is trial 6 with value: 0.8080096273560128.
[I 2025-08-20 19:23:02,136] Trial 24 finished with value: 0.8000609253428886 and parameters: {'model_type': 'lgbm', 'n_estimators': 134, 'max_depth': 6, 'learning_rate': 0.10580385430664137}. Best is trial 6 with value: 0.8080096273560128.
Warning: less than 75% GPU memory available for training. Free: 4007.4375 Total: 81155.75
[I 2025-08-20 19:23:10,761] Trial 25 finished with value: 0.7995778836684025 and parameters: {'model_type': 'cat', 'iterations': 363, 'depth': 5, 'learning_rate': 0.04421346936417957}. Best is trial 6 with value: 0.8080096273560128.
[I 2025-08-20 19:23:10,876] Trial 26 finished with value: 0.8007796255334635 and parameters: {'model_type': 'lgbm', 'n_estimators': 157, 'max_depth': 8, 'learning_rate': 0.11231392839321208}. Best is trial 6 with value: 0.8080096273560128.
[I 2025-08-20 19:23:10,914] Trial 27 finished with value: 0.784513949652839 and parameters: {'model_type': 'lgbm', 'n_estimators': 50, 'max_depth': 6, 'learning_rate': 0.2979102221673683}. Best is trial 6 with value: 0.8080096273560128.
Warning: less than 75% GPU memory available for training. Free: 4007.4375 Total: 81155.75
[I 2025-08-20 19:23:30,202] Trial 28 finished with value: 0.7768859746662624 and parameters: {'model_type': 'cat', 'iterations': 644, 'depth': 8, 'learning_rate': 0.14877173030774565}. Best is trial 6 with value: 0.8080096273560128.
[I 2025-08-20 19:23:32,112] Trial 29 finished with value: 0.7907426639592103 and parameters: {'model_type': 'xgb', 'n_estimators': 199, 'max_depth': 4, 'learning_rate': 0.0564109826879375}. Best is trial 6 with value: 0.8080096273560128.
[I 2025-08-20 19:23:32,285] Trial 30 finished with value: 0.7871057291536847 and parameters: {'model_type': 'rf', 'n_estimators': 114, 'max_depth': 10, 'min_samples_split': 10}. Best is trial 6 with value: 0.8080096273560128.
[I 2025-08-20 19:23:32,400] Trial 31 finished with value: 0.7878779960516554 and parameters: {'model_type': 'lgbm', 'n_estimators': 158, 'max_depth': 8, 'learning_rate': 0.1137090656826095}. Best is trial 6 with value: 0.8080096273560128.
[I 2025-08-20 19:23:32,512] Trial 32 finished with value: 0.8013772568518811 and parameters: {'model_type': 'lgbm', 'n_estimators': 171, 'max_depth': 7, 'learning_rate': 0.09938279575513287}. Best is trial 6 with value: 0.8080096273560128.
[I 2025-08-20 19:23:35,106] Trial 33 finished with value: 0.7722854879928911 and parameters: {'model_type': 'xgb', 'n_estimators': 175, 'max_depth': 7, 'learning_rate': 0.07966368795631164}. Best is trial 6 with value: 0.8080096273560128.
[I 2025-08-20 19:23:35,194] Trial 34 finished with value: 0.8126818832098001 and parameters: {'model_type': 'lgbm', 'n_estimators': 139, 'max_depth': 6, 'learning_rate': 0.09194015687332473}. Best is trial 34 with value: 0.8126818832098001.
[I 2025-08-20 19:23:35,254] Trial 35 finished with value: 0.8035810601145752 and parameters: {'model_type': 'lgbm', 'n_estimators': 143, 'max_depth': 4, 'learning_rate': 0.09098235661315768}. Best is trial 34 with value: 0.8126818832098001.
[I 2025-08-20 19:23:35,266] Trial 36 finished with value: 0.45777820284078274 and parameters: {'model_type': 'bayesian_ridge', 'alpha_1': 0.0009510866327468663, 'alpha_2': 0.0009898150099758485, 'lambda_1': 0.0009955140404837933, 'lambda_2': 2.5450636624796982e-05}. Best is trial 34 with value: 0.8126818832098001.
[I 2025-08-20 19:23:35,328] Trial 37 finished with value: 0.8056849944431894 and parameters: {'model_type': 'lgbm', 'n_estimators': 140, 'max_depth': 4, 'learning_rate': 0.1298748064171826}. Best is trial 34 with value: 0.8126818832098001.
[I 2025-08-20 19:23:36,506] Trial 38 finished with value: 0.7811238655444546 and parameters: {'model_type': 'xgb', 'n_estimators': 136, 'max_depth': 3, 'learning_rate': 0.13745316545045977}. Best is trial 34 with value: 0.8126818832098001.
[I 2025-08-20 19:23:36,564] Trial 39 finished with value: 0.7809291431990253 and parameters: {'model_type': 'lgbm', 'n_estimators': 125, 'max_depth': 4, 'learning_rate': 0.041841344302495656}. Best is trial 34 with value: 0.8126818832098001.
Warning: less than 75% GPU memory available for training. Free: 7623.4375 Total: 81155.75
[I 2025-08-20 19:23:46,835] Trial 40 finished with value: 0.7777082549339437 and parameters: {'model_type': 'cat', 'iterations': 425, 'depth': 8, 'learning_rate': 0.13020569346916738}. Best is trial 34 with value: 0.8126818832098001.
[I 2025-08-20 19:23:46,901] Trial 41 finished with value: 0.8080685427971445 and parameters: {'model_type': 'lgbm', 'n_estimators': 148, 'max_depth': 4, 'learning_rate': 0.09051877480292334}. Best is trial 34 with value: 0.8126818832098001.
[I 2025-08-20 19:23:46,966] Trial 42 finished with value: 0.7987716831412817 and parameters: {'model_type': 'lgbm', 'n_estimators': 127, 'max_depth': 5, 'learning_rate': 0.162811257376006}. Best is trial 34 with value: 0.8126818832098001.
[I 2025-08-20 19:23:47,032] Trial 43 finished with value: 0.8024375411848459 and parameters: {'model_type': 'lgbm', 'n_estimators': 165, 'max_depth': 4, 'learning_rate': 0.08858185643878805}. Best is trial 34 with value: 0.8126818832098001.
[I 2025-08-20 19:23:47,081] Trial 44 finished with value: 0.7728625410272303 and parameters: {'model_type': 'lgbm', 'n_estimators': 149, 'max_depth': 3, 'learning_rate': 0.05858854351860374}. Best is trial 34 with value: 0.8126818832098001.
[I 2025-08-20 19:23:47,153] Trial 45 finished with value: 0.8022940738438806 and parameters: {'model_type': 'lgbm', 'n_estimators': 187, 'max_depth': 4, 'learning_rate': 0.12221731463504719}. Best is trial 34 with value: 0.8126818832098001.
[I 2025-08-20 19:23:47,166] Trial 46 finished with value: 0.4577845620554438 and parameters: {'model_type': 'bayesian_ridge', 'alpha_1': 0.0005775470672664938, 'alpha_2': 0.0004954998551085009, 'lambda_1': 0.0005271118074073342, 'lambda_2': 0.0004836703397797227}. Best is trial 34 with value: 0.8126818832098001.
Warning: less than 75% GPU memory available for training. Free: 7623.4375 Total: 81155.75
[I 2025-08-20 19:23:53,987] Trial 47 finished with value: 0.7968770019170816 and parameters: {'model_type': 'cat', 'iterations': 619, 'depth': 4, 'learning_rate': 0.07089186232166793}. Best is trial 34 with value: 0.8126818832098001.
[I 2025-08-20 19:23:54,085] Trial 48 finished with value: 0.8047882257516015 and parameters: {'model_type': 'lgbm', 'n_estimators': 162, 'max_depth': 5, 'learning_rate': 0.03722552384284067}. Best is trial 34 with value: 0.8126818832098001.
[I 2025-08-20 19:23:54,309] Trial 49 finished with value: 0.7334917339309244 and parameters: {'model_type': 'rf', 'n_estimators': 148, 'max_depth': 6, 'min_samples_split': 6}. Best is trial 34 with value: 0.8126818832098001.
Regression Results:
  Train R²: 0.900
  Test R²: 0.813
  CV R²: 0.507 ± 0.241
Failed to save comparison file: Object of type ndarray is not JSON serializable

==================================================
ANALYSIS COMPLETE
==================================================
Check the following directories for outputs:
  - plots/: Visualization files
  - results/: Data files and reports
  - models/: Trained model files
