=== ML Measurable HTE Rate Bias Analysis ===

==================================================
Running HTE Prediction Analysis: each with 8 features
==================================================

=== Loading Data ===
Number of HTE rates: 1031
Found 5 hydrogen-dependent features: ['num_Hs', 'BV_Hs_avg', 'Charges_Hs_avg', 'fukui_E_Hs_avg', 'fukui_N_Hs_avg']
Found 2 pKa-dependent features: ['pka_aHs', 'pka_lowest']
Found 26 heteroatom-dependent features: ['BV_main_1', 'Charges_main_atom', 'fukui_E_main_atom', 'fukui_N_main_atom', 'L_main_atom_1', 'L_main_atom_2', 'B1_main_atom_1', 'B1_main_atom_2', 'B5_main_atom_1', 'B5_main_atom_2', 'Charges_secondary_1', 'Charges_secondary_2', 'fukui_N_secondary_1', 'fukui_N_secondary_2', 'Charges_secondary_avg', 'fukui_N_secondary_avg', 'FCS_1', 'FREQS_1', 'FCS_2', 'FREQS_2', 'FCS_avg', 'FREQS_avg', 'BV_Hs_avg', 'Charges_Hs_avg', 'fukui_E_Hs_avg', 'fukui_N_Hs_avg']

Processing num_Hs conditional features...
  18/46 molecules meet condition num_Hs
    num_Hs: 0 -> 0 NA values
    BV_Hs_avg: 28 -> 0 NA values
    Charges_Hs_avg: 28 -> 0 NA values
    fukui_E_Hs_avg: 28 -> 0 NA values
    fukui_N_Hs_avg: 28 -> 0 NA values

Processing pKa_features conditional features...
  18/46 molecules meet condition pKa_features
    Processing pKa feature pka_aHs with special handling...
      Created indicator: has_acidic_H_for_pka_aHs
      Created interaction: pka_aHs_x_has_acidic_H
      Used 50.0 for molecules without acidic H
    pka_aHs: 28 -> 0 NA values
    Processing pKa feature pka_lowest with special handling...
      Created indicator: has_acidic_H_for_pka_lowest
      Created interaction: pka_lowest_x_has_acidic_H
      Used 50.0 for molecules without acidic H
    pka_lowest: 38 -> 0 NA values

Handling remaining NA values...

Encoding categorical features...
  Removed identifier feature: name
  Found categorical feature class with 4 unique values: ['aromatic' 'hetero' 'aliphatic' 'mixture']
    One-hot encoded class -> 4 features: ['class_aliphatic', 'class_aromatic', 'class_hetero', 'class_mixture']
  Removed identifier feature: smiles
  Processed 1 categorical features
  Removed 2 identifier features: ['name', 'smiles']

Creating feature quality indicators...
  Added indicator: has_num_Hs
  Added indicator: has_pKa_features
Preprocessing complete. Shape: (46, 65)
Remaining NA values: 0
Found 1 pKa-dependent features: ['pka_basic']
Warning: num_Hs column not found, cannot properly handle pKa features
Found 15 heteroatom-dependent features: ['BV_main_1', 'Charges_main_atom', 'fukui_E_main_atom', 'fukui_N_main_atom', 'L_main_atom_1', 'B1_main_atom_1', 'B5_main_atom_1', 'Charges_secondary_1', 'fukui_N_secondary_1', 'Charges_secondary_avg', 'fukui_N_secondary_avg', 'FCS_1', 'FREQS_1', 'FCS_avg', 'FREQS_avg']

Handling remaining NA values...
  pka_basic: Filled 1 NA values with median/zero
  smiles: Filled 1 NA values with mode/unknown
  class: Filled 1 NA values with mode/unknown

Encoding categorical features...
  Removed identifier feature: name
  Removed identifier feature: smiles
  Found categorical feature class with 5 unique values: ['1_aliphatic' '1_aromatic' '2_aliphatic' '1_mixture' '2_mixture']
    One-hot encoded class -> 5 features: ['class_1_aliphatic', 'class_1_aromatic', 'class_1_mixture', 'class_2_aliphatic', 'class_2_mixture']
  Processed 1 categorical features
  Removed 2 identifier features: ['name', 'smiles']

Creating feature quality indicators...
Preprocessing complete. Shape: (55, 40)
Remaining NA values: 0
Loaded reaction energy features: 1488 rows, 8 features

=== Selecting Features (selected) ===
Final selected features (8): ['acyl_BV_secondary_2', 'amine_class_1_mixture', 'acyl_Charges_secondary_1', 'amine_pka_basic', 'amine_Charges_secondary_1', 'acyl_pka_aHs_x_has_acidic_H', 'amine_BV_secondary_avg', 'acyl_class_aromatic']
=== Building HTE Prediction Models with 8 features ===
Selected features: ['acyl_BV_secondary_2', 'amine_class_1_mixture', 'acyl_Charges_secondary_1', 'amine_pka_basic', 'amine_Charges_secondary_1', 'acyl_pka_aHs_x_has_acidic_H', 'amine_BV_secondary_avg', 'acyl_class_aromatic']
Valid features: 17
=== Building Regression Model ===
Regression dataset: (1031, 17)
Target range: -1.418 to 4.010


Training data: 619 samples
Test data: 206 samples


Train-only SFS selected 16 features for regression
Running hyperparameter optimization for regression...
[I 2025-08-20 19:16:37,326] A new study created in memory with name: no-name-b485b9ac-b552-4671-bf54-5228ba6b9f30
[I 2025-08-20 19:16:37,773] Trial 0 finished with value: 0.7526535317355669 and parameters: {'model_type': 'rf', 'n_estimators': 148, 'max_depth': 10, 'min_samples_split': 6}. Best is trial 0 with value: 0.7526535317355669.
[I 2025-08-20 19:16:37,831] Trial 1 finished with value: 0.5866900195887226 and parameters: {'model_type': 'bayesian_ridge', 'alpha_1': 0.0007749061078269407, 'alpha_2': 0.0006292027658915426, 'lambda_1': 9.18482436033756e-06, 'lambda_2': 0.00014167129624517502}. Best is trial 0 with value: 0.7526535317355669.
[I 2025-08-20 19:16:40,423] Trial 2 finished with value: 0.7141898886710167 and parameters: {'model_type': 'xgb', 'n_estimators': 99, 'max_depth': 9, 'learning_rate': 0.08821223422736302}. Best is trial 0 with value: 0.7526535317355669.
[I 2025-08-20 19:16:40,429] Trial 3 finished with value: 0.5866907420295546 and parameters: {'model_type': 'bayesian_ridge', 'alpha_1': 0.000948681865076689, 'alpha_2': 0.00063623675362677, 'lambda_1': 0.000977385741321161, 'lambda_2': 0.0003057487567829279}. Best is trial 0 with value: 0.7526535317355669.
[I 2025-08-20 19:16:42,545] Trial 4 finished with value: 0.7459142739576657 and parameters: {'model_type': 'xgb', 'n_estimators': 181, 'max_depth': 4, 'learning_rate': 0.2354219628694999}. Best is trial 0 with value: 0.7526535317355669.
[I 2025-08-20 19:16:42,912] Trial 5 finished with value: 0.7544009519348447 and parameters: {'model_type': 'rf', 'n_estimators': 108, 'max_depth': 13, 'min_samples_split': 6}. Best is trial 5 with value: 0.7544009519348447.
Warning: less than 75% GPU memory available for training. Free: 3533.4375 Total: 81155.75
[I 2025-08-20 19:16:54,865] Trial 6 finished with value: 0.759149420129745 and parameters: {'model_type': 'cat', 'iterations': 417, 'depth': 8, 'learning_rate': 0.2957648523307471}. Best is trial 6 with value: 0.759149420129745.
[I 2025-08-20 19:16:56,692] Trial 7 finished with value: 0.7516612497808602 and parameters: {'model_type': 'lgbm', 'n_estimators': 171, 'max_depth': 7, 'learning_rate': 0.13572077833931923}. Best is trial 6 with value: 0.759149420129745.
[I 2025-08-20 19:16:57,161] Trial 8 finished with value: 0.675745827114356 and parameters: {'model_type': 'rf', 'n_estimators': 160, 'max_depth': 5, 'min_samples_split': 6}. Best is trial 6 with value: 0.759149420129745.
Warning: less than 75% GPU memory available for training. Free: 3533.4375 Total: 81155.75
[I 2025-08-20 19:17:10,078] Trial 9 finished with value: 0.6853635622063368 and parameters: {'model_type': 'cat', 'iterations': 493, 'depth': 10, 'learning_rate': 0.2527099202328734}. Best is trial 6 with value: 0.759149420129745.
Warning: less than 75% GPU memory available for training. Free: 7197.4375 Total: 81155.75
[I 2025-08-20 19:17:17,576] Trial 10 finished with value: 0.771781270494012 and parameters: {'model_type': 'cat', 'iterations': 227, 'depth': 6, 'learning_rate': 0.2961858318257317}. Best is trial 10 with value: 0.771781270494012.
Warning: less than 75% GPU memory available for training. Free: 7197.4375 Total: 81155.75
[I 2025-08-20 19:17:23,628] Trial 11 finished with value: 0.763231444717584 and parameters: {'model_type': 'cat', 'iterations': 207, 'depth': 6, 'learning_rate': 0.2987296483548975}. Best is trial 10 with value: 0.771781270494012.
Warning: less than 75% GPU memory available for training. Free: 7197.4375 Total: 81155.75
[I 2025-08-20 19:17:28,704] Trial 12 finished with value: 0.7623296842115675 and parameters: {'model_type': 'cat', 'iterations': 202, 'depth': 5, 'learning_rate': 0.2999313543474548}. Best is trial 10 with value: 0.771781270494012.
Warning: less than 75% GPU memory available for training. Free: 7197.4375 Total: 81155.75
[I 2025-08-20 19:17:34,062] Trial 13 finished with value: 0.7828393991448628 and parameters: {'model_type': 'cat', 'iterations': 205, 'depth': 5, 'learning_rate': 0.20121869907456802}. Best is trial 13 with value: 0.7828393991448628.
Warning: less than 75% GPU memory available for training. Free: 7197.4375 Total: 81155.75
[I 2025-08-20 19:18:14,354] Trial 14 finished with value: 0.765503056542763 and parameters: {'model_type': 'cat', 'iterations': 720, 'depth': 4, 'learning_rate': 0.19031771255002783}. Best is trial 13 with value: 0.7828393991448628.
[I 2025-08-20 19:18:14,447] Trial 15 finished with value: 0.5537869456271578 and parameters: {'model_type': 'lgbm', 'n_estimators': 51, 'max_depth': 3, 'learning_rate': 0.028954464914613953}. Best is trial 13 with value: 0.7828393991448628.
Warning: less than 75% GPU memory available for training. Free: 7195.4375 Total: 81155.75
[I 2025-08-20 19:18:20,367] Trial 16 finished with value: 0.7745156828683188 and parameters: {'model_type': 'cat', 'iterations': 318, 'depth': 7, 'learning_rate': 0.18804296618967672}. Best is trial 13 with value: 0.7828393991448628.
Warning: less than 75% GPU memory available for training. Free: 4007.4375 Total: 81155.75
[I 2025-08-20 19:18:28,453] Trial 17 finished with value: 0.7448313363144637 and parameters: {'model_type': 'cat', 'iterations': 341, 'depth': 8, 'learning_rate': 0.1821267601098317}. Best is trial 13 with value: 0.7828393991448628.
Warning: less than 75% GPU memory available for training. Free: 7623.4375 Total: 81155.75
[I 2025-08-20 19:18:36,118] Trial 18 finished with value: 0.7676969024957757 and parameters: {'model_type': 'cat', 'iterations': 340, 'depth': 7, 'learning_rate': 0.13541481119280552}. Best is trial 13 with value: 0.7828393991448628.
[I 2025-08-20 19:18:36,194] Trial 19 finished with value: 0.768000507214871 and parameters: {'model_type': 'lgbm', 'n_estimators': 52, 'max_depth': 6, 'learning_rate': 0.2159597025384214}. Best is trial 13 with value: 0.7828393991448628.
[I 2025-08-20 19:18:36,205] Trial 20 finished with value: 0.5866944542892534 and parameters: {'model_type': 'bayesian_ridge', 'alpha_1': 2.3126083186951734e-05, 'alpha_2': 2.2713357921165034e-05, 'lambda_1': 0.00041274699802424557, 'lambda_2': 0.000998801388632974}. Best is trial 13 with value: 0.7828393991448628.
Warning: less than 75% GPU memory available for training. Free: 7623.4375 Total: 81155.75
[I 2025-08-20 19:18:41,358] Trial 21 finished with value: 0.7827762296257534 and parameters: {'model_type': 'cat', 'iterations': 252, 'depth': 6, 'learning_rate': 0.15372902959781926}. Best is trial 13 with value: 0.7828393991448628.
Warning: less than 75% GPU memory available for training. Free: 7623.4375 Total: 81155.75
[I 2025-08-20 19:18:49,035] Trial 22 finished with value: 0.7769738207181889 and parameters: {'model_type': 'cat', 'iterations': 319, 'depth': 6, 'learning_rate': 0.15211614040603608}. Best is trial 13 with value: 0.7828393991448628.
Warning: less than 75% GPU memory available for training. Free: 7623.4375 Total: 81155.75
[I 2025-08-20 19:18:54,980] Trial 23 finished with value: 0.777777072083411 and parameters: {'model_type': 'cat', 'iterations': 309, 'depth': 5, 'learning_rate': 0.13967811668508986}. Best is trial 13 with value: 0.7828393991448628.
[I 2025-08-20 19:18:58,902] Trial 24 finished with value: 0.728150639207521 and parameters: {'model_type': 'xgb', 'n_estimators': 197, 'max_depth': 8, 'learning_rate': 0.0994209646914988}. Best is trial 13 with value: 0.7828393991448628.
Warning: less than 75% GPU memory available for training. Free: 4037.4375 Total: 81155.75
[I 2025-08-20 19:19:28,778] Trial 25 finished with value: 0.777554236631867 and parameters: {'model_type': 'cat', 'iterations': 701, 'depth': 4, 'learning_rate': 0.09263380123944548}. Best is trial 13 with value: 0.7828393991448628.
Warning: less than 75% GPU memory available for training. Free: 4007.4375 Total: 81155.75
[I 2025-08-20 19:19:35,454] Trial 26 finished with value: 0.779920829144036 and parameters: {'model_type': 'cat', 'iterations': 271, 'depth': 5, 'learning_rate': 0.12851601480709654}. Best is trial 13 with value: 0.7828393991448628.
Warning: less than 75% GPU memory available for training. Free: 4007.4375 Total: 81155.75
[I 2025-08-20 19:20:00,011] Trial 27 finished with value: 0.7731381156251563 and parameters: {'model_type': 'cat', 'iterations': 616, 'depth': 5, 'learning_rate': 0.11570934792472456}. Best is trial 13 with value: 0.7828393991448628.
[I 2025-08-20 19:20:06,555] Trial 28 finished with value: 0.7778328607624491 and parameters: {'model_type': 'cat', 'iterations': 260, 'depth': 5, 'learning_rate': 0.17160086088439594}. Best is trial 13 with value: 0.7828393991448628.
[I 2025-08-20 19:20:07,034] Trial 29 finished with value: 0.7550694618428444 and parameters: {'model_type': 'rf', 'n_estimators': 130, 'max_depth': 15, 'min_samples_split': 2}. Best is trial 13 with value: 0.7828393991448628.
[I 2025-08-20 19:20:07,106] Trial 30 finished with value: 0.7298249191503452 and parameters: {'model_type': 'lgbm', 'n_estimators': 80, 'max_depth': 3, 'learning_rate': 0.05691371225362177}. Best is trial 13 with value: 0.7828393991448628.
[I 2025-08-20 19:20:13,560] Trial 31 finished with value: 0.7772730260344505 and parameters: {'model_type': 'cat', 'iterations': 263, 'depth': 5, 'learning_rate': 0.16968330468125845}. Best is trial 13 with value: 0.7828393991448628.
[I 2025-08-20 19:20:22,554] Trial 32 finished with value: 0.7767171477557357 and parameters: {'model_type': 'cat', 'iterations': 413, 'depth': 4, 'learning_rate': 0.20521815489910583}. Best is trial 13 with value: 0.7828393991448628.
[I 2025-08-20 19:20:22,568] Trial 33 finished with value: 0.5866929909856183 and parameters: {'model_type': 'bayesian_ridge', 'alpha_1': 0.0002665476472321625, 'alpha_2': 9.626203606390285e-05, 'lambda_1': 0.0009767367889743092, 'lambda_2': 0.0007339180748851258}. Best is trial 13 with value: 0.7828393991448628.
[I 2025-08-20 19:20:24,535] Trial 34 finished with value: 0.784495593693629 and parameters: {'model_type': 'xgb', 'n_estimators': 135, 'max_depth': 5, 'learning_rate': 0.1598947796987179}. Best is trial 34 with value: 0.784495593693629.
[I 2025-08-20 19:20:25,806] Trial 35 finished with value: 0.7668226647162709 and parameters: {'model_type': 'xgb', 'n_estimators': 137, 'max_depth': 5, 'learning_rate': 0.11594777819241121}. Best is trial 34 with value: 0.784495593693629.
[I 2025-08-20 19:20:26,550] Trial 36 finished with value: 0.7437936075353636 and parameters: {'model_type': 'xgb', 'n_estimators': 109, 'max_depth': 6, 'learning_rate': 0.2214753121953437}. Best is trial 34 with value: 0.784495593693629.
[I 2025-08-20 19:20:29,351] Trial 37 finished with value: 0.7764838731000789 and parameters: {'model_type': 'xgb', 'n_estimators': 79, 'max_depth': 4, 'learning_rate': 0.11986392699773897}. Best is trial 34 with value: 0.784495593693629.
[I 2025-08-20 19:20:31,609] Trial 38 finished with value: 0.7335340717847334 and parameters: {'model_type': 'xgb', 'n_estimators': 150, 'max_depth': 7, 'learning_rate': 0.1594059042524927}. Best is trial 34 with value: 0.784495593693629.
[I 2025-08-20 19:20:31,620] Trial 39 finished with value: 0.5866921267310403 and parameters: {'model_type': 'bayesian_ridge', 'alpha_1': 0.0005865075365577969, 'alpha_2': 0.0009912434624130162, 'lambda_1': 0.000550947241498485, 'lambda_2': 0.0005578521144747658}. Best is trial 34 with value: 0.784495593693629.
[I 2025-08-20 19:20:32,171] Trial 40 finished with value: 0.7484647863609133 and parameters: {'model_type': 'rf', 'n_estimators': 200, 'max_depth': 11, 'min_samples_split': 10}. Best is trial 34 with value: 0.784495593693629.
Warning: less than 75% GPU memory available for training. Free: 4007.4375 Total: 81155.75
[I 2025-08-20 19:20:37,513] Trial 41 finished with value: 0.7723332669916749 and parameters: {'model_type': 'cat', 'iterations': 263, 'depth': 6, 'learning_rate': 0.17163575062702136}. Best is trial 34 with value: 0.784495593693629.
[I 2025-08-20 19:20:38,947] Trial 42 finished with value: 0.7871157302195309 and parameters: {'model_type': 'xgb', 'n_estimators': 122, 'max_depth': 5, 'learning_rate': 0.1596669249292663}. Best is trial 42 with value: 0.7871157302195309.
[I 2025-08-20 19:20:40,392] Trial 43 finished with value: 0.7821116061145148 and parameters: {'model_type': 'xgb', 'n_estimators': 119, 'max_depth': 5, 'learning_rate': 0.07003151240820778}. Best is trial 42 with value: 0.7871157302195309.
[I 2025-08-20 19:20:41,855] Trial 44 finished with value: 0.7626261593553889 and parameters: {'model_type': 'xgb', 'n_estimators': 120, 'max_depth': 5, 'learning_rate': 0.06841252287892337}. Best is trial 42 with value: 0.7871157302195309.
[I 2025-08-20 19:20:43,131] Trial 45 finished with value: 0.775378221197368 and parameters: {'model_type': 'xgb', 'n_estimators': 120, 'max_depth': 4, 'learning_rate': 0.24914982676849906}. Best is trial 42 with value: 0.7871157302195309.
[I 2025-08-20 19:20:44,821] Trial 46 finished with value: 0.606343836745525 and parameters: {'model_type': 'xgb', 'n_estimators': 96, 'max_depth': 6, 'learning_rate': 0.012616692769250926}. Best is trial 42 with value: 0.7871157302195309.
[I 2025-08-20 19:20:47,141] Trial 47 finished with value: 0.7778691669308478 and parameters: {'model_type': 'xgb', 'n_estimators': 140, 'max_depth': 5, 'learning_rate': 0.27329259651969673}. Best is trial 42 with value: 0.7871157302195309.
[I 2025-08-20 19:20:48,039] Trial 48 finished with value: 0.7743762529271742 and parameters: {'model_type': 'xgb', 'n_estimators': 122, 'max_depth': 4, 'learning_rate': 0.20261843804510404}. Best is trial 42 with value: 0.7871157302195309.
[I 2025-08-20 19:20:48,553] Trial 49 finished with value: 0.7541919992761696 and parameters: {'model_type': 'xgb', 'n_estimators': 94, 'max_depth': 6, 'learning_rate': 0.14902899995295865}. Best is trial 42 with value: 0.7871157302195309.
Regression Results:
  Train R²: 0.995
  Test R²: 0.787
  CV R²: 0.414 ± 0.212

=== Generating Visualizations ===
=== Evaluating XGBoost with Parity Plots ===
Model Performance:
  Train R²: 0.995, MAE: 0.048, RMSE: 0.065
  Test R²: 0.787, MAE: 0.337, RMSE: 0.443
Generating parity plots...
Parity plot saved as: plots/parity_plot_xgboost_train_each_8_optuna_cpv2_gpu1_train.png
Parity plot saved as: plots/parity_plot_xgboost_test_each_8_optuna_cpv2_gpu1_test.png
Parity analysis plot saved as: plots/parity_analysis_xgboost_test_each_8_optuna_cpv2_gpu1_analysis.png
Saved predictions to results/predictions_each_8_optuna_cpv2_gpu1.csv
Saved combined dataset to results/combined_df_each_8_optuna_cpv2_gpu1.csv
Models saved with suffix: _each_8_optuna_cpv2_gpu1
HTE prediction evaluation report saved to results/reports/hte_prediction_report_manual_8_each_8_optuna_cpv2_gpu1.txt

=== Comparing without reaction-energy features (HTE prediction) ===
=== Building HTE Prediction Models with 8 features ===
Selected features: ['acyl_BV_secondary_2', 'amine_class_1_mixture', 'acyl_Charges_secondary_1', 'amine_pka_basic', 'amine_Charges_secondary_1', 'acyl_pka_aHs_x_has_acidic_H', 'amine_BV_secondary_avg', 'acyl_class_aromatic']
Valid features: 9
=== Building Regression Model ===
Regression dataset: (1031, 9)
Target range: -1.418 to 4.010


Training data: 619 samples
Test data: 206 samples


Train-only SFS selected 8 features for regression
Running hyperparameter optimization for regression...
[I 2025-08-20 19:21:14,631] A new study created in memory with name: no-name-7b2ba7f5-7673-4cac-8d17-78fcb7e260b8
[I 2025-08-20 19:21:14,802] Trial 0 finished with value: 0.776707456501894 and parameters: {'model_type': 'rf', 'n_estimators': 98, 'max_depth': 13, 'min_samples_split': 3}. Best is trial 0 with value: 0.776707456501894.
[I 2025-08-20 19:21:14,804] Trial 1 finished with value: 0.44007478209999307 and parameters: {'model_type': 'bayesian_ridge', 'alpha_1': 0.0008336379707893125, 'alpha_2': 0.00018518569435650384, 'lambda_1': 0.0008417684376990966, 'lambda_2': 4.2344625513874604e-05}. Best is trial 0 with value: 0.776707456501894.
[I 2025-08-20 19:21:14,933] Trial 2 finished with value: 0.7850124379001574 and parameters: {'model_type': 'lgbm', 'n_estimators': 181, 'max_depth': 6, 'learning_rate': 0.1890250450213893}. Best is trial 2 with value: 0.7850124379001574.
[I 2025-08-20 19:21:14,979] Trial 3 finished with value: 0.7925540623656386 and parameters: {'model_type': 'lgbm', 'n_estimators': 98, 'max_depth': 5, 'learning_rate': 0.18271532535386223}. Best is trial 3 with value: 0.7925540623656386.
[I 2025-08-20 19:21:15,180] Trial 4 finished with value: 0.767279141713687 and parameters: {'model_type': 'rf', 'n_estimators': 131, 'max_depth': 9, 'min_samples_split': 6}. Best is trial 3 with value: 0.7925540623656386.
[I 2025-08-20 19:21:15,249] Trial 5 finished with value: 0.5046574262885459 and parameters: {'model_type': 'rf', 'n_estimators': 74, 'max_depth': 3, 'min_samples_split': 7}. Best is trial 3 with value: 0.7925540623656386.
Warning: less than 75% GPU memory available for training. Free: 4007.4375 Total: 81155.75
[I 2025-08-20 19:21:21,472] Trial 6 finished with value: 0.7897268380933773 and parameters: {'model_type': 'cat', 'iterations': 352, 'depth': 4, 'learning_rate': 0.21765020313250613}. Best is trial 3 with value: 0.7925540623656386.
[I 2025-08-20 19:21:24,057] Trial 7 finished with value: 0.7615122039683058 and parameters: {'model_type': 'xgb', 'n_estimators': 76, 'max_depth': 10, 'learning_rate': 0.2897086199296976}. Best is trial 3 with value: 0.7925540623656386.
Warning: less than 75% GPU memory available for training. Free: 4007.4375 Total: 81155.75
[I 2025-08-20 19:21:44,851] Trial 8 finished with value: 0.7869208424078149 and parameters: {'model_type': 'cat', 'iterations': 713, 'depth': 7, 'learning_rate': 0.05398385837749478}. Best is trial 3 with value: 0.7925540623656386.
[I 2025-08-20 19:21:45,102] Trial 9 finished with value: 0.7757233599199806 and parameters: {'model_type': 'rf', 'n_estimators': 131, 'max_depth': 15, 'min_samples_split': 6}. Best is trial 3 with value: 0.7925540623656386.
[I 2025-08-20 19:21:45,268] Trial 10 finished with value: 0.8018232194971958 and parameters: {'model_type': 'lgbm', 'n_estimators': 178, 'max_depth': 4, 'learning_rate': 0.07449587952100592}. Best is trial 10 with value: 0.8018232194971958.
[I 2025-08-20 19:21:45,338] Trial 11 finished with value: 0.802869228555636 and parameters: {'model_type': 'lgbm', 'n_estimators': 199, 'max_depth': 4, 'learning_rate': 0.05577374411838673}. Best is trial 11 with value: 0.802869228555636.
[I 2025-08-20 19:21:45,390] Trial 12 finished with value: 0.7867019473596365 and parameters: {'model_type': 'lgbm', 'n_estimators': 199, 'max_depth': 3, 'learning_rate': 0.043008207171928436}. Best is trial 11 with value: 0.802869228555636.
[I 2025-08-20 19:21:45,462] Trial 13 finished with value: 0.8043936351583337 and parameters: {'model_type': 'lgbm', 'n_estimators': 167, 'max_depth': 5, 'learning_rate': 0.09997086830923231}. Best is trial 13 with value: 0.8043936351583337.
[I 2025-08-20 19:21:45,530] Trial 14 finished with value: 0.7941208270215541 and parameters: {'model_type': 'lgbm', 'n_estimators': 161, 'max_depth': 5, 'learning_rate': 0.11361383635935489}. Best is trial 13 with value: 0.8043936351583337.
[I 2025-08-20 19:21:45,539] Trial 15 finished with value: 0.44007642828460247 and parameters: {'model_type': 'bayesian_ridge', 'alpha_1': 4.046212902296143e-05, 'alpha_2': 0.0009494507919338552, 'lambda_1': 9.000438029269992e-05, 'lambda_2': 0.0009279085111420699}. Best is trial 13 with value: 0.8043936351583337.
[I 2025-08-20 19:21:47,725] Trial 16 finished with value: 0.7512112361263024 and parameters: {'model_type': 'xgb', 'n_estimators': 157, 'max_depth': 7, 'learning_rate': 0.11743168422284636}. Best is trial 13 with value: 0.8043936351583337.
[I 2025-08-20 19:21:47,828] Trial 17 finished with value: 0.7843455045971084 and parameters: {'model_type': 'lgbm', 'n_estimators': 199, 'max_depth': 5, 'learning_rate': 0.020877610666192342}. Best is trial 13 with value: 0.8043936351583337.
[I 2025-08-20 19:21:47,915] Trial 18 finished with value: 0.7806375470687559 and parameters: {'model_type': 'lgbm', 'n_estimators': 160, 'max_depth': 7, 'learning_rate': 0.11468435102396798}. Best is trial 13 with value: 0.8043936351583337.
[I 2025-08-20 19:21:47,975] Trial 19 finished with value: 0.7931365486309088 and parameters: {'model_type': 'lgbm', 'n_estimators': 180, 'max_depth': 4, 'learning_rate': 0.08211753212280669}. Best is trial 13 with value: 0.8043936351583337.
Warning: less than 75% GPU memory available for training. Free: 7623.4375 Total: 81155.75
[I 2025-08-20 19:21:53,842] Trial 20 finished with value: 0.7766636049016298 and parameters: {'model_type': 'cat', 'iterations': 211, 'depth': 10, 'learning_rate': 0.1545614968575129}. Best is trial 13 with value: 0.8043936351583337.
[I 2025-08-20 19:21:53,915] Trial 21 finished with value: 0.7982872204835106 and parameters: {'model_type': 'lgbm', 'n_estimators': 179, 'max_depth': 4, 'learning_rate': 0.0867072958419913}. Best is trial 13 with value: 0.8043936351583337.
[I 2025-08-20 19:21:53,968] Trial 22 finished with value: 0.7993162669628473 and parameters: {'model_type': 'lgbm', 'n_estimators': 149, 'max_depth': 4, 'learning_rate': 0.0756525325481125}. Best is trial 13 with value: 0.8043936351583337.
[I 2025-08-20 19:21:54,076] Trial 23 finished with value: 0.7860449588981254 and parameters: {'model_type': 'lgbm', 'n_estimators': 181, 'max_depth': 6, 'learning_rate': 0.02451529168569913}. Best is trial 13 with value: 0.8043936351583337.
[I 2025-08-20 19:21:54,144] Trial 24 finished with value: 0.800917918610272 and parameters: {'model_type': 'lgbm', 'n_estimators': 197, 'max_depth': 4, 'learning_rate': 0.06353091917845992}. Best is trial 13 with value: 0.8043936351583337.
[I 2025-08-20 19:21:54,153] Trial 25 finished with value: 0.4400755105611822 and parameters: {'model_type': 'bayesian_ridge', 'alpha_1': 0.00026021036836031613, 'alpha_2': 0.0007498838453811373, 'lambda_1': 4.2300108514853026e-05, 'lambda_2': 0.000411106134586047}. Best is trial 13 with value: 0.8043936351583337.
[I 2025-08-20 19:21:55,565] Trial 26 finished with value: 0.7920851616729703 and parameters: {'model_type': 'xgb', 'n_estimators': 173, 'max_depth': 3, 'learning_rate': 0.13751040428273148}. Best is trial 13 with value: 0.8043936351583337.
[I 2025-08-20 19:21:55,629] Trial 27 finished with value: 0.8047257827496125 and parameters: {'model_type': 'lgbm', 'n_estimators': 144, 'max_depth': 5, 'learning_rate': 0.09501641561020109}. Best is trial 27 with value: 0.8047257827496125.
[I 2025-08-20 19:21:55,704] Trial 28 finished with value: 0.7936272617376722 and parameters: {'model_type': 'lgbm', 'n_estimators': 143, 'max_depth': 6, 'learning_rate': 0.1027457031353273}. Best is trial 27 with value: 0.8047257827496125.
[I 2025-08-20 19:21:55,766] Trial 29 finished with value: 0.7995673043734854 and parameters: {'model_type': 'lgbm', 'n_estimators': 118, 'max_depth': 5, 'learning_rate': 0.04334283195862031}. Best is trial 27 with value: 0.8047257827496125.
Warning: less than 75% GPU memory available for training. Free: 7623.4375 Total: 81155.75
[I 2025-08-20 19:22:35,389] Trial 30 finished with value: 0.7840410622891539 and parameters: {'model_type': 'cat', 'iterations': 768, 'depth': 10, 'learning_rate': 0.1358101932277688}. Best is trial 27 with value: 0.8047257827496125.
[I 2025-08-20 19:22:35,457] Trial 31 finished with value: 0.8025330502634254 and parameters: {'model_type': 'lgbm', 'n_estimators': 167, 'max_depth': 4, 'learning_rate': 0.09097951326532219}. Best is trial 27 with value: 0.8047257827496125.
[I 2025-08-20 19:22:35,515] Trial 32 finished with value: 0.800006537760745 and parameters: {'model_type': 'lgbm', 'n_estimators': 140, 'max_depth': 5, 'learning_rate': 0.09335624679823998}. Best is trial 27 with value: 0.8047257827496125.
[I 2025-08-20 19:22:35,525] Trial 33 finished with value: 0.4400763933930957 and parameters: {'model_type': 'bayesian_ridge', 'alpha_1': 0.0009505066621686375, 'alpha_2': 1.7513099093856256e-05, 'lambda_1': 0.0009619452855229194, 'lambda_2': 0.0009457243658545702}. Best is trial 27 with value: 0.8047257827496125.
[I 2025-08-20 19:22:35,581] Trial 34 finished with value: 0.7930182118186306 and parameters: {'model_type': 'lgbm', 'n_estimators': 160, 'max_depth': 4, 'learning_rate': 0.052981216859225425}. Best is trial 27 with value: 0.8047257827496125.
[I 2025-08-20 19:22:35,614] Trial 35 finished with value: 0.8019920072641988 and parameters: {'model_type': 'lgbm', 'n_estimators': 118, 'max_depth': 3, 'learning_rate': 0.13634125789043805}. Best is trial 27 with value: 0.8047257827496125.
[I 2025-08-20 19:22:35,844] Trial 36 finished with value: 0.7420369086939649 and parameters: {'model_type': 'rf', 'n_estimators': 165, 'max_depth': 7, 'min_samples_split': 10}. Best is trial 27 with value: 0.8047257827496125.
[I 2025-08-20 19:22:35,921] Trial 37 finished with value: 0.7905340248823202 and parameters: {'model_type': 'lgbm', 'n_estimators': 189, 'max_depth': 5, 'learning_rate': 0.0977041968707709}. Best is trial 27 with value: 0.8047257827496125.
[I 2025-08-20 19:22:37,725] Trial 38 finished with value: 0.7245288470793902 and parameters: {'model_type': 'xgb', 'n_estimators': 147, 'max_depth': 6, 'learning_rate': 0.01346274590506652}. Best is trial 27 with value: 0.8047257827496125.
[I 2025-08-20 19:22:37,756] Trial 39 finished with value: 0.8056322595329317 and parameters: {'model_type': 'lgbm', 'n_estimators': 56, 'max_depth': 4, 'learning_rate': 0.19646841106986823}. Best is trial 39 with value: 0.8056322595329317.
[I 2025-08-20 19:22:37,958] Trial 40 finished with value: 0.7702969592439506 and parameters: {'model_type': 'rf', 'n_estimators': 108, 'max_depth': 11, 'min_samples_split': 2}. Best is trial 39 with value: 0.8056322595329317.
[I 2025-08-20 19:22:37,986] Trial 41 finished with value: 0.791956821129449 and parameters: {'model_type': 'lgbm', 'n_estimators': 58, 'max_depth': 4, 'learning_rate': 0.22190942358442198}. Best is trial 39 with value: 0.8056322595329317.
[I 2025-08-20 19:22:38,051] Trial 42 finished with value: 0.786126112705562 and parameters: {'model_type': 'lgbm', 'n_estimators': 168, 'max_depth': 5, 'learning_rate': 0.18514196715999273}. Best is trial 39 with value: 0.8056322595329317.
[I 2025-08-20 19:22:38,097] Trial 43 finished with value: 0.7894506742878646 and parameters: {'model_type': 'lgbm', 'n_estimators': 189, 'max_depth': 3, 'learning_rate': 0.21837221203159551}. Best is trial 39 with value: 0.8056322595329317.
[I 2025-08-20 19:22:38,143] Trial 44 finished with value: 0.7964392926977845 and parameters: {'model_type': 'lgbm', 'n_estimators': 134, 'max_depth': 4, 'learning_rate': 0.2006441594849541}. Best is trial 39 with value: 0.8056322595329317.
[I 2025-08-20 19:22:38,190] Trial 45 finished with value: 0.8032351962381903 and parameters: {'model_type': 'lgbm', 'n_estimators': 92, 'max_depth': 6, 'learning_rate': 0.1606701615324547}. Best is trial 39 with value: 0.8056322595329317.
[I 2025-08-20 19:22:38,200] Trial 46 finished with value: 0.4400747679279542 and parameters: {'model_type': 'bayesian_ridge', 'alpha_1': 0.000547945141624477, 'alpha_2': 0.00043445212343821423, 'lambda_1': 0.0004970631635432424, 'lambda_2': 1.9648238170787385e-05}. Best is trial 39 with value: 0.8056322595329317.
Warning: less than 75% GPU memory available for training. Free: 10887.4375 Total: 81155.75
[I 2025-08-20 19:22:44,431] Trial 47 finished with value: 0.7977709524442604 and parameters: {'model_type': 'cat', 'iterations': 540, 'depth': 4, 'learning_rate': 0.17180562426777876}. Best is trial 39 with value: 0.8056322595329317.
[I 2025-08-20 19:22:44,491] Trial 48 finished with value: 0.7882108824300086 and parameters: {'model_type': 'lgbm', 'n_estimators': 87, 'max_depth': 6, 'learning_rate': 0.25291770283323484}. Best is trial 39 with value: 0.8056322595329317.
[I 2025-08-20 19:22:44,567] Trial 49 finished with value: 0.7444725610057376 and parameters: {'model_type': 'rf', 'n_estimators': 50, 'max_depth': 7, 'min_samples_split': 10}. Best is trial 39 with value: 0.8056322595329317.
Regression Results:
  Train R²: 0.868
  Test R²: 0.806
  CV R²: 0.437 ± 0.234
Failed to save comparison file: Object of type ndarray is not JSON serializable

==================================================
ANALYSIS COMPLETE
==================================================
Check the following directories for outputs:
  - plots/: Visualization files
  - results/: Data files and reports
  - models/: Trained model files
