=== ML Measurable HTE Rate Bias Analysis ===

==================================================
Running HTE Prediction Analysis: each with 8 features
==================================================

=== Loading Data ===
Number of HTE rates: 1031
Found 5 hydrogen-dependent features: ['num_Hs', 'BV_Hs_avg', 'Charges_Hs_avg', 'fukui_E_Hs_avg', 'fukui_N_Hs_avg']
Found 2 pKa-dependent features: ['pka_aHs', 'pka_lowest']
Found 26 heteroatom-dependent features: ['BV_main_1', 'Charges_main_atom', 'fukui_E_main_atom', 'fukui_N_main_atom', 'L_main_atom_1', 'L_main_atom_2', 'B1_main_atom_1', 'B1_main_atom_2', 'B5_main_atom_1', 'B5_main_atom_2', 'Charges_secondary_1', 'Charges_secondary_2', 'fukui_N_secondary_1', 'fukui_N_secondary_2', 'Charges_secondary_avg', 'fukui_N_secondary_avg', 'FCS_1', 'FREQS_1', 'FCS_2', 'FREQS_2', 'FCS_avg', 'FREQS_avg', 'BV_Hs_avg', 'Charges_Hs_avg', 'fukui_E_Hs_avg', 'fukui_N_Hs_avg']

Processing num_Hs conditional features...
  18/46 molecules meet condition num_Hs
    num_Hs: 0 -> 0 NA values
    BV_Hs_avg: 28 -> 0 NA values
    Charges_Hs_avg: 28 -> 0 NA values
    fukui_E_Hs_avg: 28 -> 0 NA values
    fukui_N_Hs_avg: 28 -> 0 NA values

Processing pKa_features conditional features...
  18/46 molecules meet condition pKa_features
    Processing pKa feature pka_aHs with special handling...
      Created indicator: has_acidic_H_for_pka_aHs
      Created interaction: pka_aHs_x_has_acidic_H
      Used 50.0 for molecules without acidic H
    pka_aHs: 28 -> 0 NA values
    Processing pKa feature pka_lowest with special handling...
      Created indicator: has_acidic_H_for_pka_lowest
      Created interaction: pka_lowest_x_has_acidic_H
      Used 50.0 for molecules without acidic H
    pka_lowest: 38 -> 0 NA values

Handling remaining NA values...

Encoding categorical features...
  Removed identifier feature: name
  Found categorical feature class with 4 unique values: ['aromatic' 'hetero' 'aliphatic' 'mixture']
    One-hot encoded class -> 4 features: ['class_aliphatic', 'class_aromatic', 'class_hetero', 'class_mixture']
  Removed identifier feature: smiles
  Processed 1 categorical features
  Removed 2 identifier features: ['name', 'smiles']

Creating feature quality indicators...
  Added indicator: has_num_Hs
  Added indicator: has_pKa_features
Preprocessing complete. Shape: (46, 65)
Remaining NA values: 0
Found 1 pKa-dependent features: ['pka_basic']
Warning: num_Hs column not found, cannot properly handle pKa features
Found 15 heteroatom-dependent features: ['BV_main_1', 'Charges_main_atom', 'fukui_E_main_atom', 'fukui_N_main_atom', 'L_main_atom_1', 'B1_main_atom_1', 'B5_main_atom_1', 'Charges_secondary_1', 'fukui_N_secondary_1', 'Charges_secondary_avg', 'fukui_N_secondary_avg', 'FCS_1', 'FREQS_1', 'FCS_avg', 'FREQS_avg']

Handling remaining NA values...
  pka_basic: Filled 1 NA values with median/zero
  smiles: Filled 1 NA values with mode/unknown
  class: Filled 1 NA values with mode/unknown

Encoding categorical features...
  Removed identifier feature: name
  Removed identifier feature: smiles
  Found categorical feature class with 5 unique values: ['1_aliphatic' '1_aromatic' '2_aliphatic' '1_mixture' '2_mixture']
    One-hot encoded class -> 5 features: ['class_1_aliphatic', 'class_1_aromatic', 'class_1_mixture', 'class_2_aliphatic', 'class_2_mixture']
  Processed 1 categorical features
  Removed 2 identifier features: ['name', 'smiles']

Creating feature quality indicators...
Preprocessing complete. Shape: (55, 40)
Remaining NA values: 0
Loaded reaction energy features: 1488 rows, 8 features

=== Selecting Features (selected) ===
Final selected features (8): ['amine_class_1_mixture', 'acyl_Charges_secondary_1', 'amine_BV_secondary_avg', 'amine_Charges_secondary_1', 'amine_pka_basic', 'acyl_class_aromatic', 'acyl_pka_aHs_x_has_acidic_H', 'acyl_BV_secondary_2']
=== Building HTE Prediction Models with 8 features ===
Selected features: ['amine_class_1_mixture', 'acyl_Charges_secondary_1', 'amine_BV_secondary_avg', 'amine_Charges_secondary_1', 'amine_pka_basic', 'acyl_class_aromatic', 'acyl_pka_aHs_x_has_acidic_H', 'acyl_BV_secondary_2']
Valid features: 17
=== Building Regression Model ===
Regression dataset: (1031, 17)
Target range: -1.418 to 4.010


Training data: 607 samples
Test data: 240 samples


/home/passos/mambaforge/envs/hte-ml/lib/python3.10/multiprocessing/queues.py:122: UserWarning: pkg_resources is deprecated as an API. See https://setuptools.pypa.io/en/latest/pkg_resources.html. The pkg_resources package is slated for removal as early as 2025-11-30. Refrain from using this package or pin to Setuptools<81.
  return _ForkingPickler.loads(res)
/home/passos/mambaforge/envs/hte-ml/lib/python3.10/multiprocessing/queues.py:122: UserWarning: pkg_resources is deprecated as an API. See https://setuptools.pypa.io/en/latest/pkg_resources.html. The pkg_resources package is slated for removal as early as 2025-11-30. Refrain from using this package or pin to Setuptools<81.
  return _ForkingPickler.loads(res)
/home/passos/mambaforge/envs/hte-ml/lib/python3.10/multiprocessing/queues.py:122: UserWarning: pkg_resources is deprecated as an API. See https://setuptools.pypa.io/en/latest/pkg_resources.html. The pkg_resources package is slated for removal as early as 2025-11-30. Refrain from using this package or pin to Setuptools<81.
  return _ForkingPickler.loads(res)
/home/passos/mambaforge/envs/hte-ml/lib/python3.10/multiprocessing/queues.py:122: UserWarning: pkg_resources is deprecated as an API. See https://setuptools.pypa.io/en/latest/pkg_resources.html. The pkg_resources package is slated for removal as early as 2025-11-30. Refrain from using this package or pin to Setuptools<81.
  return _ForkingPickler.loads(res)
/home/passos/mambaforge/envs/hte-ml/lib/python3.10/multiprocessing/queues.py:122: UserWarning: pkg_resources is deprecated as an API. See https://setuptools.pypa.io/en/latest/pkg_resources.html. The pkg_resources package is slated for removal as early as 2025-11-30. Refrain from using this package or pin to Setuptools<81.
  return _ForkingPickler.loads(res)
/home/passos/mambaforge/envs/hte-ml/lib/python3.10/multiprocessing/queues.py:122: UserWarning: pkg_resources is deprecated as an API. See https://setuptools.pypa.io/en/latest/pkg_resources.html. The pkg_resources package is slated for removal as early as 2025-11-30. Refrain from using this package or pin to Setuptools<81.
  return _ForkingPickler.loads(res)
/home/passos/mambaforge/envs/hte-ml/lib/python3.10/multiprocessing/queues.py:122: UserWarning: pkg_resources is deprecated as an API. See https://setuptools.pypa.io/en/latest/pkg_resources.html. The pkg_resources package is slated for removal as early as 2025-11-30. Refrain from using this package or pin to Setuptools<81.
  return _ForkingPickler.loads(res)
/home/passos/mambaforge/envs/hte-ml/lib/python3.10/multiprocessing/queues.py:122: UserWarning: pkg_resources is deprecated as an API. See https://setuptools.pypa.io/en/latest/pkg_resources.html. The pkg_resources package is slated for removal as early as 2025-11-30. Refrain from using this package or pin to Setuptools<81.
  return _ForkingPickler.loads(res)
/home/passos/mambaforge/envs/hte-ml/lib/python3.10/multiprocessing/queues.py:122: UserWarning: pkg_resources is deprecated as an API. See https://setuptools.pypa.io/en/latest/pkg_resources.html. The pkg_resources package is slated for removal as early as 2025-11-30. Refrain from using this package or pin to Setuptools<81.
  return _ForkingPickler.loads(res)
/home/passos/mambaforge/envs/hte-ml/lib/python3.10/multiprocessing/queues.py:122: UserWarning: pkg_resources is deprecated as an API. See https://setuptools.pypa.io/en/latest/pkg_resources.html. The pkg_resources package is slated for removal as early as 2025-11-30. Refrain from using this package or pin to Setuptools<81.
  return _ForkingPickler.loads(res)
/home/passos/mambaforge/envs/hte-ml/lib/python3.10/multiprocessing/queues.py:122: UserWarning: pkg_resources is deprecated as an API. See https://setuptools.pypa.io/en/latest/pkg_resources.html. The pkg_resources package is slated for removal as early as 2025-11-30. Refrain from using this package or pin to Setuptools<81.
  return _ForkingPickler.loads(res)
/home/passos/mambaforge/envs/hte-ml/lib/python3.10/multiprocessing/queues.py:122: UserWarning: pkg_resources is deprecated as an API. See https://setuptools.pypa.io/en/latest/pkg_resources.html. The pkg_resources package is slated for removal as early as 2025-11-30. Refrain from using this package or pin to Setuptools<81.
  return _ForkingPickler.loads(res)
/home/passos/mambaforge/envs/hte-ml/lib/python3.10/multiprocessing/queues.py:122: UserWarning: pkg_resources is deprecated as an API. See https://setuptools.pypa.io/en/latest/pkg_resources.html. The pkg_resources package is slated for removal as early as 2025-11-30. Refrain from using this package or pin to Setuptools<81.
  return _ForkingPickler.loads(res)
/home/passos/mambaforge/envs/hte-ml/lib/python3.10/multiprocessing/queues.py:122: UserWarning: pkg_resources is deprecated as an API. See https://setuptools.pypa.io/en/latest/pkg_resources.html. The pkg_resources package is slated for removal as early as 2025-11-30. Refrain from using this package or pin to Setuptools<81.
  return _ForkingPickler.loads(res)
/home/passos/mambaforge/envs/hte-ml/lib/python3.10/multiprocessing/queues.py:122: UserWarning: pkg_resources is deprecated as an API. See https://setuptools.pypa.io/en/latest/pkg_resources.html. The pkg_resources package is slated for removal as early as 2025-11-30. Refrain from using this package or pin to Setuptools<81.
  return _ForkingPickler.loads(res)
/home/passos/mambaforge/envs/hte-ml/lib/python3.10/multiprocessing/queues.py:122: UserWarning: pkg_resources is deprecated as an API. See https://setuptools.pypa.io/en/latest/pkg_resources.html. The pkg_resources package is slated for removal as early as 2025-11-30. Refrain from using this package or pin to Setuptools<81.
  return _ForkingPickler.loads(res)
/home/passos/mambaforge/envs/hte-ml/lib/python3.10/multiprocessing/queues.py:122: UserWarning: pkg_resources is deprecated as an API. See https://setuptools.pypa.io/en/latest/pkg_resources.html. The pkg_resources package is slated for removal as early as 2025-11-30. Refrain from using this package or pin to Setuptools<81.
  return _ForkingPickler.loads(res)
/home/passos/mambaforge/envs/hte-ml/lib/python3.10/multiprocessing/queues.py:122: UserWarning: pkg_resources is deprecated as an API. See https://setuptools.pypa.io/en/latest/pkg_resources.html. The pkg_resources package is slated for removal as early as 2025-11-30. Refrain from using this package or pin to Setuptools<81.
  return _ForkingPickler.loads(res)
/home/passos/mambaforge/envs/hte-ml/lib/python3.10/multiprocessing/queues.py:122: UserWarning: pkg_resources is deprecated as an API. See https://setuptools.pypa.io/en/latest/pkg_resources.html. The pkg_resources package is slated for removal as early as 2025-11-30. Refrain from using this package or pin to Setuptools<81.
  return _ForkingPickler.loads(res)
/home/passos/mambaforge/envs/hte-ml/lib/python3.10/multiprocessing/queues.py:122: UserWarning: pkg_resources is deprecated as an API. See https://setuptools.pypa.io/en/latest/pkg_resources.html. The pkg_resources package is slated for removal as early as 2025-11-30. Refrain from using this package or pin to Setuptools<81.
  return _ForkingPickler.loads(res)
/home/passos/mambaforge/envs/hte-ml/lib/python3.10/multiprocessing/queues.py:122: UserWarning: pkg_resources is deprecated as an API. See https://setuptools.pypa.io/en/latest/pkg_resources.html. The pkg_resources package is slated for removal as early as 2025-11-30. Refrain from using this package or pin to Setuptools<81.
  return _ForkingPickler.loads(res)
/home/passos/mambaforge/envs/hte-ml/lib/python3.10/multiprocessing/queues.py:122: UserWarning: pkg_resources is deprecated as an API. See https://setuptools.pypa.io/en/latest/pkg_resources.html. The pkg_resources package is slated for removal as early as 2025-11-30. Refrain from using this package or pin to Setuptools<81.
  return _ForkingPickler.loads(res)
/home/passos/mambaforge/envs/hte-ml/lib/python3.10/multiprocessing/queues.py:122: UserWarning: pkg_resources is deprecated as an API. See https://setuptools.pypa.io/en/latest/pkg_resources.html. The pkg_resources package is slated for removal as early as 2025-11-30. Refrain from using this package or pin to Setuptools<81.
  return _ForkingPickler.loads(res)
/home/passos/mambaforge/envs/hte-ml/lib/python3.10/multiprocessing/queues.py:122: UserWarning: pkg_resources is deprecated as an API. See https://setuptools.pypa.io/en/latest/pkg_resources.html. The pkg_resources package is slated for removal as early as 2025-11-30. Refrain from using this package or pin to Setuptools<81.
  return _ForkingPickler.loads(res)
/home/passos/mambaforge/envs/hte-ml/lib/python3.10/multiprocessing/queues.py:122: UserWarning: pkg_resources is deprecated as an API. See https://setuptools.pypa.io/en/latest/pkg_resources.html. The pkg_resources package is slated for removal as early as 2025-11-30. Refrain from using this package or pin to Setuptools<81.
  return _ForkingPickler.loads(res)
/home/passos/mambaforge/envs/hte-ml/lib/python3.10/multiprocessing/queues.py:122: UserWarning: pkg_resources is deprecated as an API. See https://setuptools.pypa.io/en/latest/pkg_resources.html. The pkg_resources package is slated for removal as early as 2025-11-30. Refrain from using this package or pin to Setuptools<81.
  return _ForkingPickler.loads(res)
/home/passos/mambaforge/envs/hte-ml/lib/python3.10/multiprocessing/queues.py:122: UserWarning: pkg_resources is deprecated as an API. See https://setuptools.pypa.io/en/latest/pkg_resources.html. The pkg_resources package is slated for removal as early as 2025-11-30. Refrain from using this package or pin to Setuptools<81.
  return _ForkingPickler.loads(res)
/home/passos/mambaforge/envs/hte-ml/lib/python3.10/multiprocessing/queues.py:122: UserWarning: pkg_resources is deprecated as an API. See https://setuptools.pypa.io/en/latest/pkg_resources.html. The pkg_resources package is slated for removal as early as 2025-11-30. Refrain from using this package or pin to Setuptools<81.
  return _ForkingPickler.loads(res)
/home/passos/mambaforge/envs/hte-ml/lib/python3.10/multiprocessing/queues.py:122: UserWarning: pkg_resources is deprecated as an API. See https://setuptools.pypa.io/en/latest/pkg_resources.html. The pkg_resources package is slated for removal as early as 2025-11-30. Refrain from using this package or pin to Setuptools<81.
  return _ForkingPickler.loads(res)
/home/passos/mambaforge/envs/hte-ml/lib/python3.10/multiprocessing/queues.py:122: UserWarning: pkg_resources is deprecated as an API. See https://setuptools.pypa.io/en/latest/pkg_resources.html. The pkg_resources package is slated for removal as early as 2025-11-30. Refrain from using this package or pin to Setuptools<81.
  return _ForkingPickler.loads(res)
/home/passos/mambaforge/envs/hte-ml/lib/python3.10/multiprocessing/queues.py:122: UserWarning: pkg_resources is deprecated as an API. See https://setuptools.pypa.io/en/latest/pkg_resources.html. The pkg_resources package is slated for removal as early as 2025-11-30. Refrain from using this package or pin to Setuptools<81.
  return _ForkingPickler.loads(res)
/home/passos/mambaforge/envs/hte-ml/lib/python3.10/multiprocessing/queues.py:122: UserWarning: pkg_resources is deprecated as an API. See https://setuptools.pypa.io/en/latest/pkg_resources.html. The pkg_resources package is slated for removal as early as 2025-11-30. Refrain from using this package or pin to Setuptools<81.
  return _ForkingPickler.loads(res)
/home/passos/mambaforge/envs/hte-ml/lib/python3.10/multiprocessing/queues.py:122: UserWarning: pkg_resources is deprecated as an API. See https://setuptools.pypa.io/en/latest/pkg_resources.html. The pkg_resources package is slated for removal as early as 2025-11-30. Refrain from using this package or pin to Setuptools<81.
  return _ForkingPickler.loads(res)
/home/passos/mambaforge/envs/hte-ml/lib/python3.10/multiprocessing/queues.py:122: UserWarning: pkg_resources is deprecated as an API. See https://setuptools.pypa.io/en/latest/pkg_resources.html. The pkg_resources package is slated for removal as early as 2025-11-30. Refrain from using this package or pin to Setuptools<81.
  return _ForkingPickler.loads(res)
/home/passos/mambaforge/envs/hte-ml/lib/python3.10/multiprocessing/queues.py:122: UserWarning: pkg_resources is deprecated as an API. See https://setuptools.pypa.io/en/latest/pkg_resources.html. The pkg_resources package is slated for removal as early as 2025-11-30. Refrain from using this package or pin to Setuptools<81.
  return _ForkingPickler.loads(res)
/home/passos/mambaforge/envs/hte-ml/lib/python3.10/multiprocessing/queues.py:122: UserWarning: pkg_resources is deprecated as an API. See https://setuptools.pypa.io/en/latest/pkg_resources.html. The pkg_resources package is slated for removal as early as 2025-11-30. Refrain from using this package or pin to Setuptools<81.
  return _ForkingPickler.loads(res)
/home/passos/mambaforge/envs/hte-ml/lib/python3.10/multiprocessing/queues.py:122: UserWarning: pkg_resources is deprecated as an API. See https://setuptools.pypa.io/en/latest/pkg_resources.html. The pkg_resources package is slated for removal as early as 2025-11-30. Refrain from using this package or pin to Setuptools<81.
  return _ForkingPickler.loads(res)
/home/passos/mambaforge/envs/hte-ml/lib/python3.10/multiprocessing/queues.py:122: UserWarning: pkg_resources is deprecated as an API. See https://setuptools.pypa.io/en/latest/pkg_resources.html. The pkg_resources package is slated for removal as early as 2025-11-30. Refrain from using this package or pin to Setuptools<81.
  return _ForkingPickler.loads(res)
/home/passos/mambaforge/envs/hte-ml/lib/python3.10/multiprocessing/queues.py:122: UserWarning: pkg_resources is deprecated as an API. See https://setuptools.pypa.io/en/latest/pkg_resources.html. The pkg_resources package is slated for removal as early as 2025-11-30. Refrain from using this package or pin to Setuptools<81.
  return _ForkingPickler.loads(res)
/home/passos/mambaforge/envs/hte-ml/lib/python3.10/multiprocessing/queues.py:122: UserWarning: pkg_resources is deprecated as an API. See https://setuptools.pypa.io/en/latest/pkg_resources.html. The pkg_resources package is slated for removal as early as 2025-11-30. Refrain from using this package or pin to Setuptools<81.
  return _ForkingPickler.loads(res)
/home/passos/mambaforge/envs/hte-ml/lib/python3.10/multiprocessing/queues.py:122: UserWarning: pkg_resources is deprecated as an API. See https://setuptools.pypa.io/en/latest/pkg_resources.html. The pkg_resources package is slated for removal as early as 2025-11-30. Refrain from using this package or pin to Setuptools<81.
  return _ForkingPickler.loads(res)
/home/passos/mambaforge/envs/hte-ml/lib/python3.10/multiprocessing/queues.py:122: UserWarning: pkg_resources is deprecated as an API. See https://setuptools.pypa.io/en/latest/pkg_resources.html. The pkg_resources package is slated for removal as early as 2025-11-30. Refrain from using this package or pin to Setuptools<81.
  return _ForkingPickler.loads(res)
/home/passos/mambaforge/envs/hte-ml/lib/python3.10/multiprocessing/queues.py:122: UserWarning: pkg_resources is deprecated as an API. See https://setuptools.pypa.io/en/latest/pkg_resources.html. The pkg_resources package is slated for removal as early as 2025-11-30. Refrain from using this package or pin to Setuptools<81.
  return _ForkingPickler.loads(res)
/home/passos/mambaforge/envs/hte-ml/lib/python3.10/multiprocessing/queues.py:122: UserWarning: pkg_resources is deprecated as an API. See https://setuptools.pypa.io/en/latest/pkg_resources.html. The pkg_resources package is slated for removal as early as 2025-11-30. Refrain from using this package or pin to Setuptools<81.
  return _ForkingPickler.loads(res)
/home/passos/mambaforge/envs/hte-ml/lib/python3.10/multiprocessing/queues.py:122: UserWarning: pkg_resources is deprecated as an API. See https://setuptools.pypa.io/en/latest/pkg_resources.html. The pkg_resources package is slated for removal as early as 2025-11-30. Refrain from using this package or pin to Setuptools<81.
  return _ForkingPickler.loads(res)
/home/passos/mambaforge/envs/hte-ml/lib/python3.10/multiprocessing/queues.py:122: UserWarning: pkg_resources is deprecated as an API. See https://setuptools.pypa.io/en/latest/pkg_resources.html. The pkg_resources package is slated for removal as early as 2025-11-30. Refrain from using this package or pin to Setuptools<81.
  return _ForkingPickler.loads(res)
/home/passos/mambaforge/envs/hte-ml/lib/python3.10/multiprocessing/queues.py:122: UserWarning: pkg_resources is deprecated as an API. See https://setuptools.pypa.io/en/latest/pkg_resources.html. The pkg_resources package is slated for removal as early as 2025-11-30. Refrain from using this package or pin to Setuptools<81.
  return _ForkingPickler.loads(res)
/home/passos/mambaforge/envs/hte-ml/lib/python3.10/multiprocessing/queues.py:122: UserWarning: pkg_resources is deprecated as an API. See https://setuptools.pypa.io/en/latest/pkg_resources.html. The pkg_resources package is slated for removal as early as 2025-11-30. Refrain from using this package or pin to Setuptools<81.
  return _ForkingPickler.loads(res)
/home/passos/mambaforge/envs/hte-ml/lib/python3.10/multiprocessing/queues.py:122: UserWarning: pkg_resources is deprecated as an API. See https://setuptools.pypa.io/en/latest/pkg_resources.html. The pkg_resources package is slated for removal as early as 2025-11-30. Refrain from using this package or pin to Setuptools<81.
  return _ForkingPickler.loads(res)
/home/passos/mambaforge/envs/hte-ml/lib/python3.10/multiprocessing/queues.py:122: UserWarning: pkg_resources is deprecated as an API. See https://setuptools.pypa.io/en/latest/pkg_resources.html. The pkg_resources package is slated for removal as early as 2025-11-30. Refrain from using this package or pin to Setuptools<81.
  return _ForkingPickler.loads(res)
/home/passos/mambaforge/envs/hte-ml/lib/python3.10/multiprocessing/queues.py:122: UserWarning: pkg_resources is deprecated as an API. See https://setuptools.pypa.io/en/latest/pkg_resources.html. The pkg_resources package is slated for removal as early as 2025-11-30. Refrain from using this package or pin to Setuptools<81.
  return _ForkingPickler.loads(res)
/home/passos/mambaforge/envs/hte-ml/lib/python3.10/multiprocessing/queues.py:122: UserWarning: pkg_resources is deprecated as an API. See https://setuptools.pypa.io/en/latest/pkg_resources.html. The pkg_resources package is slated for removal as early as 2025-11-30. Refrain from using this package or pin to Setuptools<81.
  return _ForkingPickler.loads(res)
/home/passos/mambaforge/envs/hte-ml/lib/python3.10/multiprocessing/queues.py:122: UserWarning: pkg_resources is deprecated as an API. See https://setuptools.pypa.io/en/latest/pkg_resources.html. The pkg_resources package is slated for removal as early as 2025-11-30. Refrain from using this package or pin to Setuptools<81.
  return _ForkingPickler.loads(res)
/home/passos/mambaforge/envs/hte-ml/lib/python3.10/multiprocessing/queues.py:122: UserWarning: pkg_resources is deprecated as an API. See https://setuptools.pypa.io/en/latest/pkg_resources.html. The pkg_resources package is slated for removal as early as 2025-11-30. Refrain from using this package or pin to Setuptools<81.
  return _ForkingPickler.loads(res)
/home/passos/mambaforge/envs/hte-ml/lib/python3.10/multiprocessing/queues.py:122: UserWarning: pkg_resources is deprecated as an API. See https://setuptools.pypa.io/en/latest/pkg_resources.html. The pkg_resources package is slated for removal as early as 2025-11-30. Refrain from using this package or pin to Setuptools<81.
  return _ForkingPickler.loads(res)
/home/passos/mambaforge/envs/hte-ml/lib/python3.10/multiprocessing/queues.py:122: UserWarning: pkg_resources is deprecated as an API. See https://setuptools.pypa.io/en/latest/pkg_resources.html. The pkg_resources package is slated for removal as early as 2025-11-30. Refrain from using this package or pin to Setuptools<81.
  return _ForkingPickler.loads(res)
/home/passos/mambaforge/envs/hte-ml/lib/python3.10/multiprocessing/queues.py:122: UserWarning: pkg_resources is deprecated as an API. See https://setuptools.pypa.io/en/latest/pkg_resources.html. The pkg_resources package is slated for removal as early as 2025-11-30. Refrain from using this package or pin to Setuptools<81.
  return _ForkingPickler.loads(res)
/home/passos/mambaforge/envs/hte-ml/lib/python3.10/multiprocessing/queues.py:122: UserWarning: pkg_resources is deprecated as an API. See https://setuptools.pypa.io/en/latest/pkg_resources.html. The pkg_resources package is slated for removal as early as 2025-11-30. Refrain from using this package or pin to Setuptools<81.
  return _ForkingPickler.loads(res)
/home/passos/mambaforge/envs/hte-ml/lib/python3.10/multiprocessing/queues.py:122: UserWarning: pkg_resources is deprecated as an API. See https://setuptools.pypa.io/en/latest/pkg_resources.html. The pkg_resources package is slated for removal as early as 2025-11-30. Refrain from using this package or pin to Setuptools<81.
  return _ForkingPickler.loads(res)
/home/passos/mambaforge/envs/hte-ml/lib/python3.10/multiprocessing/queues.py:122: UserWarning: pkg_resources is deprecated as an API. See https://setuptools.pypa.io/en/latest/pkg_resources.html. The pkg_resources package is slated for removal as early as 2025-11-30. Refrain from using this package or pin to Setuptools<81.
  return _ForkingPickler.loads(res)
/home/passos/mambaforge/envs/hte-ml/lib/python3.10/multiprocessing/queues.py:122: UserWarning: pkg_resources is deprecated as an API. See https://setuptools.pypa.io/en/latest/pkg_resources.html. The pkg_resources package is slated for removal as early as 2025-11-30. Refrain from using this package or pin to Setuptools<81.
  return _ForkingPickler.loads(res)
/home/passos/mambaforge/envs/hte-ml/lib/python3.10/multiprocessing/queues.py:122: UserWarning: pkg_resources is deprecated as an API. See https://setuptools.pypa.io/en/latest/pkg_resources.html. The pkg_resources package is slated for removal as early as 2025-11-30. Refrain from using this package or pin to Setuptools<81.
  return _ForkingPickler.loads(res)
/home/passos/mambaforge/envs/hte-ml/lib/python3.10/multiprocessing/queues.py:122: UserWarning: pkg_resources is deprecated as an API. See https://setuptools.pypa.io/en/latest/pkg_resources.html. The pkg_resources package is slated for removal as early as 2025-11-30. Refrain from using this package or pin to Setuptools<81.
  return _ForkingPickler.loads(res)
/home/passos/mambaforge/envs/hte-ml/lib/python3.10/multiprocessing/queues.py:122: UserWarning: pkg_resources is deprecated as an API. See https://setuptools.pypa.io/en/latest/pkg_resources.html. The pkg_resources package is slated for removal as early as 2025-11-30. Refrain from using this package or pin to Setuptools<81.
  return _ForkingPickler.loads(res)
/home/passos/mambaforge/envs/hte-ml/lib/python3.10/multiprocessing/queues.py:122: UserWarning: pkg_resources is deprecated as an API. See https://setuptools.pypa.io/en/latest/pkg_resources.html. The pkg_resources package is slated for removal as early as 2025-11-30. Refrain from using this package or pin to Setuptools<81.
  return _ForkingPickler.loads(res)
/home/passos/mambaforge/envs/hte-ml/lib/python3.10/multiprocessing/queues.py:122: UserWarning: pkg_resources is deprecated as an API. See https://setuptools.pypa.io/en/latest/pkg_resources.html. The pkg_resources package is slated for removal as early as 2025-11-30. Refrain from using this package or pin to Setuptools<81.
  return _ForkingPickler.loads(res)
/home/passos/mambaforge/envs/hte-ml/lib/python3.10/multiprocessing/queues.py:122: UserWarning: pkg_resources is deprecated as an API. See https://setuptools.pypa.io/en/latest/pkg_resources.html. The pkg_resources package is slated for removal as early as 2025-11-30. Refrain from using this package or pin to Setuptools<81.
  return _ForkingPickler.loads(res)
/home/passos/mambaforge/envs/hte-ml/lib/python3.10/multiprocessing/queues.py:122: UserWarning: pkg_resources is deprecated as an API. See https://setuptools.pypa.io/en/latest/pkg_resources.html. The pkg_resources package is slated for removal as early as 2025-11-30. Refrain from using this package or pin to Setuptools<81.
  return _ForkingPickler.loads(res)
/home/passos/mambaforge/envs/hte-ml/lib/python3.10/multiprocessing/queues.py:122: UserWarning: pkg_resources is deprecated as an API. See https://setuptools.pypa.io/en/latest/pkg_resources.html. The pkg_resources package is slated for removal as early as 2025-11-30. Refrain from using this package or pin to Setuptools<81.
  return _ForkingPickler.loads(res)
/home/passos/mambaforge/envs/hte-ml/lib/python3.10/multiprocessing/queues.py:122: UserWarning: pkg_resources is deprecated as an API. See https://setuptools.pypa.io/en/latest/pkg_resources.html. The pkg_resources package is slated for removal as early as 2025-11-30. Refrain from using this package or pin to Setuptools<81.
  return _ForkingPickler.loads(res)
/home/passos/mambaforge/envs/hte-ml/lib/python3.10/multiprocessing/queues.py:122: UserWarning: pkg_resources is deprecated as an API. See https://setuptools.pypa.io/en/latest/pkg_resources.html. The pkg_resources package is slated for removal as early as 2025-11-30. Refrain from using this package or pin to Setuptools<81.
  return _ForkingPickler.loads(res)
/home/passos/mambaforge/envs/hte-ml/lib/python3.10/multiprocessing/queues.py:122: UserWarning: pkg_resources is deprecated as an API. See https://setuptools.pypa.io/en/latest/pkg_resources.html. The pkg_resources package is slated for removal as early as 2025-11-30. Refrain from using this package or pin to Setuptools<81.
  return _ForkingPickler.loads(res)
/home/passos/mambaforge/envs/hte-ml/lib/python3.10/multiprocessing/queues.py:122: UserWarning: pkg_resources is deprecated as an API. See https://setuptools.pypa.io/en/latest/pkg_resources.html. The pkg_resources package is slated for removal as early as 2025-11-30. Refrain from using this package or pin to Setuptools<81.
  return _ForkingPickler.loads(res)
/home/passos/mambaforge/envs/hte-ml/lib/python3.10/multiprocessing/queues.py:122: UserWarning: pkg_resources is deprecated as an API. See https://setuptools.pypa.io/en/latest/pkg_resources.html. The pkg_resources package is slated for removal as early as 2025-11-30. Refrain from using this package or pin to Setuptools<81.
  return _ForkingPickler.loads(res)
/home/passos/mambaforge/envs/hte-ml/lib/python3.10/multiprocessing/queues.py:122: UserWarning: pkg_resources is deprecated as an API. See https://setuptools.pypa.io/en/latest/pkg_resources.html. The pkg_resources package is slated for removal as early as 2025-11-30. Refrain from using this package or pin to Setuptools<81.
  return _ForkingPickler.loads(res)
/home/passos/mambaforge/envs/hte-ml/lib/python3.10/multiprocessing/queues.py:122: UserWarning: pkg_resources is deprecated as an API. See https://setuptools.pypa.io/en/latest/pkg_resources.html. The pkg_resources package is slated for removal as early as 2025-11-30. Refrain from using this package or pin to Setuptools<81.
  return _ForkingPickler.loads(res)
/home/passos/mambaforge/envs/hte-ml/lib/python3.10/multiprocessing/queues.py:122: UserWarning: pkg_resources is deprecated as an API. See https://setuptools.pypa.io/en/latest/pkg_resources.html. The pkg_resources package is slated for removal as early as 2025-11-30. Refrain from using this package or pin to Setuptools<81.
  return _ForkingPickler.loads(res)
/home/passos/mambaforge/envs/hte-ml/lib/python3.10/multiprocessing/queues.py:122: UserWarning: pkg_resources is deprecated as an API. See https://setuptools.pypa.io/en/latest/pkg_resources.html. The pkg_resources package is slated for removal as early as 2025-11-30. Refrain from using this package or pin to Setuptools<81.
  return _ForkingPickler.loads(res)
/home/passos/mambaforge/envs/hte-ml/lib/python3.10/multiprocessing/queues.py:122: UserWarning: pkg_resources is deprecated as an API. See https://setuptools.pypa.io/en/latest/pkg_resources.html. The pkg_resources package is slated for removal as early as 2025-11-30. Refrain from using this package or pin to Setuptools<81.
  return _ForkingPickler.loads(res)
/home/passos/mambaforge/envs/hte-ml/lib/python3.10/multiprocessing/queues.py:122: UserWarning: pkg_resources is deprecated as an API. See https://setuptools.pypa.io/en/latest/pkg_resources.html. The pkg_resources package is slated for removal as early as 2025-11-30. Refrain from using this package or pin to Setuptools<81.
  return _ForkingPickler.loads(res)
/home/passos/mambaforge/envs/hte-ml/lib/python3.10/multiprocessing/queues.py:122: UserWarning: pkg_resources is deprecated as an API. See https://setuptools.pypa.io/en/latest/pkg_resources.html. The pkg_resources package is slated for removal as early as 2025-11-30. Refrain from using this package or pin to Setuptools<81.
  return _ForkingPickler.loads(res)
/home/passos/mambaforge/envs/hte-ml/lib/python3.10/multiprocessing/queues.py:122: UserWarning: pkg_resources is deprecated as an API. See https://setuptools.pypa.io/en/latest/pkg_resources.html. The pkg_resources package is slated for removal as early as 2025-11-30. Refrain from using this package or pin to Setuptools<81.
  return _ForkingPickler.loads(res)
/home/passos/mambaforge/envs/hte-ml/lib/python3.10/multiprocessing/queues.py:122: UserWarning: pkg_resources is deprecated as an API. See https://setuptools.pypa.io/en/latest/pkg_resources.html. The pkg_resources package is slated for removal as early as 2025-11-30. Refrain from using this package or pin to Setuptools<81.
  return _ForkingPickler.loads(res)
/home/passos/mambaforge/envs/hte-ml/lib/python3.10/multiprocessing/queues.py:122: UserWarning: pkg_resources is deprecated as an API. See https://setuptools.pypa.io/en/latest/pkg_resources.html. The pkg_resources package is slated for removal as early as 2025-11-30. Refrain from using this package or pin to Setuptools<81.
  return _ForkingPickler.loads(res)
/home/passos/mambaforge/envs/hte-ml/lib/python3.10/multiprocessing/queues.py:122: UserWarning: pkg_resources is deprecated as an API. See https://setuptools.pypa.io/en/latest/pkg_resources.html. The pkg_resources package is slated for removal as early as 2025-11-30. Refrain from using this package or pin to Setuptools<81.
  return _ForkingPickler.loads(res)
/home/passos/mambaforge/envs/hte-ml/lib/python3.10/multiprocessing/queues.py:122: UserWarning: pkg_resources is deprecated as an API. See https://setuptools.pypa.io/en/latest/pkg_resources.html. The pkg_resources package is slated for removal as early as 2025-11-30. Refrain from using this package or pin to Setuptools<81.
  return _ForkingPickler.loads(res)
/home/passos/mambaforge/envs/hte-ml/lib/python3.10/multiprocessing/queues.py:122: UserWarning: pkg_resources is deprecated as an API. See https://setuptools.pypa.io/en/latest/pkg_resources.html. The pkg_resources package is slated for removal as early as 2025-11-30. Refrain from using this package or pin to Setuptools<81.
  return _ForkingPickler.loads(res)
/home/passos/mambaforge/envs/hte-ml/lib/python3.10/multiprocessing/queues.py:122: UserWarning: pkg_resources is deprecated as an API. See https://setuptools.pypa.io/en/latest/pkg_resources.html. The pkg_resources package is slated for removal as early as 2025-11-30. Refrain from using this package or pin to Setuptools<81.
  return _ForkingPickler.loads(res)
/home/passos/mambaforge/envs/hte-ml/lib/python3.10/multiprocessing/queues.py:122: UserWarning: pkg_resources is deprecated as an API. See https://setuptools.pypa.io/en/latest/pkg_resources.html. The pkg_resources package is slated for removal as early as 2025-11-30. Refrain from using this package or pin to Setuptools<81.
  return _ForkingPickler.loads(res)
/home/passos/mambaforge/envs/hte-ml/lib/python3.10/multiprocessing/queues.py:122: UserWarning: pkg_resources is deprecated as an API. See https://setuptools.pypa.io/en/latest/pkg_resources.html. The pkg_resources package is slated for removal as early as 2025-11-30. Refrain from using this package or pin to Setuptools<81.
  return _ForkingPickler.loads(res)
/home/passos/mambaforge/envs/hte-ml/lib/python3.10/multiprocessing/queues.py:122: UserWarning: pkg_resources is deprecated as an API. See https://setuptools.pypa.io/en/latest/pkg_resources.html. The pkg_resources package is slated for removal as early as 2025-11-30. Refrain from using this package or pin to Setuptools<81.
  return _ForkingPickler.loads(res)
/home/passos/mambaforge/envs/hte-ml/lib/python3.10/multiprocessing/queues.py:122: UserWarning: pkg_resources is deprecated as an API. See https://setuptools.pypa.io/en/latest/pkg_resources.html. The pkg_resources package is slated for removal as early as 2025-11-30. Refrain from using this package or pin to Setuptools<81.
  return _ForkingPickler.loads(res)
/home/passos/mambaforge/envs/hte-ml/lib/python3.10/multiprocessing/queues.py:122: UserWarning: pkg_resources is deprecated as an API. See https://setuptools.pypa.io/en/latest/pkg_resources.html. The pkg_resources package is slated for removal as early as 2025-11-30. Refrain from using this package or pin to Setuptools<81.
  return _ForkingPickler.loads(res)
/home/passos/mambaforge/envs/hte-ml/lib/python3.10/multiprocessing/queues.py:122: UserWarning: pkg_resources is deprecated as an API. See https://setuptools.pypa.io/en/latest/pkg_resources.html. The pkg_resources package is slated for removal as early as 2025-11-30. Refrain from using this package or pin to Setuptools<81.
  return _ForkingPickler.loads(res)
/home/passos/mambaforge/envs/hte-ml/lib/python3.10/multiprocessing/queues.py:122: UserWarning: pkg_resources is deprecated as an API. See https://setuptools.pypa.io/en/latest/pkg_resources.html. The pkg_resources package is slated for removal as early as 2025-11-30. Refrain from using this package or pin to Setuptools<81.
  return _ForkingPickler.loads(res)
/home/passos/mambaforge/envs/hte-ml/lib/python3.10/multiprocessing/queues.py:122: UserWarning: pkg_resources is deprecated as an API. See https://setuptools.pypa.io/en/latest/pkg_resources.html. The pkg_resources package is slated for removal as early as 2025-11-30. Refrain from using this package or pin to Setuptools<81.
  return _ForkingPickler.loads(res)
Train-only SFS selected 16 features for regression
Running hyperparameter optimization for regression...
[I 2025-08-20 01:55:38,402] A new study created in memory with name: no-name-c84d55c7-09ad-41d6-ba40-5cf06891e2bc
[I 2025-08-20 01:55:38,752] Trial 0 finished with value: 0.6757705037781918 and parameters: {'model_type': 'lgbm', 'n_estimators': 107, 'max_depth': 3, 'learning_rate': 0.18440155019593218}. Best is trial 0 with value: 0.6757705037781918.
[I 2025-08-20 01:55:38,757] Trial 1 finished with value: 0.41729918817925693 and parameters: {'model_type': 'bayesian_ridge', 'alpha_1': 0.00016575018213767226, 'alpha_2': 8.17169014640031e-05, 'lambda_1': 0.0006676859574242114, 'lambda_2': 0.0003609676045579412}. Best is trial 0 with value: 0.6757705037781918.
[I 2025-08-20 01:55:39,563] Trial 2 finished with value: 0.7414469966515882 and parameters: {'model_type': 'xgb', 'n_estimators': 160, 'max_depth': 7, 'learning_rate': 0.1660552423901172}. Best is trial 2 with value: 0.7414469966515882.
[I 2025-08-20 01:55:42,343] Trial 3 finished with value: 0.6493889357580271 and parameters: {'model_type': 'cat', 'iterations': 391, 'depth': 10, 'learning_rate': 0.04339901911046444}. Best is trial 2 with value: 0.7414469966515882.
[I 2025-08-20 01:55:42,444] Trial 4 finished with value: 0.5004053270250792 and parameters: {'model_type': 'rf', 'n_estimators': 64, 'max_depth': 3, 'min_samples_split': 8}. Best is trial 2 with value: 0.7414469966515882.
[I 2025-08-20 01:55:47,295] Trial 5 finished with value: 0.7081217407538191 and parameters: {'model_type': 'cat', 'iterations': 336, 'depth': 7, 'learning_rate': 0.28379299809995806}. Best is trial 2 with value: 0.7414469966515882.
[I 2025-08-20 01:55:47,636] Trial 6 finished with value: 0.7326082291348694 and parameters: {'model_type': 'rf', 'n_estimators': 105, 'max_depth': 8, 'min_samples_split': 3}. Best is trial 2 with value: 0.7414469966515882.
[I 2025-08-20 01:55:47,639] Trial 7 finished with value: 0.41730123004809894 and parameters: {'model_type': 'bayesian_ridge', 'alpha_1': 0.0009207910380555548, 'alpha_2': 0.000705315330930354, 'lambda_1': 0.0005622028806538147, 'lambda_2': 0.0001527261558982289}. Best is trial 2 with value: 0.7414469966515882.
[I 2025-08-20 01:55:56,404] Trial 8 finished with value: 0.7298624171306433 and parameters: {'model_type': 'cat', 'iterations': 731, 'depth': 7, 'learning_rate': 0.18010037417832697}. Best is trial 2 with value: 0.7414469966515882.
[I 2025-08-20 01:55:56,593] Trial 9 finished with value: 0.6759286730835394 and parameters: {'model_type': 'lgbm', 'n_estimators': 168, 'max_depth': 6, 'learning_rate': 0.13223603238677073}. Best is trial 2 with value: 0.7414469966515882.
[I 2025-08-20 01:55:59,965] Trial 10 finished with value: 0.7291611346079375 and parameters: {'model_type': 'xgb', 'n_estimators': 200, 'max_depth': 10, 'learning_rate': 0.09125105863254737}. Best is trial 2 with value: 0.7414469966515882.
[I 2025-08-20 01:56:00,406] Trial 11 finished with value: 0.7447612005443329 and parameters: {'model_type': 'rf', 'n_estimators': 124, 'max_depth': 13, 'min_samples_split': 2}. Best is trial 11 with value: 0.7447612005443329.
[I 2025-08-20 01:56:00,638] Trial 12 finished with value: 0.693366617343831 and parameters: {'model_type': 'xgb', 'n_estimators': 143, 'max_depth': 10, 'learning_rate': 0.27064417235415833}. Best is trial 11 with value: 0.7447612005443329.
[I 2025-08-20 01:56:00,863] Trial 13 finished with value: 0.6840355384771457 and parameters: {'model_type': 'xgb', 'n_estimators': 148, 'max_depth': 6, 'learning_rate': 0.22610817952924456}. Best is trial 11 with value: 0.7447612005443329.
[I 2025-08-20 01:56:01,491] Trial 14 finished with value: 0.7424917740853574 and parameters: {'model_type': 'rf', 'n_estimators': 175, 'max_depth': 15, 'min_samples_split': 2}. Best is trial 11 with value: 0.7447612005443329.
[I 2025-08-20 01:56:02,194] Trial 15 finished with value: 0.7458315311086045 and parameters: {'model_type': 'rf', 'n_estimators': 197, 'max_depth': 15, 'min_samples_split': 2}. Best is trial 15 with value: 0.7458315311086045.
[I 2025-08-20 01:56:02,579] Trial 16 finished with value: 0.7424470443718385 and parameters: {'model_type': 'rf', 'n_estimators': 118, 'max_depth': 15, 'min_samples_split': 4}. Best is trial 15 with value: 0.7458315311086045.
[I 2025-08-20 01:56:02,806] Trial 17 finished with value: 0.7332123563251425 and parameters: {'model_type': 'rf', 'n_estimators': 71, 'max_depth': 13, 'min_samples_split': 5}. Best is trial 15 with value: 0.7458315311086045.
[I 2025-08-20 01:56:03,478] Trial 18 finished with value: 0.7448048064790083 and parameters: {'model_type': 'rf', 'n_estimators': 198, 'max_depth': 12, 'min_samples_split': 2}. Best is trial 15 with value: 0.7458315311086045.
[I 2025-08-20 01:56:04,068] Trial 19 finished with value: 0.7437750154422625 and parameters: {'model_type': 'rf', 'n_estimators': 199, 'max_depth': 12, 'min_samples_split': 7}. Best is trial 15 with value: 0.7458315311086045.
[I 2025-08-20 01:56:04,579] Trial 20 finished with value: 0.7366869214611943 and parameters: {'model_type': 'rf', 'n_estimators': 183, 'max_depth': 12, 'min_samples_split': 10}. Best is trial 15 with value: 0.7458315311086045.
[I 2025-08-20 01:56:05,056] Trial 21 finished with value: 0.7467223741036954 and parameters: {'model_type': 'rf', 'n_estimators': 136, 'max_depth': 13, 'min_samples_split': 2}. Best is trial 21 with value: 0.7467223741036954.
[I 2025-08-20 01:56:05,729] Trial 22 finished with value: 0.7464534462459829 and parameters: {'model_type': 'rf', 'n_estimators': 190, 'max_depth': 14, 'min_samples_split': 2}. Best is trial 21 with value: 0.7467223741036954.
[I 2025-08-20 01:56:06,018] Trial 23 finished with value: 0.7438544960809735 and parameters: {'model_type': 'rf', 'n_estimators': 87, 'max_depth': 15, 'min_samples_split': 4}. Best is trial 21 with value: 0.7467223741036954.
[I 2025-08-20 01:56:06,200] Trial 24 finished with value: 0.6163371456567359 and parameters: {'model_type': 'lgbm', 'n_estimators': 140, 'max_depth': 5, 'learning_rate': 0.011646145615572201}. Best is trial 21 with value: 0.7467223741036954.
[I 2025-08-20 01:56:06,211] Trial 25 finished with value: 0.41729317957257916 and parameters: {'model_type': 'bayesian_ridge', 'alpha_1': 1.5126539260920712e-05, 'alpha_2': 0.000908579178497211, 'lambda_1': 1.512064536833465e-05, 'lambda_2': 0.0009488545256136323}. Best is trial 21 with value: 0.7467223741036954.
[I 2025-08-20 01:56:06,854] Trial 26 finished with value: 0.7455865300462494 and parameters: {'model_type': 'rf', 'n_estimators': 187, 'max_depth': 14, 'min_samples_split': 3}. Best is trial 21 with value: 0.7467223741036954.
[I 2025-08-20 01:56:07,413] Trial 27 finished with value: 0.7424890840719114 and parameters: {'model_type': 'rf', 'n_estimators': 166, 'max_depth': 14, 'min_samples_split': 3}. Best is trial 21 with value: 0.7467223741036954.
[I 2025-08-20 01:56:07,876] Trial 28 finished with value: 0.7392377724228725 and parameters: {'model_type': 'rf', 'n_estimators': 154, 'max_depth': 11, 'min_samples_split': 5}. Best is trial 21 with value: 0.7467223741036954.
[I 2025-08-20 01:56:07,989] Trial 29 finished with value: 0.6945255381837221 and parameters: {'model_type': 'lgbm', 'n_estimators': 183, 'max_depth': 9, 'learning_rate': 0.09472764245720572}. Best is trial 21 with value: 0.7467223741036954.
[I 2025-08-20 01:56:08,473] Trial 30 finished with value: 0.7482504492395589 and parameters: {'model_type': 'rf', 'n_estimators': 134, 'max_depth': 14, 'min_samples_split': 2}. Best is trial 30 with value: 0.7482504492395589.
[I 2025-08-20 01:56:08,944] Trial 31 finished with value: 0.7482504492395589 and parameters: {'model_type': 'rf', 'n_estimators': 134, 'max_depth': 14, 'min_samples_split': 2}. Best is trial 30 with value: 0.7482504492395589.
[I 2025-08-20 01:56:09,392] Trial 32 finished with value: 0.7502052112431755 and parameters: {'model_type': 'rf', 'n_estimators': 134, 'max_depth': 13, 'min_samples_split': 3}. Best is trial 32 with value: 0.7502052112431755.
[I 2025-08-20 01:56:09,402] Trial 33 finished with value: 0.41729366548671376 and parameters: {'model_type': 'bayesian_ridge', 'alpha_1': 0.0009819964152857222, 'alpha_2': 0.00024393958118647057, 'lambda_1': 0.0009801867665419554, 'lambda_2': 0.0009267902029832982}. Best is trial 32 with value: 0.7502052112431755.
[I 2025-08-20 01:56:09,849] Trial 34 finished with value: 0.7502052112431755 and parameters: {'model_type': 'rf', 'n_estimators': 134, 'max_depth': 13, 'min_samples_split': 3}. Best is trial 32 with value: 0.7502052112431755.
[I 2025-08-20 01:56:14,193] Trial 35 finished with value: 0.7028788230518779 and parameters: {'model_type': 'cat', 'iterations': 793, 'depth': 4, 'learning_rate': 0.23607304591616657}. Best is trial 32 with value: 0.7502052112431755.
[I 2025-08-20 01:56:14,632] Trial 36 finished with value: 0.7450008696911831 and parameters: {'model_type': 'rf', 'n_estimators': 129, 'max_depth': 11, 'min_samples_split': 4}. Best is trial 32 with value: 0.7502052112431755.
[I 2025-08-20 01:56:15,038] Trial 37 finished with value: 0.749251066636401 and parameters: {'model_type': 'rf', 'n_estimators': 116, 'max_depth': 13, 'min_samples_split': 3}. Best is trial 32 with value: 0.7502052112431755.
[I 2025-08-20 01:56:16,840] Trial 38 finished with value: 0.6789142341773093 and parameters: {'model_type': 'cat', 'iterations': 213, 'depth': 4, 'learning_rate': 0.11296264074345969}. Best is trial 32 with value: 0.7502052112431755.
[I 2025-08-20 01:56:16,859] Trial 39 finished with value: 0.41729662722839045 and parameters: {'model_type': 'bayesian_ridge', 'alpha_1': 0.0005207799204118574, 'alpha_2': 0.00046234592786148114, 'lambda_1': 2.103560600813997e-05, 'lambda_2': 0.0006002399811601634}. Best is trial 32 with value: 0.7502052112431755.
[I 2025-08-20 01:56:17,030] Trial 40 finished with value: 0.7041937858539494 and parameters: {'model_type': 'lgbm', 'n_estimators': 108, 'max_depth': 9, 'learning_rate': 0.06868289959139963}. Best is trial 32 with value: 0.7502052112431755.
[I 2025-08-20 01:56:17,457] Trial 41 finished with value: 0.7506390807908456 and parameters: {'model_type': 'rf', 'n_estimators': 113, 'max_depth': 13, 'min_samples_split': 3}. Best is trial 41 with value: 0.7506390807908456.
[I 2025-08-20 01:56:17,832] Trial 42 finished with value: 0.7506390807908456 and parameters: {'model_type': 'rf', 'n_estimators': 113, 'max_depth': 13, 'min_samples_split': 3}. Best is trial 41 with value: 0.7506390807908456.
[I 2025-08-20 01:56:18,189] Trial 43 finished with value: 0.7460412698492034 and parameters: {'model_type': 'rf', 'n_estimators': 111, 'max_depth': 13, 'min_samples_split': 4}. Best is trial 41 with value: 0.7506390807908456.
[I 2025-08-20 01:56:18,492] Trial 44 finished with value: 0.7481798733543877 and parameters: {'model_type': 'rf', 'n_estimators': 95, 'max_depth': 11, 'min_samples_split': 3}. Best is trial 41 with value: 0.7506390807908456.
[I 2025-08-20 01:56:18,783] Trial 45 finished with value: 0.6141916977138646 and parameters: {'model_type': 'xgb', 'n_estimators': 120, 'max_depth': 3, 'learning_rate': 0.22547109651868344}. Best is trial 41 with value: 0.7506390807908456.
[I 2025-08-20 01:56:19,106] Trial 46 finished with value: 0.7446055360634882 and parameters: {'model_type': 'rf', 'n_estimators': 96, 'max_depth': 12, 'min_samples_split': 5}. Best is trial 41 with value: 0.7506390807908456.
[I 2025-08-20 01:56:38,405] Trial 47 finished with value: 0.752783683794235 and parameters: {'model_type': 'cat', 'iterations': 552, 'depth': 10, 'learning_rate': 0.13402935249136458}. Best is trial 47 with value: 0.752783683794235.
[I 2025-08-20 01:56:57,098] Trial 48 finished with value: 0.7381207526887912 and parameters: {'model_type': 'cat', 'iterations': 585, 'depth': 10, 'learning_rate': 0.1257065701765201}. Best is trial 47 with value: 0.752783683794235.
[I 2025-08-20 01:57:10,113] Trial 49 finished with value: 0.6931861964534215 and parameters: {'model_type': 'cat', 'iterations': 570, 'depth': 9, 'learning_rate': 0.20111482137409864}. Best is trial 47 with value: 0.752783683794235.
Regression Results:
  Train R²: 0.973
  Test R²: 0.753
  CV R²: 0.542 ± 0.251

=== Generating Visualizations ===
=== Evaluating CatBoost with Parity Plots ===
Model Performance:
  Train R²: 0.973, MAE: 0.102, RMSE: 0.151
  Test R²: 0.753, MAE: 0.345, RMSE: 0.437
Generating parity plots...
Parity plot saved as: plots/parity_plot_catboost_train_each_8_optuna_train.png
Parity plot saved as: plots/parity_plot_catboost_test_each_8_optuna_test.png
Parity analysis plot saved as: plots/parity_analysis_catboost_test_each_8_optuna_analysis.png
HTE prediction evaluation report saved to results/reports/hte_prediction_report_manual_8_each_8_optuna.txt

=== Comparing without reaction-energy features (HTE prediction) ===
=== Building HTE Prediction Models with 8 features ===
Selected features: ['amine_class_1_mixture', 'acyl_Charges_secondary_1', 'amine_BV_secondary_avg', 'amine_Charges_secondary_1', 'amine_pka_basic', 'acyl_class_aromatic', 'acyl_pka_aHs_x_has_acidic_H', 'acyl_BV_secondary_2']
Valid features: 9
=== Building Regression Model ===
Regression dataset: (1031, 9)
Target range: -1.418 to 4.010


Training data: 607 samples
Test data: 240 samples


Train-only SFS selected 8 features for regression
Running hyperparameter optimization for regression...
[I 2025-08-20 01:59:57,640] A new study created in memory with name: no-name-78f52c6c-5fff-4079-bd94-d5a4dc0f5d65
[I 2025-08-20 01:59:57,698] Trial 0 finished with value: 0.6781396560577146 and parameters: {'model_type': 'lgbm', 'n_estimators': 175, 'max_depth': 3, 'learning_rate': 0.1541506041942575}. Best is trial 0 with value: 0.6781396560577146.
[I 2025-08-20 01:59:59,737] Trial 1 finished with value: 0.6848013425253463 and parameters: {'model_type': 'cat', 'iterations': 314, 'depth': 5, 'learning_rate': 0.03565195175937305}. Best is trial 1 with value: 0.6848013425253463.
[I 2025-08-20 02:00:05,354] Trial 2 finished with value: 0.7067974280617644 and parameters: {'model_type': 'cat', 'iterations': 621, 'depth': 5, 'learning_rate': 0.11253724099266256}. Best is trial 2 with value: 0.7067974280617644.
[I 2025-08-20 02:00:06,007] Trial 3 finished with value: 0.6764461453513682 and parameters: {'model_type': 'xgb', 'n_estimators': 198, 'max_depth': 4, 'learning_rate': 0.2529838270728827}. Best is trial 2 with value: 0.7067974280617644.
[I 2025-08-20 02:00:06,201] Trial 4 finished with value: 0.699004154209605 and parameters: {'model_type': 'rf', 'n_estimators': 167, 'max_depth': 6, 'min_samples_split': 8}. Best is trial 2 with value: 0.7067974280617644.
[I 2025-08-20 02:00:08,602] Trial 5 finished with value: 0.6658294602800887 and parameters: {'model_type': 'cat', 'iterations': 346, 'depth': 8, 'learning_rate': 0.1444639679760382}. Best is trial 2 with value: 0.7067974280617644.
[I 2025-08-20 02:00:08,721] Trial 6 finished with value: 0.6805067629510817 and parameters: {'model_type': 'lgbm', 'n_estimators': 165, 'max_depth': 9, 'learning_rate': 0.14358265919992524}. Best is trial 2 with value: 0.7067974280617644.
[I 2025-08-20 02:00:08,898] Trial 7 finished with value: 0.7453427185178275 and parameters: {'model_type': 'rf', 'n_estimators': 129, 'max_depth': 8, 'min_samples_split': 6}. Best is trial 7 with value: 0.7453427185178275.
[I 2025-08-20 02:00:08,948] Trial 8 finished with value: 0.683191829204591 and parameters: {'model_type': 'lgbm', 'n_estimators': 114, 'max_depth': 5, 'learning_rate': 0.16355030359639056}. Best is trial 7 with value: 0.7453427185178275.
[I 2025-08-20 02:00:09,553] Trial 9 finished with value: 0.7406818464673457 and parameters: {'model_type': 'xgb', 'n_estimators': 94, 'max_depth': 7, 'learning_rate': 0.1984579989769017}. Best is trial 7 with value: 0.7453427185178275.
[I 2025-08-20 02:00:09,655] Trial 10 finished with value: 0.7682523959429577 and parameters: {'model_type': 'rf', 'n_estimators': 56, 'max_depth': 15, 'min_samples_split': 3}. Best is trial 10 with value: 0.7682523959429577.
[I 2025-08-20 02:00:09,779] Trial 11 finished with value: 0.7660655463323702 and parameters: {'model_type': 'rf', 'n_estimators': 66, 'max_depth': 15, 'min_samples_split': 2}. Best is trial 10 with value: 0.7682523959429577.
[I 2025-08-20 02:00:09,788] Trial 12 finished with value: 0.34503558875837903 and parameters: {'model_type': 'bayesian_ridge', 'alpha_1': 8.21402608026847e-05, 'alpha_2': 0.0008069349835118096, 'lambda_1': 7.982745076042116e-06, 'lambda_2': 0.0009828976752252975}. Best is trial 10 with value: 0.7682523959429577.
[I 2025-08-20 02:00:09,890] Trial 13 finished with value: 0.7690425354607799 and parameters: {'model_type': 'rf', 'n_estimators': 53, 'max_depth': 15, 'min_samples_split': 2}. Best is trial 13 with value: 0.7690425354607799.
[I 2025-08-20 02:00:09,990] Trial 14 finished with value: 0.7699866566222454 and parameters: {'model_type': 'rf', 'n_estimators': 52, 'max_depth': 15, 'min_samples_split': 2}. Best is trial 14 with value: 0.7699866566222454.
[I 2025-08-20 02:00:10,124] Trial 15 finished with value: 0.7654887390192844 and parameters: {'model_type': 'rf', 'n_estimators': 76, 'max_depth': 12, 'min_samples_split': 2}. Best is trial 14 with value: 0.7699866566222454.
[I 2025-08-20 02:00:10,133] Trial 16 finished with value: 0.3450049580597342 and parameters: {'model_type': 'bayesian_ridge', 'alpha_1': 0.0009985823841763865, 'alpha_2': 0.00018681356900958644, 'lambda_1': 0.0008562831149016878, 'lambda_2': 0.00010721560525125143}. Best is trial 14 with value: 0.7699866566222454.
[I 2025-08-20 02:00:10,272] Trial 17 finished with value: 0.7632106973057985 and parameters: {'model_type': 'rf', 'n_estimators': 87, 'max_depth': 12, 'min_samples_split': 5}. Best is trial 14 with value: 0.7699866566222454.
[I 2025-08-20 02:00:10,357] Trial 18 finished with value: 0.7815440124759577 and parameters: {'model_type': 'rf', 'n_estimators': 50, 'max_depth': 12, 'min_samples_split': 4}. Best is trial 18 with value: 0.7815440124759577.
[I 2025-08-20 02:00:10,540] Trial 19 finished with value: 0.7649789311284432 and parameters: {'model_type': 'rf', 'n_estimators': 116, 'max_depth': 11, 'min_samples_split': 4}. Best is trial 18 with value: 0.7815440124759577.
[I 2025-08-20 02:00:10,549] Trial 20 finished with value: 0.34502526326479377 and parameters: {'model_type': 'bayesian_ridge', 'alpha_1': 0.0006658136997495591, 'alpha_2': 2.4239665581461754e-05, 'lambda_1': 0.0002466701896968517, 'lambda_2': 0.0006828545627979032}. Best is trial 18 with value: 0.7815440124759577.
[I 2025-08-20 02:00:10,651] Trial 21 finished with value: 0.7662552997953476 and parameters: {'model_type': 'rf', 'n_estimators': 54, 'max_depth': 14, 'min_samples_split': 2}. Best is trial 18 with value: 0.7815440124759577.
[I 2025-08-20 02:00:10,738] Trial 22 finished with value: 0.7641149868174515 and parameters: {'model_type': 'rf', 'n_estimators': 50, 'max_depth': 13, 'min_samples_split': 4}. Best is trial 18 with value: 0.7815440124759577.
[I 2025-08-20 02:00:10,866] Trial 23 finished with value: 0.7693238577520873 and parameters: {'model_type': 'rf', 'n_estimators': 78, 'max_depth': 11, 'min_samples_split': 4}. Best is trial 18 with value: 0.7815440124759577.
[I 2025-08-20 02:00:10,983] Trial 24 finished with value: 0.7526149178371097 and parameters: {'model_type': 'rf', 'n_estimators': 80, 'max_depth': 10, 'min_samples_split': 10}. Best is trial 18 with value: 0.7815440124759577.
[I 2025-08-20 02:00:11,202] Trial 25 finished with value: 0.723563171350674 and parameters: {'model_type': 'xgb', 'n_estimators': 98, 'max_depth': 9, 'learning_rate': 0.29468959889005814}. Best is trial 18 with value: 0.7815440124759577.
[I 2025-08-20 02:00:11,320] Trial 26 finished with value: 0.7618870764784746 and parameters: {'model_type': 'rf', 'n_estimators': 70, 'max_depth': 13, 'min_samples_split': 4}. Best is trial 18 with value: 0.7815440124759577.
[I 2025-08-20 02:00:11,427] Trial 27 finished with value: 0.7649068999742277 and parameters: {'model_type': 'rf', 'n_estimators': 67, 'max_depth': 11, 'min_samples_split': 6}. Best is trial 18 with value: 0.7815440124759577.
[I 2025-08-20 02:00:11,590] Trial 28 finished with value: 0.7595668762130685 and parameters: {'model_type': 'rf', 'n_estimators': 101, 'max_depth': 13, 'min_samples_split': 5}. Best is trial 18 with value: 0.7815440124759577.
[I 2025-08-20 02:00:11,651] Trial 29 finished with value: 0.6776059766219037 and parameters: {'model_type': 'lgbm', 'n_estimators': 67, 'max_depth': 8, 'learning_rate': 0.03637027325219454}. Best is trial 18 with value: 0.7815440124759577.
[I 2025-08-20 02:00:11,999] Trial 30 finished with value: 0.7569529782860719 and parameters: {'model_type': 'xgb', 'n_estimators': 139, 'max_depth': 9, 'learning_rate': 0.06359104757796276}. Best is trial 18 with value: 0.7815440124759577.
[I 2025-08-20 02:00:12,094] Trial 31 finished with value: 0.7685830988643505 and parameters: {'model_type': 'rf', 'n_estimators': 50, 'max_depth': 15, 'min_samples_split': 3}. Best is trial 18 with value: 0.7815440124759577.
[I 2025-08-20 02:00:12,203] Trial 32 finished with value: 0.7708447250500834 and parameters: {'model_type': 'rf', 'n_estimators': 61, 'max_depth': 14, 'min_samples_split': 3}. Best is trial 18 with value: 0.7815440124759577.
[I 2025-08-20 02:00:24,729] Trial 33 finished with value: 0.6659198910557835 and parameters: {'model_type': 'cat', 'iterations': 734, 'depth': 10, 'learning_rate': 0.21502641957282242}. Best is trial 18 with value: 0.7815440124759577.
[I 2025-08-20 02:00:24,893] Trial 34 finished with value: 0.7712167109690082 and parameters: {'model_type': 'rf', 'n_estimators': 80, 'max_depth': 14, 'min_samples_split': 3}. Best is trial 18 with value: 0.7815440124759577.
[I 2025-08-20 02:00:31,392] Trial 35 finished with value: 0.7203055929369213 and parameters: {'model_type': 'cat', 'iterations': 496, 'depth': 10, 'learning_rate': 0.08953360426203515}. Best is trial 18 with value: 0.7815440124759577.
[I 2025-08-20 02:00:31,507] Trial 36 finished with value: 0.7703101018849404 and parameters: {'model_type': 'rf', 'n_estimators': 62, 'max_depth': 14, 'min_samples_split': 3}. Best is trial 18 with value: 0.7815440124759577.
[I 2025-08-20 02:00:31,563] Trial 37 finished with value: 0.43152760711124094 and parameters: {'model_type': 'lgbm', 'n_estimators': 61, 'max_depth': 6, 'learning_rate': 0.010759323050746505}. Best is trial 18 with value: 0.7815440124759577.
[I 2025-08-20 02:00:31,727] Trial 38 finished with value: 0.7749830473738464 and parameters: {'model_type': 'rf', 'n_estimators': 83, 'max_depth': 14, 'min_samples_split': 3}. Best is trial 18 with value: 0.7815440124759577.
[I 2025-08-20 02:00:34,122] Trial 39 finished with value: 0.7429409395480142 and parameters: {'model_type': 'cat', 'iterations': 214, 'depth': 7, 'learning_rate': 0.28578247882174873}. Best is trial 18 with value: 0.7815440124759577.
[I 2025-08-20 02:00:34,135] Trial 40 finished with value: 0.34500416589183114 and parameters: {'model_type': 'bayesian_ridge', 'alpha_1': 2.237037153313983e-05, 'alpha_2': 0.0009087954091197267, 'lambda_1': 0.0009583863805258021, 'lambda_2': 9.119774669227876e-05}. Best is trial 18 with value: 0.7815440124759577.
[I 2025-08-20 02:00:34,291] Trial 41 finished with value: 0.7688367793515708 and parameters: {'model_type': 'rf', 'n_estimators': 87, 'max_depth': 14, 'min_samples_split': 3}. Best is trial 18 with value: 0.7815440124759577.
[I 2025-08-20 02:00:34,424] Trial 42 finished with value: 0.7681389560911503 and parameters: {'model_type': 'rf', 'n_estimators': 74, 'max_depth': 14, 'min_samples_split': 3}. Best is trial 18 with value: 0.7815440124759577.
[I 2025-08-20 02:00:34,575] Trial 43 finished with value: 0.7598896863079142 and parameters: {'model_type': 'rf', 'n_estimators': 86, 'max_depth': 13, 'min_samples_split': 3}. Best is trial 18 with value: 0.7815440124759577.
[I 2025-08-20 02:00:34,680] Trial 44 finished with value: 0.7666795511151325 and parameters: {'model_type': 'rf', 'n_estimators': 63, 'max_depth': 14, 'min_samples_split': 5}. Best is trial 18 with value: 0.7815440124759577.
[I 2025-08-20 02:00:35,111] Trial 45 finished with value: 0.654727092169038 and parameters: {'model_type': 'xgb', 'n_estimators': 193, 'max_depth': 3, 'learning_rate': 0.2138160649992167}. Best is trial 18 with value: 0.7815440124759577.
[I 2025-08-20 02:00:35,219] Trial 46 finished with value: 0.7697134553035453 and parameters: {'model_type': 'rf', 'n_estimators': 61, 'max_depth': 12, 'min_samples_split': 3}. Best is trial 18 with value: 0.7815440124759577.
[I 2025-08-20 02:00:35,278] Trial 47 finished with value: 0.6419381711558378 and parameters: {'model_type': 'lgbm', 'n_estimators': 106, 'max_depth': 4, 'learning_rate': 0.2415557034488277}. Best is trial 18 with value: 0.7815440124759577.
[I 2025-08-20 02:00:35,565] Trial 48 finished with value: 0.762829082097497 and parameters: {'model_type': 'rf', 'n_estimators': 147, 'max_depth': 14, 'min_samples_split': 4}. Best is trial 18 with value: 0.7815440124759577.
[I 2025-08-20 02:00:35,716] Trial 49 finished with value: 0.763101346865805 and parameters: {'model_type': 'rf', 'n_estimators': 84, 'max_depth': 13, 'min_samples_split': 3}. Best is trial 18 with value: 0.7815440124759577.
Regression Results:
  Train R²: 0.960
  Test R²: 0.782
  CV R²: 0.491 ± 0.229
Saved comparison to results/rxn_feature_comparison_hte_each_8_optuna.json

==================================================
ANALYSIS COMPLETE
==================================================
Check the following directories for outputs:
  - plots/: Visualization files
  - results/: Data files and reports
  - models/: Trained model files
