=== ML Measurable HTE Rate Bias Analysis ===

==================================================
Running HTE Prediction Analysis: each with 8 features
==================================================

=== Loading Data ===
Number of HTE rates: 1031
Found 5 hydrogen-dependent features: ['num_Hs', 'BV_Hs_avg', 'Charges_Hs_avg', 'fukui_E_Hs_avg', 'fukui_N_Hs_avg']
Found 2 pKa-dependent features: ['pka_aHs', 'pka_lowest']
Found 26 heteroatom-dependent features: ['BV_main_1', 'Charges_main_atom', 'fukui_E_main_atom', 'fukui_N_main_atom', 'L_main_atom_1', 'L_main_atom_2', 'B1_main_atom_1', 'B1_main_atom_2', 'B5_main_atom_1', 'B5_main_atom_2', 'Charges_secondary_1', 'Charges_secondary_2', 'fukui_N_secondary_1', 'fukui_N_secondary_2', 'Charges_secondary_avg', 'fukui_N_secondary_avg', 'FCS_1', 'FREQS_1', 'FCS_2', 'FREQS_2', 'FCS_avg', 'FREQS_avg', 'BV_Hs_avg', 'Charges_Hs_avg', 'fukui_E_Hs_avg', 'fukui_N_Hs_avg']

Processing num_Hs conditional features...
  18/46 molecules meet condition num_Hs
    num_Hs: 0 -> 0 NA values
    BV_Hs_avg: 28 -> 0 NA values
    Charges_Hs_avg: 28 -> 0 NA values
    fukui_E_Hs_avg: 28 -> 0 NA values
    fukui_N_Hs_avg: 28 -> 0 NA values

Processing pKa_features conditional features...
  18/46 molecules meet condition pKa_features
    Processing pKa feature pka_aHs with special handling...
      Created indicator: has_acidic_H_for_pka_aHs
      Created interaction: pka_aHs_x_has_acidic_H
      Used 50.0 for molecules without acidic H
    pka_aHs: 28 -> 0 NA values
    Processing pKa feature pka_lowest with special handling...
      Created indicator: has_acidic_H_for_pka_lowest
      Created interaction: pka_lowest_x_has_acidic_H
      Used 50.0 for molecules without acidic H
    pka_lowest: 38 -> 0 NA values

Handling remaining NA values...

Encoding categorical features...
  Removed identifier feature: name
  Found categorical feature class with 4 unique values: ['aromatic' 'hetero' 'aliphatic' 'mixture']
    One-hot encoded class -> 4 features: ['class_aliphatic', 'class_aromatic', 'class_hetero', 'class_mixture']
  Removed identifier feature: smiles
  Processed 1 categorical features
  Removed 2 identifier features: ['name', 'smiles']

Creating feature quality indicators...
  Added indicator: has_num_Hs
  Added indicator: has_pKa_features
Preprocessing complete. Shape: (46, 65)
Remaining NA values: 0
Found 1 pKa-dependent features: ['pka_basic']
Warning: num_Hs column not found, cannot properly handle pKa features
Found 15 heteroatom-dependent features: ['BV_main_1', 'Charges_main_atom', 'fukui_E_main_atom', 'fukui_N_main_atom', 'L_main_atom_1', 'B1_main_atom_1', 'B5_main_atom_1', 'Charges_secondary_1', 'fukui_N_secondary_1', 'Charges_secondary_avg', 'fukui_N_secondary_avg', 'FCS_1', 'FREQS_1', 'FCS_avg', 'FREQS_avg']

Handling remaining NA values...
  pka_basic: Filled 1 NA values with median/zero
  smiles: Filled 1 NA values with mode/unknown
  class: Filled 1 NA values with mode/unknown

Encoding categorical features...
  Removed identifier feature: name
  Removed identifier feature: smiles
  Found categorical feature class with 5 unique values: ['1_aliphatic' '1_aromatic' '2_aliphatic' '1_mixture' '2_mixture']
    One-hot encoded class -> 5 features: ['class_1_aliphatic', 'class_1_aromatic', 'class_1_mixture', 'class_2_aliphatic', 'class_2_mixture']
  Processed 1 categorical features
  Removed 2 identifier features: ['name', 'smiles']

Creating feature quality indicators...
Preprocessing complete. Shape: (55, 40)
Remaining NA values: 0
Loaded reaction energy features: 1488 rows, 8 features

=== Selecting Features (selected) ===
Final selected features (8): ['acyl_BV_secondary_2', 'amine_BV_secondary_avg', 'amine_class_1_mixture', 'acyl_Charges_secondary_1', 'amine_Charges_secondary_1', 'acyl_class_aromatic', 'amine_pka_basic', 'acyl_pka_aHs_x_has_acidic_H']
=== Building HTE Prediction Models with 8 features ===
Selected features: ['acyl_BV_secondary_2', 'amine_BV_secondary_avg', 'amine_class_1_mixture', 'acyl_Charges_secondary_1', 'amine_Charges_secondary_1', 'acyl_class_aromatic', 'amine_pka_basic', 'acyl_pka_aHs_x_has_acidic_H']
Valid features: 17
=== Building Regression Model ===
Regression dataset: (1031, 17)
Target range: -1.418 to 4.010


Training data: 619 samples
Test data: 206 samples


Train-only SFS selected 16 features for regression
Running hyperparameter optimization for regression...
[I 2025-08-20 03:33:28,821] A new study created in memory with name: no-name-e973485f-eb35-47b4-b61f-7e757847bb42
[I 2025-08-20 03:33:28,912] Trial 0 finished with value: 0.5465324265430733 and parameters: {'model_type': 'bayesian_ridge', 'alpha_1': 0.0008794163908305966, 'alpha_2': 0.0006717308737003578, 'lambda_1': 0.0005815961389294426, 'lambda_2': 0.0008390471402733526}. Best is trial 0 with value: 0.5465324265430733.
[I 2025-08-20 03:33:29,758] Trial 1 finished with value: 0.7533339379106574 and parameters: {'model_type': 'xgb', 'n_estimators': 121, 'max_depth': 9, 'learning_rate': 0.12395046684168347}. Best is trial 1 with value: 0.7533339379106574.
[I 2025-08-20 03:33:33,859] Trial 2 finished with value: 0.7590566146679812 and parameters: {'model_type': 'cat', 'iterations': 572, 'depth': 6, 'learning_rate': 0.21767616865529296}. Best is trial 2 with value: 0.7590566146679812.
[I 2025-08-20 03:33:34,208] Trial 3 finished with value: 0.6872890650019469 and parameters: {'model_type': 'lgbm', 'n_estimators': 50, 'max_depth': 9, 'learning_rate': 0.02834052833729736}. Best is trial 2 with value: 0.7590566146679812.
[I 2025-08-20 03:33:47,423] Trial 4 finished with value: 0.7630359804294911 and parameters: {'model_type': 'cat', 'iterations': 577, 'depth': 4, 'learning_rate': 0.23093357869777628}. Best is trial 4 with value: 0.7630359804294911.
[I 2025-08-20 03:33:53,084] Trial 5 finished with value: 0.7631306676762807 and parameters: {'model_type': 'cat', 'iterations': 409, 'depth': 7, 'learning_rate': 0.27752619891490166}. Best is trial 5 with value: 0.7631306676762807.
[I 2025-08-20 03:33:55,898] Trial 6 finished with value: 0.7938540011062827 and parameters: {'model_type': 'xgb', 'n_estimators': 118, 'max_depth': 3, 'learning_rate': 0.16716979227192566}. Best is trial 6 with value: 0.7938540011062827.
[I 2025-08-20 03:33:55,902] Trial 7 finished with value: 0.5465326824591458 and parameters: {'model_type': 'bayesian_ridge', 'alpha_1': 0.0008844553019868733, 'alpha_2': 0.0005137800317980862, 'lambda_1': 0.0005156726824432873, 'lambda_2': 0.0007768205085259672}. Best is trial 6 with value: 0.7938540011062827.
[I 2025-08-20 03:33:58,981] Trial 8 finished with value: 0.7610953521435954 and parameters: {'model_type': 'xgb', 'n_estimators': 80, 'max_depth': 7, 'learning_rate': 0.06366939255080462}. Best is trial 6 with value: 0.7938540011062827.
[I 2025-08-20 03:33:59,545] Trial 9 finished with value: 0.7563998241208763 and parameters: {'model_type': 'rf', 'n_estimators': 196, 'max_depth': 10, 'min_samples_split': 10}. Best is trial 6 with value: 0.7938540011062827.
[I 2025-08-20 03:34:04,454] Trial 10 finished with value: 0.7902563764894837 and parameters: {'model_type': 'xgb', 'n_estimators': 155, 'max_depth': 3, 'learning_rate': 0.15244251075843485}. Best is trial 6 with value: 0.7938540011062827.
[I 2025-08-20 03:34:04,769] Trial 11 finished with value: 0.7895474297488059 and parameters: {'model_type': 'xgb', 'n_estimators': 155, 'max_depth': 3, 'learning_rate': 0.15888066845548623}. Best is trial 6 with value: 0.7938540011062827.
[I 2025-08-20 03:34:05,044] Trial 12 finished with value: 0.7830084696239838 and parameters: {'model_type': 'xgb', 'n_estimators': 134, 'max_depth': 3, 'learning_rate': 0.14388900363057183}. Best is trial 6 with value: 0.7938540011062827.
[I 2025-08-20 03:34:06,696] Trial 13 finished with value: 0.8030623837409185 and parameters: {'model_type': 'xgb', 'n_estimators': 155, 'max_depth': 5, 'learning_rate': 0.1881690287576778}. Best is trial 13 with value: 0.8030623837409185.
[I 2025-08-20 03:34:07,094] Trial 14 finished with value: 0.7669497895184667 and parameters: {'model_type': 'rf', 'n_estimators': 108, 'max_depth': 14, 'min_samples_split': 2}. Best is trial 13 with value: 0.8030623837409185.
[I 2025-08-20 03:34:07,244] Trial 15 finished with value: 0.7695373948180588 and parameters: {'model_type': 'lgbm', 'n_estimators': 186, 'max_depth': 6, 'learning_rate': 0.20320190709684555}. Best is trial 13 with value: 0.8030623837409185.
[I 2025-08-20 03:34:08,889] Trial 16 finished with value: 0.7931228981665372 and parameters: {'model_type': 'xgb', 'n_estimators': 157, 'max_depth': 5, 'learning_rate': 0.07839611292226675}. Best is trial 13 with value: 0.8030623837409185.
[I 2025-08-20 03:34:09,881] Trial 17 finished with value: 0.7962029944949436 and parameters: {'model_type': 'xgb', 'n_estimators': 94, 'max_depth': 5, 'learning_rate': 0.19162012447691143}. Best is trial 13 with value: 0.8030623837409185.
[I 2025-08-20 03:34:10,930] Trial 18 finished with value: 0.7712110561355627 and parameters: {'model_type': 'xgb', 'n_estimators': 93, 'max_depth': 5, 'learning_rate': 0.25289285740982537}. Best is trial 13 with value: 0.8030623837409185.
[I 2025-08-20 03:34:11,117] Trial 19 finished with value: 0.7324586917294397 and parameters: {'model_type': 'rf', 'n_estimators': 72, 'max_depth': 7, 'min_samples_split': 6}. Best is trial 13 with value: 0.8030623837409185.
[I 2025-08-20 03:34:11,127] Trial 20 finished with value: 0.5465358829237443 and parameters: {'model_type': 'bayesian_ridge', 'alpha_1': 6.192688337917544e-05, 'alpha_2': 2.4246160054504275e-05, 'lambda_1': 3.3431848270348114e-05, 'lambda_2': 1.4161894072879265e-05}. Best is trial 13 with value: 0.8030623837409185.
[I 2025-08-20 03:34:14,133] Trial 21 finished with value: 0.7964481269496332 and parameters: {'model_type': 'xgb', 'n_estimators': 138, 'max_depth': 5, 'learning_rate': 0.18739423639027322}. Best is trial 13 with value: 0.8030623837409185.
[I 2025-08-20 03:34:17,355] Trial 22 finished with value: 0.7875357699384575 and parameters: {'model_type': 'xgb', 'n_estimators': 137, 'max_depth': 5, 'learning_rate': 0.19266613227653306}. Best is trial 13 with value: 0.8030623837409185.
[I 2025-08-20 03:34:19,165] Trial 23 finished with value: 0.7760868374292307 and parameters: {'model_type': 'xgb', 'n_estimators': 175, 'max_depth': 4, 'learning_rate': 0.19089350853953077}. Best is trial 13 with value: 0.8030623837409185.
[I 2025-08-20 03:34:20,779] Trial 24 finished with value: 0.7760332068294922 and parameters: {'model_type': 'xgb', 'n_estimators': 105, 'max_depth': 6, 'learning_rate': 0.10464874693949591}. Best is trial 13 with value: 0.8030623837409185.
[I 2025-08-20 03:34:20,956] Trial 25 finished with value: 0.7870843497337991 and parameters: {'model_type': 'lgbm', 'n_estimators': 140, 'max_depth': 4, 'learning_rate': 0.2477970230270267}. Best is trial 13 with value: 0.8030623837409185.
[I 2025-08-20 03:34:23,022] Trial 26 finished with value: 0.7900561159681293 and parameters: {'model_type': 'xgb', 'n_estimators': 170, 'max_depth': 5, 'learning_rate': 0.18163591555177055}. Best is trial 13 with value: 0.8030623837409185.
[I 2025-08-20 03:34:23,328] Trial 27 finished with value: 0.7936960947879672 and parameters: {'model_type': 'xgb', 'n_estimators': 146, 'max_depth': 4, 'learning_rate': 0.29823775476999137}. Best is trial 13 with value: 0.8030623837409185.
[I 2025-08-20 03:34:23,882] Trial 28 finished with value: 0.7711710502014939 and parameters: {'model_type': 'xgb', 'n_estimators': 95, 'max_depth': 6, 'learning_rate': 0.2195779261368228}. Best is trial 13 with value: 0.8030623837409185.
[I 2025-08-20 03:34:23,900] Trial 29 finished with value: 0.5465352434427251 and parameters: {'model_type': 'bayesian_ridge', 'alpha_1': 3.248076762135026e-06, 'alpha_2': 0.0009713085805357119, 'lambda_1': 0.0009680593201053869, 'lambda_2': 0.00019257309393593702}. Best is trial 13 with value: 0.8030623837409185.
[I 2025-08-20 03:34:25,262] Trial 30 finished with value: 0.7668737546704874 and parameters: {'model_type': 'cat', 'iterations': 216, 'depth': 10, 'learning_rate': 0.12228175069647593}. Best is trial 13 with value: 0.8030623837409185.
[I 2025-08-20 03:34:25,932] Trial 31 finished with value: 0.7960712331309499 and parameters: {'model_type': 'xgb', 'n_estimators': 122, 'max_depth': 4, 'learning_rate': 0.16897605365685792}. Best is trial 13 with value: 0.8030623837409185.
[I 2025-08-20 03:34:26,688] Trial 32 finished with value: 0.7729463347124355 and parameters: {'model_type': 'xgb', 'n_estimators': 126, 'max_depth': 4, 'learning_rate': 0.18155899116625854}. Best is trial 13 with value: 0.8030623837409185.
[I 2025-08-20 03:34:27,457] Trial 33 finished with value: 0.7817791735242288 and parameters: {'model_type': 'xgb', 'n_estimators': 166, 'max_depth': 5, 'learning_rate': 0.17041134279653344}. Best is trial 13 with value: 0.8030623837409185.
[I 2025-08-20 03:34:28,785] Trial 34 finished with value: 0.7837706238794622 and parameters: {'model_type': 'xgb', 'n_estimators': 112, 'max_depth': 4, 'learning_rate': 0.1373581845503173}. Best is trial 13 with value: 0.8030623837409185.
[I 2025-08-20 03:34:30,646] Trial 35 finished with value: 0.7803719059229135 and parameters: {'model_type': 'lgbm', 'n_estimators': 127, 'max_depth': 6, 'learning_rate': 0.21001031866586886}. Best is trial 13 with value: 0.8030623837409185.
[I 2025-08-20 03:36:17,317] Trial 36 finished with value: 0.78168552299788 and parameters: {'model_type': 'cat', 'iterations': 770, 'depth': 10, 'learning_rate': 0.17419219060964075}. Best is trial 13 with value: 0.8030623837409185.
[I 2025-08-20 03:36:17,827] Trial 37 finished with value: 0.7933177188583647 and parameters: {'model_type': 'xgb', 'n_estimators': 94, 'max_depth': 5, 'learning_rate': 0.12898196333229908}. Best is trial 13 with value: 0.8030623837409185.
[I 2025-08-20 03:36:17,856] Trial 38 finished with value: 0.546534000278374 and parameters: {'model_type': 'bayesian_ridge', 'alpha_1': 0.0004588417171147881, 'alpha_2': 3.502320231309116e-05, 'lambda_1': 2.1285526920610724e-05, 'lambda_2': 0.0004530920410127044}. Best is trial 13 with value: 0.8030623837409185.
[I 2025-08-20 03:36:20,080] Trial 39 finished with value: 0.7745247523946064 and parameters: {'model_type': 'xgb', 'n_estimators': 145, 'max_depth': 7, 'learning_rate': 0.24500007476269484}. Best is trial 13 with value: 0.8030623837409185.
[I 2025-08-20 03:37:06,111] Trial 40 finished with value: 0.7557224962554261 and parameters: {'model_type': 'cat', 'iterations': 778, 'depth': 4, 'learning_rate': 0.20050682286987845}. Best is trial 13 with value: 0.8030623837409185.
[I 2025-08-20 03:37:06,996] Trial 41 finished with value: 0.7889503581055293 and parameters: {'model_type': 'xgb', 'n_estimators': 118, 'max_depth': 3, 'learning_rate': 0.1625539101346177}. Best is trial 13 with value: 0.8030623837409185.
[I 2025-08-20 03:37:07,716] Trial 42 finished with value: 0.7721564670663738 and parameters: {'model_type': 'xgb', 'n_estimators': 121, 'max_depth': 4, 'learning_rate': 0.22590609215641988}. Best is trial 13 with value: 0.8030623837409185.
[I 2025-08-20 03:37:08,169] Trial 43 finished with value: 0.7501054048610473 and parameters: {'model_type': 'rf', 'n_estimators': 130, 'max_depth': 9, 'min_samples_split': 10}. Best is trial 13 with value: 0.8030623837409185.
[I 2025-08-20 03:37:08,264] Trial 44 finished with value: 0.7661461487551294 and parameters: {'model_type': 'xgb', 'n_estimators': 73, 'max_depth': 3, 'learning_rate': 0.10740919890638514}. Best is trial 13 with value: 0.8030623837409185.
[I 2025-08-20 03:37:08,411] Trial 45 finished with value: 0.798061934278248 and parameters: {'model_type': 'xgb', 'n_estimators': 116, 'max_depth': 4, 'learning_rate': 0.15673396600108988}. Best is trial 13 with value: 0.8030623837409185.
[I 2025-08-20 03:37:08,600] Trial 46 finished with value: 0.8023338690450516 and parameters: {'model_type': 'xgb', 'n_estimators': 105, 'max_depth': 5, 'learning_rate': 0.1513124408003385}. Best is trial 13 with value: 0.8030623837409185.
[I 2025-08-20 03:37:08,773] Trial 47 finished with value: 0.7935236132418437 and parameters: {'model_type': 'xgb', 'n_estimators': 83, 'max_depth': 5, 'learning_rate': 0.14763725300039304}. Best is trial 13 with value: 0.8030623837409185.
[I 2025-08-20 03:37:14,345] Trial 48 finished with value: 0.7744078656122435 and parameters: {'model_type': 'lgbm', 'n_estimators': 54, 'max_depth': 6, 'learning_rate': 0.11917004463803531}. Best is trial 13 with value: 0.8030623837409185.
[I 2025-08-20 03:37:15,091] Trial 49 finished with value: 0.7893098335704531 and parameters: {'model_type': 'xgb', 'n_estimators': 101, 'max_depth': 5, 'learning_rate': 0.1932106720178802}. Best is trial 13 with value: 0.8030623837409185.
Regression Results:
  Train R²: 0.999
  Test R²: 0.803
  CV R²: 0.475 ± 0.178

=== Generating Visualizations ===
=== Evaluating XGBoost with Parity Plots ===
Model Performance:
  Train R²: 0.999, MAE: 0.024, RMSE: 0.033
  Test R²: 0.803, MAE: 0.297, RMSE: 0.384
Generating parity plots...
Parity plot saved as: plots/parity_plot_xgboost_train_each_8_optuna_train.png
Parity plot saved as: plots/parity_plot_xgboost_test_each_8_optuna_test.png
Parity analysis plot saved as: plots/parity_analysis_xgboost_test_each_8_optuna_analysis.png
Saved predictions to results/predictions_each_8_optuna.csv
Saved combined dataset to results/combined_df_each_8_optuna.csv
Models saved with suffix: _each_8_optuna
HTE prediction evaluation report saved to results/reports/hte_prediction_report_manual_8_each_8_optuna.txt

=== Comparing without reaction-energy features (HTE prediction) ===
=== Building HTE Prediction Models with 8 features ===
Selected features: ['acyl_BV_secondary_2', 'amine_BV_secondary_avg', 'amine_class_1_mixture', 'acyl_Charges_secondary_1', 'amine_Charges_secondary_1', 'acyl_class_aromatic', 'amine_pka_basic', 'acyl_pka_aHs_x_has_acidic_H']
Valid features: 9
=== Building Regression Model ===
Regression dataset: (1031, 9)
Target range: -1.418 to 4.010


Training data: 619 samples
Test data: 206 samples


Train-only SFS selected 8 features for regression
Running hyperparameter optimization for regression...
[I 2025-08-20 03:45:39,200] A new study created in memory with name: no-name-a108e3d2-73d6-48fb-8a53-568a16461be5
[I 2025-08-20 03:45:42,886] Trial 0 finished with value: 0.7808234521032407 and parameters: {'model_type': 'xgb', 'n_estimators': 153, 'max_depth': 9, 'learning_rate': 0.053305149931695155}. Best is trial 0 with value: 0.7808234521032407.
[I 2025-08-20 03:45:45,149] Trial 1 finished with value: 0.8139882336670501 and parameters: {'model_type': 'rf', 'n_estimators': 147, 'max_depth': 15, 'min_samples_split': 6}. Best is trial 1 with value: 0.8139882336670501.
[I 2025-08-20 03:46:38,217] Trial 2 finished with value: 0.8323890002902725 and parameters: {'model_type': 'cat', 'iterations': 766, 'depth': 7, 'learning_rate': 0.11763675853228603}. Best is trial 2 with value: 0.8323890002902725.
[I 2025-08-20 03:46:56,001] Trial 3 finished with value: 0.8272388492583991 and parameters: {'model_type': 'cat', 'iterations': 483, 'depth': 4, 'learning_rate': 0.1058801674087299}. Best is trial 2 with value: 0.8323890002902725.
[I 2025-08-20 03:47:00,567] Trial 4 finished with value: 0.7749145754850625 and parameters: {'model_type': 'xgb', 'n_estimators': 178, 'max_depth': 10, 'learning_rate': 0.10039968002635882}. Best is trial 2 with value: 0.8323890002902725.
[I 2025-08-20 03:47:00,735] Trial 5 finished with value: 0.8318257040830328 and parameters: {'model_type': 'xgb', 'n_estimators': 78, 'max_depth': 3, 'learning_rate': 0.29784233800335896}. Best is trial 2 with value: 0.8323890002902725.
[I 2025-08-20 03:48:14,172] Trial 6 finished with value: 0.8236275166010096 and parameters: {'model_type': 'cat', 'iterations': 648, 'depth': 9, 'learning_rate': 0.12210083042904328}. Best is trial 2 with value: 0.8323890002902725.
[I 2025-08-20 03:49:55,236] Trial 7 finished with value: 0.8249019017489867 and parameters: {'model_type': 'cat', 'iterations': 618, 'depth': 5, 'learning_rate': 0.14369265430678863}. Best is trial 2 with value: 0.8323890002902725.
[I 2025-08-20 03:50:00,563] Trial 8 finished with value: 0.8255397726584385 and parameters: {'model_type': 'lgbm', 'n_estimators': 178, 'max_depth': 3, 'learning_rate': 0.08825783202437117}. Best is trial 2 with value: 0.8323890002902725.
[I 2025-08-20 03:50:03,466] Trial 9 finished with value: 0.8135283800386175 and parameters: {'model_type': 'lgbm', 'n_estimators': 55, 'max_depth': 4, 'learning_rate': 0.11887276627099631}. Best is trial 2 with value: 0.8323890002902725.
[I 2025-08-20 03:50:03,644] Trial 10 finished with value: 0.4596385569134618 and parameters: {'model_type': 'bayesian_ridge', 'alpha_1': 0.00031990303039876105, 'alpha_2': 0.0002828202009765862, 'lambda_1': 6.401942325572876e-05, 'lambda_2': 0.0007276332402523588}. Best is trial 2 with value: 0.8323890002902725.
[I 2025-08-20 03:50:04,159] Trial 11 finished with value: 0.7950652203148687 and parameters: {'model_type': 'xgb', 'n_estimators': 77, 'max_depth': 5, 'learning_rate': 0.2659559680268494}. Best is trial 2 with value: 0.8323890002902725.
[I 2025-08-20 03:50:04,303] Trial 12 finished with value: 0.4596338030322602 and parameters: {'model_type': 'bayesian_ridge', 'alpha_1': 0.0008997926226262678, 'alpha_2': 0.000995579952101182, 'lambda_1': 0.0009866084459871638, 'lambda_2': 0.00017144477573057313}. Best is trial 2 with value: 0.8323890002902725.
[I 2025-08-20 03:50:06,323] Trial 13 finished with value: 0.7794514896656985 and parameters: {'model_type': 'rf', 'n_estimators': 102, 'max_depth': 7, 'min_samples_split': 2}. Best is trial 2 with value: 0.8323890002902725.
[I 2025-08-20 03:50:07,709] Trial 14 finished with value: 0.7939729981549526 and parameters: {'model_type': 'xgb', 'n_estimators': 103, 'max_depth': 6, 'learning_rate': 0.21957269160810783}. Best is trial 2 with value: 0.8323890002902725.
[I 2025-08-20 03:54:05,666] Trial 15 finished with value: 0.8161504016363343 and parameters: {'model_type': 'cat', 'iterations': 795, 'depth': 8, 'learning_rate': 0.19652350610549912}. Best is trial 2 with value: 0.8323890002902725.
[I 2025-08-20 03:54:07,122] Trial 16 finished with value: 0.4897742539288058 and parameters: {'model_type': 'xgb', 'n_estimators': 53, 'max_depth': 3, 'learning_rate': 0.018629807566430415}. Best is trial 2 with value: 0.8323890002902725.
[I 2025-08-20 03:54:18,812] Trial 17 finished with value: 0.8148614826492966 and parameters: {'model_type': 'cat', 'iterations': 223, 'depth': 6, 'learning_rate': 0.2896787075361056}. Best is trial 2 with value: 0.8323890002902725.
[I 2025-08-20 03:54:24,281] Trial 18 finished with value: 0.8273123900702634 and parameters: {'model_type': 'lgbm', 'n_estimators': 100, 'max_depth': 7, 'learning_rate': 0.1922178979883371}. Best is trial 2 with value: 0.8323890002902725.
[I 2025-08-20 03:54:25,368] Trial 19 finished with value: 0.8083595633472338 and parameters: {'model_type': 'rf', 'n_estimators': 132, 'max_depth': 13, 'min_samples_split': 9}. Best is trial 2 with value: 0.8323890002902725.
[I 2025-08-20 03:54:25,486] Trial 20 finished with value: 0.4596402273996062 and parameters: {'model_type': 'bayesian_ridge', 'alpha_1': 3.368653277021716e-05, 'alpha_2': 3.196747203593501e-05, 'lambda_1': 0.0006169138596908197, 'lambda_2': 0.0009672872622946492}. Best is trial 2 with value: 0.8323890002902725.
[I 2025-08-20 03:54:29,160] Trial 21 finished with value: 0.8253729092970385 and parameters: {'model_type': 'lgbm', 'n_estimators': 93, 'max_depth': 7, 'learning_rate': 0.18020169537147857}. Best is trial 2 with value: 0.8323890002902725.
[I 2025-08-20 03:54:33,831] Trial 22 finished with value: 0.8238541888705124 and parameters: {'model_type': 'lgbm', 'n_estimators': 79, 'max_depth': 8, 'learning_rate': 0.24092706397396196}. Best is trial 2 with value: 0.8323890002902725.
[I 2025-08-20 03:54:38,148] Trial 23 finished with value: 0.8357639042821999 and parameters: {'model_type': 'lgbm', 'n_estimators': 124, 'max_depth': 5, 'learning_rate': 0.17237034268436924}. Best is trial 23 with value: 0.8357639042821999.
[I 2025-08-20 03:54:45,413] Trial 24 finished with value: 0.811801293155457 and parameters: {'model_type': 'lgbm', 'n_estimators': 200, 'max_depth': 5, 'learning_rate': 0.2980285725792677}. Best is trial 23 with value: 0.8357639042821999.
[I 2025-08-20 03:54:46,969] Trial 25 finished with value: 0.8135027337258051 and parameters: {'model_type': 'xgb', 'n_estimators': 122, 'max_depth': 4, 'learning_rate': 0.15443713236430034}. Best is trial 23 with value: 0.8357639042821999.
[I 2025-08-20 03:55:30,559] Trial 26 finished with value: 0.8341402415817855 and parameters: {'model_type': 'cat', 'iterations': 799, 'depth': 10, 'learning_rate': 0.06823920341724699}. Best is trial 23 with value: 0.8357639042821999.
[I 2025-08-20 03:56:06,286] Trial 27 finished with value: 0.8266936152935201 and parameters: {'model_type': 'cat', 'iterations': 767, 'depth': 10, 'learning_rate': 0.0654963913522515}. Best is trial 23 with value: 0.8357639042821999.
[I 2025-08-20 03:56:33,163] Trial 28 finished with value: 0.814928561358824 and parameters: {'model_type': 'cat', 'iterations': 651, 'depth': 7, 'learning_rate': 0.07266183473850582}. Best is trial 23 with value: 0.8357639042821999.
[I 2025-08-20 03:56:49,896] Trial 29 finished with value: 0.8238692879211689 and parameters: {'model_type': 'cat', 'iterations': 428, 'depth': 7, 'learning_rate': 0.1374552463807895}. Best is trial 23 with value: 0.8357639042821999.
[I 2025-08-20 03:57:46,186] Trial 30 finished with value: 0.8247477302192993 and parameters: {'model_type': 'cat', 'iterations': 797, 'depth': 10, 'learning_rate': 0.03751683510807936}. Best is trial 23 with value: 0.8357639042821999.
[I 2025-08-20 03:57:47,524] Trial 31 finished with value: 0.8318948097146484 and parameters: {'model_type': 'xgb', 'n_estimators': 123, 'max_depth': 4, 'learning_rate': 0.1700560347159507}. Best is trial 23 with value: 0.8357639042821999.
[I 2025-08-20 03:57:47,989] Trial 32 finished with value: 0.8113552119248618 and parameters: {'model_type': 'rf', 'n_estimators': 121, 'max_depth': 10, 'min_samples_split': 2}. Best is trial 23 with value: 0.8357639042821999.
[I 2025-08-20 03:58:22,550] Trial 33 finished with value: 0.8190426155387255 and parameters: {'model_type': 'cat', 'iterations': 693, 'depth': 8, 'learning_rate': 0.16879629556898892}. Best is trial 23 with value: 0.8357639042821999.
[I 2025-08-20 03:58:26,140] Trial 34 finished with value: 0.8021473411048612 and parameters: {'model_type': 'xgb', 'n_estimators': 138, 'max_depth': 5, 'learning_rate': 0.20980975200622198}. Best is trial 23 with value: 0.8357639042821999.
[I 2025-08-20 03:58:28,968] Trial 35 finished with value: 0.8428334386508267 and parameters: {'model_type': 'lgbm', 'n_estimators': 169, 'max_depth': 4, 'learning_rate': 0.16666827858232655}. Best is trial 35 with value: 0.8428334386508267.
[I 2025-08-20 03:58:32,312] Trial 36 finished with value: 0.8385971588961498 and parameters: {'model_type': 'lgbm', 'n_estimators': 165, 'max_depth': 6, 'learning_rate': 0.13897764461025347}. Best is trial 35 with value: 0.8428334386508267.
[I 2025-08-20 03:58:36,162] Trial 37 finished with value: 0.8296573432455947 and parameters: {'model_type': 'lgbm', 'n_estimators': 168, 'max_depth': 6, 'learning_rate': 0.23170988310392537}. Best is trial 35 with value: 0.8428334386508267.
[I 2025-08-20 03:58:39,121] Trial 38 finished with value: 0.8444250692020536 and parameters: {'model_type': 'lgbm', 'n_estimators': 164, 'max_depth': 5, 'learning_rate': 0.13848918673802224}. Best is trial 38 with value: 0.8444250692020536.
[I 2025-08-20 03:58:42,366] Trial 39 finished with value: 0.8430935489756595 and parameters: {'model_type': 'lgbm', 'n_estimators': 162, 'max_depth': 5, 'learning_rate': 0.13850367758321397}. Best is trial 38 with value: 0.8444250692020536.
[I 2025-08-20 03:58:46,568] Trial 40 finished with value: 0.8268477085221274 and parameters: {'model_type': 'lgbm', 'n_estimators': 164, 'max_depth': 6, 'learning_rate': 0.13674279270605624}. Best is trial 38 with value: 0.8444250692020536.
[I 2025-08-20 03:58:49,491] Trial 41 finished with value: 0.8350779934358705 and parameters: {'model_type': 'lgbm', 'n_estimators': 194, 'max_depth': 5, 'learning_rate': 0.15865656573231504}. Best is trial 38 with value: 0.8444250692020536.
[I 2025-08-20 03:58:51,692] Trial 42 finished with value: 0.8311909997734267 and parameters: {'model_type': 'lgbm', 'n_estimators': 160, 'max_depth': 4, 'learning_rate': 0.13103282938893387}. Best is trial 38 with value: 0.8444250692020536.
[I 2025-08-20 03:58:54,813] Trial 43 finished with value: 0.8426805333559765 and parameters: {'model_type': 'lgbm', 'n_estimators': 177, 'max_depth': 5, 'learning_rate': 0.10292189681676227}. Best is trial 38 with value: 0.8444250692020536.
[I 2025-08-20 03:58:58,782] Trial 44 finished with value: 0.8427535057825578 and parameters: {'model_type': 'lgbm', 'n_estimators': 180, 'max_depth': 6, 'learning_rate': 0.10518024728315833}. Best is trial 38 with value: 0.8444250692020536.
[I 2025-08-20 03:59:02,114] Trial 45 finished with value: 0.835925046386101 and parameters: {'model_type': 'lgbm', 'n_estimators': 180, 'max_depth': 5, 'learning_rate': 0.09917295420423385}. Best is trial 38 with value: 0.8444250692020536.
[I 2025-08-20 03:59:04,340] Trial 46 finished with value: 0.8396498892476891 and parameters: {'model_type': 'lgbm', 'n_estimators': 189, 'max_depth': 4, 'learning_rate': 0.10797632765550862}. Best is trial 38 with value: 0.8444250692020536.
[I 2025-08-20 03:59:07,651] Trial 47 finished with value: 0.8286963583094051 and parameters: {'model_type': 'lgbm', 'n_estimators': 150, 'max_depth': 6, 'learning_rate': 0.08924346912286865}. Best is trial 38 with value: 0.8444250692020536.
[I 2025-08-20 03:59:11,605] Trial 48 finished with value: 0.833959530429064 and parameters: {'model_type': 'lgbm', 'n_estimators': 186, 'max_depth': 5, 'learning_rate': 0.11878947332382431}. Best is trial 38 with value: 0.8444250692020536.
[I 2025-08-20 03:59:14,277] Trial 49 finished with value: 0.8226419081669947 and parameters: {'model_type': 'lgbm', 'n_estimators': 172, 'max_depth': 4, 'learning_rate': 0.15431273957872585}. Best is trial 38 with value: 0.8444250692020536.
Regression Results:
  Train R²: 0.920
  Test R²: 0.844
  CV R²: 0.430 ± 0.151
Failed to save comparison file: Object of type ndarray is not JSON serializable

==================================================
ANALYSIS COMPLETE
==================================================
Check the following directories for outputs:
  - plots/: Visualization files
  - results/: Data files and reports
  - models/: Trained model files
