=== ML Measurable HTE Rate Bias Analysis ===

==================================================
Running HTE Prediction Analysis: each with 8 features
==================================================

=== Loading Data ===
Number of HTE rates: 1031
Found 5 hydrogen-dependent features: ['num_Hs', 'BV_Hs_avg', 'Charges_Hs_avg', 'fukui_E_Hs_avg', 'fukui_N_Hs_avg']
Found 2 pKa-dependent features: ['pka_aHs', 'pka_lowest']
Found 26 heteroatom-dependent features: ['BV_main_1', 'Charges_main_atom', 'fukui_E_main_atom', 'fukui_N_main_atom', 'L_main_atom_1', 'L_main_atom_2', 'B1_main_atom_1', 'B1_main_atom_2', 'B5_main_atom_1', 'B5_main_atom_2', 'Charges_secondary_1', 'Charges_secondary_2', 'fukui_N_secondary_1', 'fukui_N_secondary_2', 'Charges_secondary_avg', 'fukui_N_secondary_avg', 'FCS_1', 'FREQS_1', 'FCS_2', 'FREQS_2', 'FCS_avg', 'FREQS_avg', 'BV_Hs_avg', 'Charges_Hs_avg', 'fukui_E_Hs_avg', 'fukui_N_Hs_avg']

Processing num_Hs conditional features...
  18/46 molecules meet condition num_Hs
    num_Hs: 0 -> 0 NA values
    BV_Hs_avg: 28 -> 0 NA values
    Charges_Hs_avg: 28 -> 0 NA values
    fukui_E_Hs_avg: 28 -> 0 NA values
    fukui_N_Hs_avg: 28 -> 0 NA values

Processing pKa_features conditional features...
  18/46 molecules meet condition pKa_features
    Processing pKa feature pka_aHs with special handling...
      Created indicator: has_acidic_H_for_pka_aHs
      Created interaction: pka_aHs_x_has_acidic_H
      Used 50.0 for molecules without acidic H
    pka_aHs: 28 -> 0 NA values
    Processing pKa feature pka_lowest with special handling...
      Created indicator: has_acidic_H_for_pka_lowest
      Created interaction: pka_lowest_x_has_acidic_H
      Used 50.0 for molecules without acidic H
    pka_lowest: 38 -> 0 NA values

Handling remaining NA values...

Encoding categorical features...
  Removed identifier feature: name
  Found categorical feature class with 4 unique values: ['aromatic' 'hetero' 'aliphatic' 'mixture']
    One-hot encoded class -> 4 features: ['class_aliphatic', 'class_aromatic', 'class_hetero', 'class_mixture']
  Removed identifier feature: smiles
  Processed 1 categorical features
  Removed 2 identifier features: ['name', 'smiles']

Creating feature quality indicators...
  Added indicator: has_num_Hs
  Added indicator: has_pKa_features
Preprocessing complete. Shape: (46, 65)
Remaining NA values: 0
Found 1 pKa-dependent features: ['pka_basic']
Warning: num_Hs column not found, cannot properly handle pKa features
Found 15 heteroatom-dependent features: ['BV_main_1', 'Charges_main_atom', 'fukui_E_main_atom', 'fukui_N_main_atom', 'L_main_atom_1', 'B1_main_atom_1', 'B5_main_atom_1', 'Charges_secondary_1', 'fukui_N_secondary_1', 'Charges_secondary_avg', 'fukui_N_secondary_avg', 'FCS_1', 'FREQS_1', 'FCS_avg', 'FREQS_avg']

Handling remaining NA values...
  pka_basic: Filled 1 NA values with median/zero
  smiles: Filled 1 NA values with mode/unknown
  class: Filled 1 NA values with mode/unknown

Encoding categorical features...
  Removed identifier feature: name
  Removed identifier feature: smiles
  Found categorical feature class with 5 unique values: ['1_aliphatic' '1_aromatic' '2_aliphatic' '1_mixture' '2_mixture']
    One-hot encoded class -> 5 features: ['class_1_aliphatic', 'class_1_aromatic', 'class_1_mixture', 'class_2_aliphatic', 'class_2_mixture']
  Processed 1 categorical features
  Removed 2 identifier features: ['name', 'smiles']

Creating feature quality indicators...
Preprocessing complete. Shape: (55, 40)
Remaining NA values: 0
Loaded reaction energy features: 1488 rows, 8 features

=== Selecting Features (selected) ===
Final selected features (8): ['amine_BV_secondary_avg', 'amine_Charges_secondary_1', 'acyl_BV_secondary_2', 'acyl_Charges_secondary_1', 'amine_class_1_mixture', 'acyl_class_aromatic', 'acyl_pka_aHs_x_has_acidic_H', 'amine_pka_basic']
=== Building HTE Prediction Models with 8 features ===
Selected features: ['amine_BV_secondary_avg', 'amine_Charges_secondary_1', 'acyl_BV_secondary_2', 'acyl_Charges_secondary_1', 'amine_class_1_mixture', 'acyl_class_aromatic', 'acyl_pka_aHs_x_has_acidic_H', 'amine_pka_basic']
Valid features: 17
=== Building Regression Model ===
Regression dataset: (1031, 17)
Target range: -1.418 to 4.010


Training data: 628 samples
Test data: 259 samples


SFS (regression) failed, using provided features. Error: n_features_to_select must be < n_features.
Running hyperparameter optimization for regression...
[I 2025-08-20 00:13:35,465] A new study created in memory with name: no-name-0c319368-f74d-42c4-90d1-03b7f157bf61
[I 2025-08-20 00:13:36,364] Trial 0 finished with value: 0.738718855459787 and parameters: {'model_type': 'xgb', 'n_estimators': 199, 'max_depth': 8, 'learning_rate': 0.10133374386536387}. Best is trial 0 with value: 0.738718855459787.
[I 2025-08-20 00:13:36,676] Trial 1 finished with value: 0.7598205686042501 and parameters: {'model_type': 'xgb', 'n_estimators': 126, 'max_depth': 8, 'learning_rate': 0.07157051576866486}. Best is trial 1 with value: 0.7598205686042501.
[I 2025-08-20 00:13:36,994] Trial 2 finished with value: 0.7471338251342117 and parameters: {'model_type': 'xgb', 'n_estimators': 138, 'max_depth': 8, 'learning_rate': 0.2129514744738604}. Best is trial 1 with value: 0.7598205686042501.
[LightGBM] [Fatal] GPU Tree Learner was not enabled in this build.
Please recompile with CMake option -DUSE_GPU=1
[W 2025-08-20 00:13:37,034] Trial 3 failed with parameters: {'model_type': 'lgbm', 'n_estimators': 79, 'max_depth': 10, 'learning_rate': 0.10042107850487261} because of the following error: LightGBMError('GPU Tree Learner was not enabled in this build.\nPlease recompile with CMake option -DUSE_GPU=1').
Traceback (most recent call last):
  File "/home/passos/mambaforge/envs/hte-ml/lib/python3.10/site-packages/optuna/study/_optimize.py", line 201, in _run_trial
    value_or_values = func(trial)
  File "/home/passos/ml_measurable_hte_rates/src/model_building.py", line 742, in objective
    model.fit(X_train, y_train)
  File "/home/passos/mambaforge/envs/hte-ml/lib/python3.10/site-packages/lightgbm/sklearn.py", line 1398, in fit
    super().fit(
  File "/home/passos/mambaforge/envs/hte-ml/lib/python3.10/site-packages/lightgbm/sklearn.py", line 1049, in fit
    self._Booster = train(
  File "/home/passos/mambaforge/envs/hte-ml/lib/python3.10/site-packages/lightgbm/engine.py", line 297, in train
    booster = Booster(params=params, train_set=train_set)
  File "/home/passos/mambaforge/envs/hte-ml/lib/python3.10/site-packages/lightgbm/basic.py", line 3660, in __init__
    _safe_call(
  File "/home/passos/mambaforge/envs/hte-ml/lib/python3.10/site-packages/lightgbm/basic.py", line 313, in _safe_call
    raise LightGBMError(_LIB.LGBM_GetLastError().decode("utf-8"))
lightgbm.basic.LightGBMError: GPU Tree Learner was not enabled in this build.
Please recompile with CMake option -DUSE_GPU=1
[W 2025-08-20 00:13:37,035] Trial 3 failed with value None.
Traceback (most recent call last):
  File "/home/passos/ml_measurable_hte_rates/run_analysis.py", line 716, in <module>
    main() 
  File "/home/passos/ml_measurable_hte_rates/run_analysis.py", line 696, in main
    results = run_single_hte_prediction_analysis(config)
  File "/home/passos/ml_measurable_hte_rates/run_analysis.py", line 378, in run_single_hte_prediction_analysis
    model_results = build_hte_prediction_models(
  File "/home/passos/ml_measurable_hte_rates/src/model_building.py", line 624, in build_hte_prediction_models
    regressor, scaler_reg, reg_results = build_regression_model(
  File "/home/passos/ml_measurable_hte_rates/src/model_building.py", line 359, in build_regression_model
    best_model, best_model_name = optuna_regression_optimization(
  File "/home/passos/ml_measurable_hte_rates/src/model_building.py", line 747, in optuna_regression_optimization
    study.optimize(objective, n_trials=n_trials, show_progress_bar=False)
  File "/home/passos/mambaforge/envs/hte-ml/lib/python3.10/site-packages/optuna/study/study.py", line 489, in optimize
    _optimize(
  File "/home/passos/mambaforge/envs/hte-ml/lib/python3.10/site-packages/optuna/study/_optimize.py", line 64, in _optimize
    _optimize_sequential(
  File "/home/passos/mambaforge/envs/hte-ml/lib/python3.10/site-packages/optuna/study/_optimize.py", line 161, in _optimize_sequential
    frozen_trial = _run_trial(study, func, catch)
  File "/home/passos/mambaforge/envs/hte-ml/lib/python3.10/site-packages/optuna/study/_optimize.py", line 253, in _run_trial
    raise func_err
  File "/home/passos/mambaforge/envs/hte-ml/lib/python3.10/site-packages/optuna/study/_optimize.py", line 201, in _run_trial
    value_or_values = func(trial)
  File "/home/passos/ml_measurable_hte_rates/src/model_building.py", line 742, in objective
    model.fit(X_train, y_train)
  File "/home/passos/mambaforge/envs/hte-ml/lib/python3.10/site-packages/lightgbm/sklearn.py", line 1398, in fit
    super().fit(
  File "/home/passos/mambaforge/envs/hte-ml/lib/python3.10/site-packages/lightgbm/sklearn.py", line 1049, in fit
    self._Booster = train(
  File "/home/passos/mambaforge/envs/hte-ml/lib/python3.10/site-packages/lightgbm/engine.py", line 297, in train
    booster = Booster(params=params, train_set=train_set)
  File "/home/passos/mambaforge/envs/hte-ml/lib/python3.10/site-packages/lightgbm/basic.py", line 3660, in __init__
    _safe_call(
  File "/home/passos/mambaforge/envs/hte-ml/lib/python3.10/site-packages/lightgbm/basic.py", line 313, in _safe_call
    raise LightGBMError(_LIB.LGBM_GetLastError().decode("utf-8"))
lightgbm.basic.LightGBMError: GPU Tree Learner was not enabled in this build.
Please recompile with CMake option -DUSE_GPU=1
