=== ML Measurable HTE Rate Bias Analysis ===

==================================================
Running HTE Prediction Analysis: each with 8 features
==================================================

=== Loading Data ===
Number of HTE rates: 1031
Found 5 hydrogen-dependent features: ['num_Hs', 'BV_Hs_avg', 'Charges_Hs_avg', 'fukui_E_Hs_avg', 'fukui_N_Hs_avg']
Found 2 pKa-dependent features: ['pka_aHs', 'pka_lowest']
Found 26 heteroatom-dependent features: ['BV_main_1', 'Charges_main_atom', 'fukui_E_main_atom', 'fukui_N_main_atom', 'L_main_atom_1', 'L_main_atom_2', 'B1_main_atom_1', 'B1_main_atom_2', 'B5_main_atom_1', 'B5_main_atom_2', 'Charges_secondary_1', 'Charges_secondary_2', 'fukui_N_secondary_1', 'fukui_N_secondary_2', 'Charges_secondary_avg', 'fukui_N_secondary_avg', 'FCS_1', 'FREQS_1', 'FCS_2', 'FREQS_2', 'FCS_avg', 'FREQS_avg', 'BV_Hs_avg', 'Charges_Hs_avg', 'fukui_E_Hs_avg', 'fukui_N_Hs_avg']

Processing num_Hs conditional features...
  18/46 molecules meet condition num_Hs
    num_Hs: 0 -> 0 NA values
    BV_Hs_avg: 28 -> 0 NA values
    Charges_Hs_avg: 28 -> 0 NA values
    fukui_E_Hs_avg: 28 -> 0 NA values
    fukui_N_Hs_avg: 28 -> 0 NA values

Processing pKa_features conditional features...
  18/46 molecules meet condition pKa_features
    Processing pKa feature pka_aHs with special handling...
      Created indicator: has_acidic_H_for_pka_aHs
      Created interaction: pka_aHs_x_has_acidic_H
      Used 50.0 for molecules without acidic H
    pka_aHs: 28 -> 0 NA values
    Processing pKa feature pka_lowest with special handling...
      Created indicator: has_acidic_H_for_pka_lowest
      Created interaction: pka_lowest_x_has_acidic_H
      Used 50.0 for molecules without acidic H
    pka_lowest: 38 -> 0 NA values

Handling remaining NA values...

Encoding categorical features...
  Removed identifier feature: name
  Found categorical feature class with 4 unique values: ['aromatic' 'hetero' 'aliphatic' 'mixture']
    One-hot encoded class -> 4 features: ['class_aliphatic', 'class_aromatic', 'class_hetero', 'class_mixture']
  Removed identifier feature: smiles
  Processed 1 categorical features
  Removed 2 identifier features: ['name', 'smiles']

Creating feature quality indicators...
  Added indicator: has_num_Hs
  Added indicator: has_pKa_features
Preprocessing complete. Shape: (46, 65)
Remaining NA values: 0
Found 1 pKa-dependent features: ['pka_basic']
Warning: num_Hs column not found, cannot properly handle pKa features
Found 15 heteroatom-dependent features: ['BV_main_1', 'Charges_main_atom', 'fukui_E_main_atom', 'fukui_N_main_atom', 'L_main_atom_1', 'B1_main_atom_1', 'B5_main_atom_1', 'Charges_secondary_1', 'fukui_N_secondary_1', 'Charges_secondary_avg', 'fukui_N_secondary_avg', 'FCS_1', 'FREQS_1', 'FCS_avg', 'FREQS_avg']

Handling remaining NA values...
  pka_basic: Filled 1 NA values with median/zero
  smiles: Filled 1 NA values with mode/unknown
  class: Filled 1 NA values with mode/unknown

Encoding categorical features...
  Removed identifier feature: name
  Removed identifier feature: smiles
  Found categorical feature class with 5 unique values: ['1_aliphatic' '1_aromatic' '2_aliphatic' '1_mixture' '2_mixture']
    One-hot encoded class -> 5 features: ['class_1_aliphatic', 'class_1_aromatic', 'class_1_mixture', 'class_2_aliphatic', 'class_2_mixture']
  Processed 1 categorical features
  Removed 2 identifier features: ['name', 'smiles']

Creating feature quality indicators...
Preprocessing complete. Shape: (55, 40)
Remaining NA values: 0
Loaded reaction energy features: 1488 rows, 8 features

=== Selecting Features (selected) ===
Final selected features (8): ['acyl_Charges_secondary_1', 'acyl_class_aromatic', 'amine_BV_secondary_avg', 'amine_pka_basic', 'amine_Charges_secondary_1', 'amine_class_1_mixture', 'acyl_pka_aHs_x_has_acidic_H', 'acyl_BV_secondary_2']
=== Building HTE Prediction Models with 8 features ===
Selected features: ['acyl_Charges_secondary_1', 'acyl_class_aromatic', 'amine_BV_secondary_avg', 'amine_pka_basic', 'amine_Charges_secondary_1', 'amine_class_1_mixture', 'acyl_pka_aHs_x_has_acidic_H', 'acyl_BV_secondary_2']
Valid features: 17
=== Building Regression Model ===
Regression dataset: (1031, 17)
Target range: -1.418 to 4.010


Training data: 628 samples
Test data: 259 samples


SFS (regression) failed, using provided features. Error: n_features_to_select must be < n_features.
Running hyperparameter optimization for regression...
[I 2025-08-20 00:18:56,912] A new study created in memory with name: no-name-2bf5d585-d8da-407b-b145-5ecd25114be7
[I 2025-08-20 00:22:01,037] Trial 0 finished with value: 0.7364381038176944 and parameters: {'model_type': 'xgb', 'n_estimators': 51, 'max_depth': 6, 'learning_rate': 0.17970304524672537}. Best is trial 0 with value: 0.7364381038176944.
[I 2025-08-20 00:23:44,129] Trial 1 finished with value: 0.7466216396802383 and parameters: {'model_type': 'xgb', 'n_estimators': 52, 'max_depth': 3, 'learning_rate': 0.11626809274853273}. Best is trial 1 with value: 0.7466216396802383.
[I 2025-08-20 00:33:00,633] Trial 2 finished with value: 0.739275937749264 and parameters: {'model_type': 'lgbm', 'n_estimators': 151, 'max_depth': 6, 'learning_rate': 0.1617760805925346}. Best is trial 1 with value: 0.7466216396802383.
[I 2025-08-20 00:33:00,695] Trial 3 finished with value: 0.424068541595214 and parameters: {'model_type': 'bayesian_ridge', 'alpha_1': 0.0005837583064993456, 'alpha_2': 0.00045524089834387605, 'lambda_1': 0.0007000187077485681, 'lambda_2': 0.00021805463259966164}. Best is trial 1 with value: 0.7466216396802383.
[I 2025-08-20 00:33:00,697] Trial 4 finished with value: 0.42405463482286476 and parameters: {'model_type': 'bayesian_ridge', 'alpha_1': 0.00043908706271519654, 'alpha_2': 0.0002904771610875862, 'lambda_1': 0.0006896618296685297, 'lambda_2': 0.0006736165930571323}. Best is trial 1 with value: 0.7466216396802383.
[I 2025-08-20 00:33:00,700] Trial 5 finished with value: 0.4240639105413986 and parameters: {'model_type': 'bayesian_ridge', 'alpha_1': 0.0009674602504722626, 'alpha_2': 0.0008883036830045166, 'lambda_1': 0.0006984075959546617, 'lambda_2': 0.0003700091084583472}. Best is trial 1 with value: 0.7466216396802383.
[I 2025-08-20 00:33:01,269] Trial 6 finished with value: 0.715468451638755 and parameters: {'model_type': 'rf', 'n_estimators': 138, 'max_depth': 7, 'min_samples_split': 5}. Best is trial 1 with value: 0.7466216396802383.
[I 2025-08-20 00:33:01,274] Trial 7 finished with value: 0.4240560912359057 and parameters: {'model_type': 'bayesian_ridge', 'alpha_1': 0.0003445246978759485, 'alpha_2': 5.028593405206039e-05, 'lambda_1': 0.000692490193870836, 'lambda_2': 0.0006255245140033161}. Best is trial 1 with value: 0.7466216396802383.
[I 2025-08-20 00:33:01,788] Trial 8 finished with value: 0.742526186940762 and parameters: {'model_type': 'rf', 'n_estimators': 97, 'max_depth': 13, 'min_samples_split': 2}. Best is trial 1 with value: 0.7466216396802383.
[I 2025-08-20 00:40:06,512] Trial 9 finished with value: 0.7396450341486341 and parameters: {'model_type': 'xgb', 'n_estimators': 155, 'max_depth': 6, 'learning_rate': 0.028270191444582912}. Best is trial 1 with value: 0.7466216396802383.
[I 2025-08-20 00:41:21,920] Trial 10 finished with value: 0.7026003861033016 and parameters: {'model_type': 'xgb', 'n_estimators': 58, 'max_depth': 3, 'learning_rate': 0.2911644854326271}. Best is trial 1 with value: 0.7466216396802383.
[I 2025-08-20 00:41:22,480] Trial 11 finished with value: 0.739306224430587 and parameters: {'model_type': 'rf', 'n_estimators': 97, 'max_depth': 14, 'min_samples_split': 2}. Best is trial 1 with value: 0.7466216396802383.
[I 2025-08-20 00:41:22,855] Trial 12 finished with value: 0.7326767764325121 and parameters: {'model_type': 'rf', 'n_estimators': 94, 'max_depth': 13, 'min_samples_split': 10}. Best is trial 1 with value: 0.7466216396802383.
[I 2025-08-20 00:43:49,413] Trial 13 finished with value: 0.7058364602167706 and parameters: {'model_type': 'lgbm', 'n_estimators': 95, 'max_depth': 3, 'learning_rate': 0.05231283178059602}. Best is trial 1 with value: 0.7466216396802383.
[I 2025-08-20 00:43:50,470] Trial 14 finished with value: 0.7456087361388879 and parameters: {'model_type': 'rf', 'n_estimators': 193, 'max_depth': 11, 'min_samples_split': 2}. Best is trial 1 with value: 0.7466216396802383.
