2025-08-22T15:12:03 - INFO:chemprop.cli.main - Running in mode 'train' with args: {'smiles_columns': ['amine_smiles', 'acid_smiles'], 'reaction_columns': None, 'no_header_row': False, 'num_workers': 16, 'batch_size': 512, 'accelerator': 'gpu', 'devices': '1', 'rxn_mode': 'REAC_DIFF', 'multi_hot_atom_featurizer_mode': 'V2', 'keep_h': False, 'add_h': False, 'ignore_stereo': False, 'reorder_atoms': False, 'molecule_featurizers': None, 'descriptors_path': None, 'descriptors_columns': None, 'no_descriptor_scaling': False, 'no_atom_feature_scaling': False, 'no_atom_descriptor_scaling': False, 'no_bond_feature_scaling': False, 'no_bond_descriptor_scaling': False, 'atom_features_path': None, 'atom_descriptors_path': None, 'bond_features_path': None, 'bond_descriptors_path': None, 'constraints_path': None, 'constraints_to_targets': None, 'use_cuikmolmaker_featurization': False, 'config_path': None, 'data_path': PosixPath('/home/passos/ml_measurable_hte_rates/data/rates/corrected_hte_rates_each_8_optuna.csv'), 'output_dir': PosixPath('/home/passos/ml_measurable_hte_rates/runs/chemeleon_rates_dev3_lnk_long'), 'remove_checkpoints': False, 'checkpoint': None, 'freeze_encoder': False, 'model_frzn': None, 'frzn_ffn_layers': 0, 'from_foundation': 'CheMeleon', 'ensemble_size': 1, 'message_hidden_dim': 300, 'message_bias': False, 'depth': 3, 'undirected': False, 'dropout': 0.0, 'mpn_shared': False, 'aggregation': 'norm', 'aggregation_norm': 100, 'atom_messages': False, 'activation': 'RELU', 'activation_args': None, 'ffn_hidden_dim': 300, 'ffn_num_layers': 1, 'batch_norm': False, 'multiclass_num_classes': 3, 'atom_task_weights': None, 'atom_ffn_hidden_dim': 300, 'atom_ffn_num_layers': 1, 'atom_multiclass_num_classes': 3, 'bond_task_weights': None, 'bond_ffn_hidden_dim': 300, 'bond_ffn_num_layers': 1, 'bond_multiclass_num_classes': 3, 'atom_constrainer_ffn_hidden_dim': 300, 'atom_constrainer_ffn_num_layers': 1, 'bond_constrainer_ffn_hidden_dim': 300, 'bond_constrainer_ffn_num_layers': 1, 'weight_column': None, 'target_columns': ['HTE_lnk'], 'mol_target_columns': None, 'atom_target_columns': None, 'bond_target_columns': None, 'ignore_columns': None, 'no_cache': False, 'splits_column': None, 'task_type': 'regression', 'loss_function': None, 'v_kl': 0.0, 'eps': 1e-08, 'alpha': 0.1, 'metrics': None, 'tracking_metric': 'val_loss', 'show_individual_scores': False, 'task_weights': None, 'warmup_epochs': 5, 'init_lr': 0.0001, 'max_lr': 0.001, 'final_lr': 0.0001, 'epochs': 100, 'patience': 10, 'grad_clip': None, 'class_balance': False, 'split': 'RANDOM', 'split_sizes': [0.8, 0.1, 0.1], 'split_key_molecule': 0, 'num_replicates': 1, 'num_folds': None, 'save_smiles_splits': False, 'splits_file': None, 'data_seed': 0, 'pytorch_seed': None}
2025-08-22T15:12:03 - WARNING:chemprop.cli.train - The following arguments are ignored when making the message passing layer because it is initialized from a foundation model:
`--message-hidden-dim 300`
`--message-bias False`
`--depth 3`
`--undirected False`
`--dropout 0.0`
`--activation RELU`
`--aggregation norm`
`--aggregation-norm 100`
`--atom-messages False`
2025-08-22T15:12:03 - INFO:chemprop.cli.train - Pulling data from file: /home/passos/ml_measurable_hte_rates/data/rates/corrected_hte_rates_each_8_optuna.csv
2025-08-22T15:12:03 - WARNING:chemprop.data.splitting - The return type of make_split_indices has changed in v2.1 - see help(make_split_indices)
2025-08-22T15:12:03 - INFO:chemprop.cli.train - train/val/test split_0 sizes: [960, 120, 121]
2025-08-22T15:12:03 - INFO:chemprop.cli.train - 
      Summary of Training Data       
┏━━━━━━━━━━━━━━━━━┳━━━━━━━━━━━━━━━━━┓
┃       Statistic ┃ Value (HTE_lnk) ┃
┡━━━━━━━━━━━━━━━━━╇━━━━━━━━━━━━━━━━━┩
│     Num. smiles │             960 │
│    Num. targets │             960 │
│        Num. NaN │               0 │
│            Mean │            -inf │
│       Std. dev. │             nan │
│          Median │            1.47 │
│ % within 1 s.d. │              0% │
│ % within 2 s.d. │              0% │
└─────────────────┴─────────────────┘

2025-08-22T15:12:03 - INFO:chemprop.cli.train - 
     Summary of Validation Data      
┏━━━━━━━━━━━━━━━━━┳━━━━━━━━━━━━━━━━━┓
┃       Statistic ┃ Value (HTE_lnk) ┃
┡━━━━━━━━━━━━━━━━━╇━━━━━━━━━━━━━━━━━┩
│     Num. smiles │             120 │
│    Num. targets │             120 │
│        Num. NaN │               0 │
│            Mean │            -inf │
│       Std. dev. │             nan │
│          Median │            1.61 │
│ % within 1 s.d. │              0% │
│ % within 2 s.d. │              0% │
└─────────────────┴─────────────────┘

2025-08-22T15:12:03 - INFO:chemprop.cli.train - 
        Summary of Test Data         
┏━━━━━━━━━━━━━━━━━┳━━━━━━━━━━━━━━━━━┓
┃       Statistic ┃ Value (HTE_lnk) ┃
┡━━━━━━━━━━━━━━━━━╇━━━━━━━━━━━━━━━━━┩
│     Num. smiles │             121 │
│    Num. targets │             121 │
│        Num. NaN │               0 │
│            Mean │            -inf │
│       Std. dev. │             nan │
│          Median │            1.55 │
│ % within 1 s.d. │              0% │
│ % within 2 s.d. │              0% │
└─────────────────┴─────────────────┘

