2025-08-23T23:33:01 - INFO:chemprop.cli.main - Running in mode 'train' with args: {'smiles_columns': ['amine_smiles', 'acid_smiles'], 'reaction_columns': None, 'no_header_row': False, 'num_workers': 16, 'batch_size': 256, 'accelerator': 'gpu', 'devices': '2', 'rxn_mode': 'REAC_DIFF', 'multi_hot_atom_featurizer_mode': 'V2', 'keep_h': False, 'add_h': False, 'ignore_stereo': False, 'reorder_atoms': False, 'molecule_featurizers': None, 'descriptors_path': None, 'descriptors_columns': None, 'no_descriptor_scaling': False, 'no_atom_feature_scaling': False, 'no_atom_descriptor_scaling': False, 'no_bond_feature_scaling': False, 'no_bond_descriptor_scaling': False, 'atom_features_path': None, 'atom_descriptors_path': None, 'bond_features_path': None, 'bond_descriptors_path': None, 'constraints_path': None, 'constraints_to_targets': None, 'use_cuikmolmaker_featurization': False, 'config_path': None, 'data_path': PosixPath('/home/passos/ml_measurable_hte_rates/data/rates/corrected_hte_rates_each_8_optuna_finite_lnk.csv'), 'output_dir': PosixPath('/home/passos/ml_measurable_hte_rates/runs/chemeleon_lnk_bigffn_ens5_fixedsplits_ddp23_warm'), 'remove_checkpoints': False, 'checkpoint': [PosixPath('/home/passos/ml_measurable_hte_rates/runs/chemeleon_lnk_bigffn_ens5/model_0/best.pt'), PosixPath('/home/passos/ml_measurable_hte_rates/runs/chemeleon_lnk_bigffn_ens5/model_1/best.pt'), PosixPath('/home/passos/ml_measurable_hte_rates/runs/chemeleon_lnk_bigffn_ens5/model_2/best.pt'), PosixPath('/home/passos/ml_measurable_hte_rates/runs/chemeleon_lnk_bigffn_ens5/model_3/best.pt'), PosixPath('/home/passos/ml_measurable_hte_rates/runs/chemeleon_lnk_bigffn_ens5/model_4/best.pt')], 'freeze_encoder': False, 'model_frzn': None, 'frzn_ffn_layers': 0, 'from_foundation': None, 'ensemble_size': 5, 'message_hidden_dim': 300, 'message_bias': False, 'depth': 3, 'undirected': False, 'dropout': 0.2, 'mpn_shared': False, 'aggregation': 'norm', 'aggregation_norm': 100, 'atom_messages': False, 'activation': 'RELU', 'activation_args': None, 'ffn_hidden_dim': 1024, 'ffn_num_layers': 3, 'batch_norm': True, 'multiclass_num_classes': 3, 'atom_task_weights': None, 'atom_ffn_hidden_dim': 300, 'atom_ffn_num_layers': 1, 'atom_multiclass_num_classes': 3, 'bond_task_weights': None, 'bond_ffn_hidden_dim': 300, 'bond_ffn_num_layers': 1, 'bond_multiclass_num_classes': 3, 'atom_constrainer_ffn_hidden_dim': 300, 'atom_constrainer_ffn_num_layers': 1, 'bond_constrainer_ffn_hidden_dim': 300, 'bond_constrainer_ffn_num_layers': 1, 'weight_column': None, 'target_columns': ['HTE_lnk'], 'mol_target_columns': None, 'atom_target_columns': None, 'bond_target_columns': None, 'ignore_columns': None, 'no_cache': False, 'splits_column': None, 'task_type': 'regression', 'loss_function': None, 'v_kl': 0.0, 'eps': 1e-08, 'alpha': 0.1, 'metrics': ['r2', 'mae', 'rmse'], 'tracking_metric': 'val_loss', 'show_individual_scores': False, 'task_weights': None, 'warmup_epochs': 5, 'init_lr': 0.0001, 'max_lr': 0.001, 'final_lr': 0.0001, 'epochs': 100, 'patience': 10, 'grad_clip': None, 'class_balance': False, 'split': 'RANDOM', 'split_sizes': [0.8, 0.1, 0.1], 'split_key_molecule': 0, 'num_replicates': 1, 'num_folds': None, 'save_smiles_splits': False, 'splits_file': PosixPath('/home/passos/ml_measurable_hte_rates/data/rates/hte_splits_train_val_test.json'), 'data_seed': 0, 'pytorch_seed': None}
2025-08-23T23:33:01 - INFO:chemprop.cli.train - Pulling data from file: /home/passos/ml_measurable_hte_rates/data/rates/corrected_hte_rates_each_8_optuna_finite_lnk.csv
2025-08-23T23:33:01 - INFO:chemprop.cli.train - train/val/test split_0 sizes: [958, 67, 96]
2025-08-23T23:33:01 - INFO:chemprop.cli.train - 
      Summary of Training Data       
┏━━━━━━━━━━━━━━━━━┳━━━━━━━━━━━━━━━━━┓
┃       Statistic ┃ Value (HTE_lnk) ┃
┡━━━━━━━━━━━━━━━━━╇━━━━━━━━━━━━━━━━━┩
│     Num. smiles │             958 │
│    Num. targets │             958 │
│        Num. NaN │               0 │
│            Mean │            1.66 │
│       Std. dev. │           0.846 │
│          Median │            1.53 │
│ % within 1 s.d. │             62% │
│ % within 2 s.d. │             97% │
└─────────────────┴─────────────────┘

2025-08-23T23:33:01 - INFO:chemprop.cli.train - 
     Summary of Validation Data      
┏━━━━━━━━━━━━━━━━━┳━━━━━━━━━━━━━━━━━┓
┃       Statistic ┃ Value (HTE_lnk) ┃
┡━━━━━━━━━━━━━━━━━╇━━━━━━━━━━━━━━━━━┩
│     Num. smiles │              67 │
│    Num. targets │              67 │
│        Num. NaN │               0 │
│            Mean │             2.3 │
│       Std. dev. │           0.894 │
│          Median │            2.41 │
│ % within 1 s.d. │             58% │
│ % within 2 s.d. │            100% │
└─────────────────┴─────────────────┘

2025-08-23T23:33:01 - INFO:chemprop.cli.train - 
        Summary of Test Data         
┏━━━━━━━━━━━━━━━━━┳━━━━━━━━━━━━━━━━━┓
┃       Statistic ┃ Value (HTE_lnk) ┃
┡━━━━━━━━━━━━━━━━━╇━━━━━━━━━━━━━━━━━┩
│     Num. smiles │              96 │
│    Num. targets │              96 │
│        Num. NaN │               0 │
│            Mean │            1.88 │
│       Std. dev. │           0.786 │
│          Median │            1.72 │
│ % within 1 s.d. │             70% │
│ % within 2 s.d. │             94% │
└─────────────────┴─────────────────┘

2025-08-23T23:33:01 - WARNING:chemprop.cli.train - Multiple checkpoint files were loaded, but only the scalers from /home/passos/ml_measurable_hte_rates/runs/chemeleon_lnk_bigffn_ens5/model_0/best.pt are used. It is assumed that all models provided have the same data scalings, meaning they were trained on the same data.
