/home/passos/mambaforge/envs/gt4sd-hte/lib/python3.9/site-packages/accelerate/utils/torch_xla.py:18: UserWarning: pkg_resources is deprecated as an API. See https://setuptools.pypa.io/en/latest/pkg_resources.html. The pkg_resources package is slated for removal as early as 2025-11-30. Refrain from using this package or pin to Setuptools<81.
  import pkg_resources
Asking to truncate to max_length but no maximum length is provided and the model has no predefined maximum length. Default to no truncation.
=== RT Adapter v4 Training ===
BitFit enabled parameters: 14
LoRA injected linear layers: 2
Wrapped model with DataParallel on devices [0,1]
Traceback (most recent call last):
  File "/home/passos/ml_measurable_hte_rates/gt4sd_hte_integration/rt_adapter_train_v4.py", line 598, in <module>
    train_v4()
  File "/home/passos/ml_measurable_hte_rates/gt4sd_hte_integration/rt_adapter_train_v4.py", line 377, in train_v4
    outputs = model(input_ids=input_ids, attention_mask=attention_mask, output_hidden_states=True)
  File "/home/passos/mambaforge/envs/gt4sd-hte/lib/python3.9/site-packages/torch/nn/modules/module.py", line 1130, in _call_impl
    return forward_call(*input, **kwargs)
  File "/home/passos/mambaforge/envs/gt4sd-hte/lib/python3.9/site-packages/torch/nn/parallel/data_parallel.py", line 169, in forward
    return self.gather(outputs, self.output_device)
  File "/home/passos/mambaforge/envs/gt4sd-hte/lib/python3.9/site-packages/torch/nn/parallel/data_parallel.py", line 181, in gather
    return gather(outputs, output_device, dim=self.dim)
  File "/home/passos/mambaforge/envs/gt4sd-hte/lib/python3.9/site-packages/torch/nn/parallel/scatter_gather.py", line 78, in gather
    res = gather_map(outputs)
  File "/home/passos/mambaforge/envs/gt4sd-hte/lib/python3.9/site-packages/torch/nn/parallel/scatter_gather.py", line 69, in gather_map
    return type(out)((k, gather_map([d[k] for d in outputs]))
  File "<string>", line 8, in __init__
  File "/home/passos/mambaforge/envs/gt4sd-hte/lib/python3.9/site-packages/transformers/utils/generic.py", line 230, in __post_init__
    for idx, element in enumerate(iterator):
  File "/home/passos/mambaforge/envs/gt4sd-hte/lib/python3.9/site-packages/torch/nn/parallel/scatter_gather.py", line 69, in <genexpr>
    return type(out)((k, gather_map([d[k] for d in outputs]))
  File "/home/passos/mambaforge/envs/gt4sd-hte/lib/python3.9/site-packages/torch/nn/parallel/scatter_gather.py", line 73, in gather_map
    return type(out)(map(gather_map, zip(*outputs)))
  File "/home/passos/mambaforge/envs/gt4sd-hte/lib/python3.9/site-packages/torch/nn/parallel/scatter_gather.py", line 63, in gather_map
    return Gather.apply(target_device, dim, *outputs)
  File "/home/passos/mambaforge/envs/gt4sd-hte/lib/python3.9/site-packages/torch/nn/parallel/_functions.py", line 75, in forward
    return comm.gather(inputs, ctx.dim, ctx.target_device)
  File "/home/passos/mambaforge/envs/gt4sd-hte/lib/python3.9/site-packages/torch/nn/parallel/comm.py", line 235, in gather
    return torch._C._gather(tensors, dim, destination)
RuntimeError: Input tensor at index 1 has invalid shape [54, 1, 384], but expected [54, 2, 384]
